{
  "stats": {
    "suites": 2,
    "tests": 11,
    "passes": 11,
    "pending": 0,
    "failures": 0,
    "start": "2024-09-24T19:41:35.088Z",
    "end": "2024-09-24T19:41:35.192Z",
    "duration": 104,
    "testsRegistered": 11,
    "passPercent": 100,
    "pendingPercent": 0,
    "other": 0,
    "hasOther": false,
    "skipped": 0,
    "hasSkipped": false
  },
  "results": [
    {
      "uuid": "7c8ae150-7031-4936-a556-9fb26d5fd1d0",
      "title": "",
      "fullFile": "/home/runner/work/tgtg-ical/tgtg-ical/test/lib/parser.spec.ts",
      "file": "/test/lib/parser.spec.ts",
      "beforeHooks": [],
      "afterHooks": [],
      "tests": [],
      "suites": [
        {
          "uuid": "341d444d-03d5-43e7-a2be-dd8d6c358c88",
          "title": "Parser",
          "fullFile": "/home/runner/work/tgtg-ical/tgtg-ical/test/lib/parser.spec.ts",
          "file": "/test/lib/parser.spec.ts",
          "beforeHooks": [],
          "afterHooks": [],
          "tests": [],
          "suites": [
            {
              "uuid": "53d62b21-4049-4eed-b940-64089d2bba2a",
              "title": "parseMail",
              "fullFile": "/home/runner/work/tgtg-ical/tgtg-ical/test/lib/parser.spec.ts",
              "file": "/test/lib/parser.spec.ts",
              "beforeHooks": [],
              "afterHooks": [],
              "tests": [
                {
                  "title": "should parse order mails (2023)",
                  "fullTitle": "Parser parseMail should parse order mails (2023)",
                  "timedOut": false,
                  "duration": 42,
                  "state": "passed",
                  "speed": "medium",
                  "pass": true,
                  "fail": false,
                  "pending": false,
                  "context": null,
                  "code": "const mail=await readFile(fixtures+\"/order/de_2023.eml\",\"utf-8\");const result=await Parser.parseMail(mail);assert.ok(result);assert.strictEqual(result.type,\"order\");assert.strictEqual(result.orderId,\"rio3sec8wgb\");assert.deepStrictEqual(result.location,{name:\"Nordsee - Spandauer Stra\\xDFe\",address:\"Spandauer Str. 4, 10178 Berlin, Deutschland\"});assert.ok(result.time.from.isSame(moment.tz(\"2023-07-24T18:30:00.000\",\"Europe/Berlin\")));assert.ok(result.time.to.isSame(moment.tz(\"2023-07-24T19:00:00.000\",\"Europe/Berlin\")));assert.strictEqual(result.amount,2);assert.strictEqual(result.price,700)",
                  "err": {},
                  "uuid": "065ffb13-3ad8-41f7-9b30-68fa2a79b440",
                  "parentUUID": "53d62b21-4049-4eed-b940-64089d2bba2a",
                  "isHook": false,
                  "skipped": false
                },
                {
                  "title": "should parse order mails (2023 + HTML encoding)",
                  "fullTitle": "Parser parseMail should parse order mails (2023 + HTML encoding)",
                  "timedOut": false,
                  "duration": 9,
                  "state": "passed",
                  "speed": "fast",
                  "pass": true,
                  "fail": false,
                  "pending": false,
                  "context": null,
                  "code": "const mail=await readFile(fixtures+\"/order/de_2023_encoding.eml\",\"utf-8\");const result=await Parser.parseMail(mail);assert.ok(result);assert.strictEqual(result.type,\"order\");assert.strictEqual(result.orderId,\"kknd37xqvo3\");assert.deepStrictEqual(result.location,{name:\"Crunchy & Soft Bakery\",address:\"Alte Jakobstra\\xDFe 77, 10179 Berlin, Deutschland\"});assert.ok(result.time.from.isSame(moment.tz(\"2023-10-27T10:00:00.000\",\"Europe/Berlin\")));assert.ok(result.time.to.isSame(moment.tz(\"2023-10-27T11:00:00.000\",\"Europe/Berlin\")));assert.strictEqual(result.amount,1);assert.strictEqual(result.price,300)",
                  "err": {},
                  "uuid": "ec0854a0-e763-4216-882c-36687dc1368c",
                  "parentUUID": "53d62b21-4049-4eed-b940-64089d2bba2a",
                  "isHook": false,
                  "skipped": false
                },
                {
                  "title": "should parse order mails (2021)",
                  "fullTitle": "Parser parseMail should parse order mails (2021)",
                  "timedOut": false,
                  "duration": 7,
                  "state": "passed",
                  "speed": "fast",
                  "pass": true,
                  "fail": false,
                  "pending": false,
                  "context": null,
                  "code": "const mail=await readFile(fixtures+\"/order/de_2021.eml\",\"utf-8\");const result=await Parser.parseMail(mail);assert.ok(result);assert.strictEqual(result.type,\"order\");assert.strictEqual(result.orderId,\"dfaxqeu6f8d\");assert.deepStrictEqual(result.location,{name:\"Kamps Backstube - Checkpoint Charlie\",address:\"Friedrichstra\\xDFe 41, 10969 Berlin, Deutschland\"});const year=moment(result.time.order).year();assert.ok(result.time.from.isSame(moment.tz(year+\"-04-30T16:30:00.000\",\"Europe/Berlin\")));assert.ok(result.time.to.isSame(moment.tz(year+\"-04-30T17:00:00.000\",\"Europe/Berlin\")));assert.strictEqual(result.amount,1);assert.strictEqual(result.price,430)",
                  "err": {},
                  "uuid": "6a398dc8-ac63-496b-8174-d7e59cb739e9",
                  "parentUUID": "53d62b21-4049-4eed-b940-64089d2bba2a",
                  "isHook": false,
                  "skipped": false
                },
                {
                  "title": "should parse order mails (2020)",
                  "fullTitle": "Parser parseMail should parse order mails (2020)",
                  "timedOut": false,
                  "duration": 5,
                  "state": "passed",
                  "speed": "fast",
                  "pass": true,
                  "fail": false,
                  "pending": false,
                  "context": null,
                  "code": "const mail=await readFile(fixtures+\"/order/de_2020.eml\",\"utf-8\");const result=await Parser.parseMail(mail);assert.ok(result);assert.strictEqual(result.type,\"order\");assert.strictEqual(result.orderId,\"too38e9h7io\");assert.deepStrictEqual(result.location,{name:\"Rice On! - Berlin\",address:\"Europaplatz 1, 10557 Berlin, Deutschland\"});assert.ok(result.time.from.isSame(moment.tz(\"2020-07-29T18:30:00.000\",\"Europe/Berlin\")));assert.ok(result.time.to.isSame(moment.tz(\"2020-07-29T19:00:00.000\",\"Europe/Berlin\")));assert.strictEqual(result.amount,1);assert.strictEqual(result.price,400)",
                  "err": {},
                  "uuid": "f6afb625-7f8d-4739-a804-c49f8f99aa5e",
                  "parentUUID": "53d62b21-4049-4eed-b940-64089d2bba2a",
                  "isHook": false,
                  "skipped": false
                },
                {
                  "title": "should parse time changes (2023)",
                  "fullTitle": "Parser parseMail should parse time changes (2023)",
                  "timedOut": false,
                  "duration": 8,
                  "state": "passed",
                  "speed": "fast",
                  "pass": true,
                  "fail": false,
                  "pending": false,
                  "context": null,
                  "code": "const mail=await readFile(fixtures+\"/time-changed/de_2023.eml\",\"utf-8\");const result=await Parser.parseMail(mail);assert.ok(result);assert.strictEqual(result.type,\"change\");assert.strictEqual(result.orderId,\"ecqpn6ux8sd\");assert.ok(result.time.from.isSame(moment.tz(\"2023-06-28T18:20:00.000\",\"Europe/Berlin\")),`${result.time.from.toJSON()} === 2023-06-28T18:20:00.000`);assert.ok(result.time.to.isSame(moment.tz(\"2023-06-28T19:30:00.000\",\"Europe/Berlin\")),`${result.time.to.toJSON()} === 2023-06-28T19:30:00.000`)",
                  "err": {},
                  "uuid": "0e6557b6-ef7f-4e63-b413-ba56308ae68f",
                  "parentUUID": "53d62b21-4049-4eed-b940-64089d2bba2a",
                  "isHook": false,
                  "skipped": false
                },
                {
                  "title": "should parse time changes (2024)",
                  "fullTitle": "Parser parseMail should parse time changes (2024)",
                  "timedOut": false,
                  "duration": 5,
                  "state": "passed",
                  "speed": "fast",
                  "pass": true,
                  "fail": false,
                  "pending": false,
                  "context": null,
                  "code": "const mail=await readFile(fixtures+\"/time-changed/de_2024.eml\",\"utf-8\");const result=await Parser.parseMail(mail);assert.ok(result);assert.strictEqual(result.type,\"change\");assert.strictEqual(result.orderId,\"8grepd07bgz\");assert.ok(result.time.from.isSame(moment.tz(\"2024-01-10T15:30:00.000\",\"Europe/Berlin\")),`${result.time.from.toJSON()} === 2024-01-10T15:30:00.000`);assert.ok(result.time.to.isSame(moment.tz(\"2024-01-10T15:45:00.000\",\"Europe/Berlin\")),`${result.time.to.toJSON()} === 2024-01-10T15:45:00.000`)",
                  "err": {},
                  "uuid": "7800734f-8a30-433d-87c1-49142dad9f32",
                  "parentUUID": "53d62b21-4049-4eed-b940-64089d2bba2a",
                  "isHook": false,
                  "skipped": false
                },
                {
                  "title": "should detect invoice mails (2020)",
                  "fullTitle": "Parser parseMail should detect invoice mails (2020)",
                  "timedOut": false,
                  "duration": 4,
                  "state": "passed",
                  "speed": "fast",
                  "pass": true,
                  "fail": false,
                  "pending": false,
                  "context": null,
                  "code": "const mail=await readFile(fixtures+\"/invoice/de_2020.eml\",\"utf-8\");const result=await Parser.parseMail(mail);assert.ok(result);assert.strictEqual(result.type,\"invoice\");assert.strictEqual(result.to,\"**********@tgtg-ical.sebbo.net\");assert.strictEqual(result.orderId,\"too38e9h7io\");assert.ok(result.invoicedAt.isSame(moment(\"2020-07-29T18:17:44.000Z\")))",
                  "err": {},
                  "uuid": "4c3ff880-be47-4147-9478-16b7ae1f0c08",
                  "parentUUID": "53d62b21-4049-4eed-b940-64089d2bba2a",
                  "isHook": false,
                  "skipped": false
                },
                {
                  "title": "should detect invoice mails (2021)",
                  "fullTitle": "Parser parseMail should detect invoice mails (2021)",
                  "timedOut": false,
                  "duration": 4,
                  "state": "passed",
                  "speed": "fast",
                  "pass": true,
                  "fail": false,
                  "pending": false,
                  "context": null,
                  "code": "const mail=await readFile(fixtures+\"/invoice/de_2021.eml\",\"utf-8\");const result=await Parser.parseMail(mail);assert.ok(result);assert.strictEqual(result.type,\"invoice\");assert.strictEqual(result.to,\"**********@tgtg-ical.sebbo.net\");assert.strictEqual(result.orderId,\"dfaxqeu6f8d\");assert.ok(result.invoicedAt.isSame(moment(\"2021-04-30T15:22:55.000Z\")))",
                  "err": {},
                  "uuid": "b6a7c374-c81c-4ad6-bb96-53e54a379028",
                  "parentUUID": "53d62b21-4049-4eed-b940-64089d2bba2a",
                  "isHook": false,
                  "skipped": false
                },
                {
                  "title": "should detect invoice mails (2023)",
                  "fullTitle": "Parser parseMail should detect invoice mails (2023)",
                  "timedOut": false,
                  "duration": 6,
                  "state": "passed",
                  "speed": "fast",
                  "pass": true,
                  "fail": false,
                  "pending": false,
                  "context": null,
                  "code": "const mail=await readFile(fixtures+\"/invoice/de_2023.eml\",\"utf-8\");const result=await Parser.parseMail(mail);assert.ok(result);assert.strictEqual(result.type,\"invoice\");assert.strictEqual(result.to,\"**********@tgtg-ical.sebbo.net\");assert.strictEqual(result.orderId,\"rio3sec8wgb\");assert.ok(result.invoicedAt.isSame(moment(\"2023-07-24T17:29:16.000Z\")))",
                  "err": {},
                  "uuid": "875709e2-a84e-47c5-b2c2-68ab6611271f",
                  "parentUUID": "53d62b21-4049-4eed-b940-64089d2bba2a",
                  "isHook": false,
                  "skipped": false
                },
                {
                  "title": "should detect cancellation mails (1)",
                  "fullTitle": "Parser parseMail should detect cancellation mails (1)",
                  "timedOut": false,
                  "duration": 3,
                  "state": "passed",
                  "speed": "fast",
                  "pass": true,
                  "fail": false,
                  "pending": false,
                  "context": null,
                  "code": "const mail=await readFile(fixtures+\"/cancellation/de_1.eml\",\"utf-8\");const result=await Parser.parseMail(mail);assert.ok(result);assert.strictEqual(result.type,\"cancel\");assert.strictEqual(result.to,\"**********@tgtg-ical.sebbo.net\");assert.strictEqual(result.orderId,\"gd3sypjntuz\");assert.ok(result.cancelledAt.isSame(moment(\"2023-07-05T17:23:43.000Z\")))",
                  "err": {},
                  "uuid": "2c276dd0-754f-4ee0-bc6e-b7198020172f",
                  "parentUUID": "53d62b21-4049-4eed-b940-64089d2bba2a",
                  "isHook": false,
                  "skipped": false
                },
                {
                  "title": "should detect cancellation mails (2)",
                  "fullTitle": "Parser parseMail should detect cancellation mails (2)",
                  "timedOut": false,
                  "duration": 3,
                  "state": "passed",
                  "speed": "fast",
                  "pass": true,
                  "fail": false,
                  "pending": false,
                  "context": null,
                  "code": "const mail=await readFile(fixtures+\"/cancellation/de_2.eml\",\"utf-8\");const result=await Parser.parseMail(mail);assert.ok(result);assert.strictEqual(result.type,\"cancel\");assert.strictEqual(result.to,\"**********@tgtg-ical.sebbo.net\");assert.strictEqual(result.orderId,\"q3uxig9diky\");assert.ok(result.cancelledAt.isSame(moment(\"2023-03-09T12:08:29.000Z\")))",
                  "err": {},
                  "uuid": "c3c5d1c7-0806-4fa5-9c85-d2817175ac0e",
                  "parentUUID": "53d62b21-4049-4eed-b940-64089d2bba2a",
                  "isHook": false,
                  "skipped": false
                }
              ],
              "suites": [],
              "passes": [
                "065ffb13-3ad8-41f7-9b30-68fa2a79b440",
                "ec0854a0-e763-4216-882c-36687dc1368c",
                "6a398dc8-ac63-496b-8174-d7e59cb739e9",
                "f6afb625-7f8d-4739-a804-c49f8f99aa5e",
                "0e6557b6-ef7f-4e63-b413-ba56308ae68f",
                "7800734f-8a30-433d-87c1-49142dad9f32",
                "4c3ff880-be47-4147-9478-16b7ae1f0c08",
                "b6a7c374-c81c-4ad6-bb96-53e54a379028",
                "875709e2-a84e-47c5-b2c2-68ab6611271f",
                "2c276dd0-754f-4ee0-bc6e-b7198020172f",
                "c3c5d1c7-0806-4fa5-9c85-d2817175ac0e"
              ],
              "failures": [],
              "pending": [],
              "skipped": [],
              "duration": 96,
              "root": false,
              "rootEmpty": false,
              "_timeout": 2000
            }
          ],
          "passes": [],
          "failures": [],
          "pending": [],
          "skipped": [],
          "duration": 0,
          "root": false,
          "rootEmpty": false,
          "_timeout": 2000
        }
      ],
      "passes": [],
      "failures": [],
      "pending": [],
      "skipped": [],
      "duration": 0,
      "root": true,
      "rootEmpty": true,
      "_timeout": 2000
    }
  ],
  "meta": {
    "mocha": {
      "version": "10.7.3"
    },
    "mochawesome": {
      "options": {
        "quiet": false,
        "reportFilename": "mochawesome",
        "saveHtml": true,
        "saveJson": true,
        "consoleReporter": "spec",
        "useInlineDiffs": false,
        "code": true
      },
      "version": "7.1.3"
    },
    "marge": {
      "options": null,
      "version": "6.2.0"
    }
  }
}