{
  "stats": {
    "suites": 2,
    "tests": 11,
    "passes": 11,
    "pending": 0,
    "failures": 0,
    "start": "2024-08-13T16:15:50.230Z",
    "end": "2024-08-13T16:15:50.365Z",
    "duration": 135,
    "testsRegistered": 11,
    "passPercent": 100,
    "pendingPercent": 0,
    "other": 0,
    "hasOther": false,
    "skipped": 0,
    "hasSkipped": false
  },
  "results": [
    {
      "uuid": "004837a3-75c3-4190-8da8-4f61bbe0d772",
      "title": "",
      "fullFile": "/home/runner/work/tgtg-ical/tgtg-ical/test/lib/parser.spec.ts",
      "file": "/test/lib/parser.spec.ts",
      "beforeHooks": [],
      "afterHooks": [],
      "tests": [],
      "suites": [
        {
          "uuid": "72037409-daa0-4795-b0e9-95faa758bad5",
          "title": "Parser",
          "fullFile": "/home/runner/work/tgtg-ical/tgtg-ical/test/lib/parser.spec.ts",
          "file": "/test/lib/parser.spec.ts",
          "beforeHooks": [],
          "afterHooks": [],
          "tests": [],
          "suites": [
            {
              "uuid": "63d645e7-1956-4356-81c8-5c3e9fa45138",
              "title": "parseMail",
              "fullFile": "/home/runner/work/tgtg-ical/tgtg-ical/test/lib/parser.spec.ts",
              "file": "/test/lib/parser.spec.ts",
              "beforeHooks": [],
              "afterHooks": [],
              "tests": [
                {
                  "title": "should parse order mails (2023)",
                  "fullTitle": "Parser parseMail should parse order mails (2023)",
                  "timedOut": false,
                  "duration": 66,
                  "state": "passed",
                  "speed": "medium",
                  "pass": true,
                  "fail": false,
                  "pending": false,
                  "context": null,
                  "code": "const mail = await readFile(fixtures + '/order/de_2023.eml', 'utf-8');\nconst result = await Parser.parseMail(mail);\nassert.ok(result);\nassert.strictEqual(result.type, 'order');\nassert.strictEqual(result.orderId, 'rio3sec8wgb');\nassert.deepStrictEqual(result.location, {\n    name: 'Nordsee - Spandauer Straße',\n    address: 'Spandauer Str. 4, 10178 Berlin, Deutschland'\n});\nassert.ok(result.time.from.isSame(moment.tz('2023-07-24T18:30:00.000', 'Europe/Berlin')));\nassert.ok(result.time.to.isSame(moment.tz('2023-07-24T19:00:00.000', 'Europe/Berlin')));\nassert.strictEqual(result.amount, 2);\nassert.strictEqual(result.price, 700);",
                  "err": {},
                  "uuid": "7b2b09b1-6be7-4c8f-97f1-1cd03a0a0be5",
                  "parentUUID": "63d645e7-1956-4356-81c8-5c3e9fa45138",
                  "isHook": false,
                  "skipped": false
                },
                {
                  "title": "should parse order mails (2023 + HTML encoding)",
                  "fullTitle": "Parser parseMail should parse order mails (2023 + HTML encoding)",
                  "timedOut": false,
                  "duration": 10,
                  "state": "passed",
                  "speed": "fast",
                  "pass": true,
                  "fail": false,
                  "pending": false,
                  "context": null,
                  "code": "const mail = await readFile(fixtures + '/order/de_2023_encoding.eml', 'utf-8');\nconst result = await Parser.parseMail(mail);\nassert.ok(result);\nassert.strictEqual(result.type, 'order');\nassert.strictEqual(result.orderId, 'kknd37xqvo3');\nassert.deepStrictEqual(result.location, {\n    name: 'Crunchy & Soft Bakery',\n    address: 'Alte Jakobstraße 77, 10179 Berlin, Deutschland'\n});\nassert.ok(result.time.from.isSame(moment.tz('2023-10-27T10:00:00.000', 'Europe/Berlin')));\nassert.ok(result.time.to.isSame(moment.tz('2023-10-27T11:00:00.000', 'Europe/Berlin')));\nassert.strictEqual(result.amount, 1);\nassert.strictEqual(result.price, 300);",
                  "err": {},
                  "uuid": "b7efe01c-d30e-4cc8-8e21-aafa3d0fd050",
                  "parentUUID": "63d645e7-1956-4356-81c8-5c3e9fa45138",
                  "isHook": false,
                  "skipped": false
                },
                {
                  "title": "should parse order mails (2021)",
                  "fullTitle": "Parser parseMail should parse order mails (2021)",
                  "timedOut": false,
                  "duration": 6,
                  "state": "passed",
                  "speed": "fast",
                  "pass": true,
                  "fail": false,
                  "pending": false,
                  "context": null,
                  "code": "const mail = await readFile(fixtures + '/order/de_2021.eml', 'utf-8');\nconst result = await Parser.parseMail(mail);\nassert.ok(result);\nassert.strictEqual(result.type, 'order');\nassert.strictEqual(result.orderId, 'dfaxqeu6f8d');\nassert.deepStrictEqual(result.location, {\n    name: 'Kamps Backstube - Checkpoint Charlie',\n    address: 'Friedrichstraße 41, 10969 Berlin, Deutschland'\n});\nconst year = moment(result.time.order).year();\nassert.ok(result.time.from.isSame(moment.tz(year + '-04-30T16:30:00.000', 'Europe/Berlin')));\nassert.ok(result.time.to.isSame(moment.tz(year + '-04-30T17:00:00.000', 'Europe/Berlin')));\nassert.strictEqual(result.amount, 1);\nassert.strictEqual(result.price, 430);",
                  "err": {},
                  "uuid": "0162881d-f7ce-493e-965b-4dea086d14d3",
                  "parentUUID": "63d645e7-1956-4356-81c8-5c3e9fa45138",
                  "isHook": false,
                  "skipped": false
                },
                {
                  "title": "should parse order mails (2020)",
                  "fullTitle": "Parser parseMail should parse order mails (2020)",
                  "timedOut": false,
                  "duration": 7,
                  "state": "passed",
                  "speed": "fast",
                  "pass": true,
                  "fail": false,
                  "pending": false,
                  "context": null,
                  "code": "const mail = await readFile(fixtures + '/order/de_2020.eml', 'utf-8');\nconst result = await Parser.parseMail(mail);\nassert.ok(result);\nassert.strictEqual(result.type, 'order');\nassert.strictEqual(result.orderId, 'too38e9h7io');\nassert.deepStrictEqual(result.location, {\n    name: 'Rice On! - Berlin',\n    address: 'Europaplatz 1, 10557 Berlin, Deutschland'\n});\nassert.ok(result.time.from.isSame(moment.tz('2020-07-29T18:30:00.000', 'Europe/Berlin')));\nassert.ok(result.time.to.isSame(moment.tz('2020-07-29T19:00:00.000', 'Europe/Berlin')));\nassert.strictEqual(result.amount, 1);\nassert.strictEqual(result.price, 400);",
                  "err": {},
                  "uuid": "3c607622-6f18-445c-a10f-2e0971addccd",
                  "parentUUID": "63d645e7-1956-4356-81c8-5c3e9fa45138",
                  "isHook": false,
                  "skipped": false
                },
                {
                  "title": "should parse time changes (2023)",
                  "fullTitle": "Parser parseMail should parse time changes (2023)",
                  "timedOut": false,
                  "duration": 6,
                  "state": "passed",
                  "speed": "fast",
                  "pass": true,
                  "fail": false,
                  "pending": false,
                  "context": null,
                  "code": "const mail = await readFile(fixtures + '/time-changed/de_2023.eml', 'utf-8');\nconst result = await Parser.parseMail(mail);\nassert.ok(result);\nassert.strictEqual(result.type, 'change');\nassert.strictEqual(result.orderId, 'ecqpn6ux8sd');\nassert.ok(result.time.from.isSame(moment.tz('2023-06-28T18:20:00.000', 'Europe/Berlin')), `${result.time.from.toJSON()} === 2023-06-28T18:20:00.000`);\nassert.ok(result.time.to.isSame(moment.tz('2023-06-28T19:30:00.000', 'Europe/Berlin')), `${result.time.to.toJSON()} === 2023-06-28T19:30:00.000`);",
                  "err": {},
                  "uuid": "daa37c79-2c54-4f91-bc0b-d1b926de2040",
                  "parentUUID": "63d645e7-1956-4356-81c8-5c3e9fa45138",
                  "isHook": false,
                  "skipped": false
                },
                {
                  "title": "should parse time changes (2024)",
                  "fullTitle": "Parser parseMail should parse time changes (2024)",
                  "timedOut": false,
                  "duration": 6,
                  "state": "passed",
                  "speed": "fast",
                  "pass": true,
                  "fail": false,
                  "pending": false,
                  "context": null,
                  "code": "const mail = await readFile(fixtures + '/time-changed/de_2024.eml', 'utf-8');\nconst result = await Parser.parseMail(mail);\nassert.ok(result);\nassert.strictEqual(result.type, 'change');\nassert.strictEqual(result.orderId, '8grepd07bgz');\nassert.ok(result.time.from.isSame(moment.tz('2024-01-10T15:30:00.000', 'Europe/Berlin')), `${result.time.from.toJSON()} === 2024-01-10T15:30:00.000`);\nassert.ok(result.time.to.isSame(moment.tz('2024-01-10T15:45:00.000', 'Europe/Berlin')), `${result.time.to.toJSON()} === 2024-01-10T15:45:00.000`);",
                  "err": {},
                  "uuid": "c9fd23e5-d8ab-430a-b20f-67b74f4afe95",
                  "parentUUID": "63d645e7-1956-4356-81c8-5c3e9fa45138",
                  "isHook": false,
                  "skipped": false
                },
                {
                  "title": "should detect invoice mails (2020)",
                  "fullTitle": "Parser parseMail should detect invoice mails (2020)",
                  "timedOut": false,
                  "duration": 5,
                  "state": "passed",
                  "speed": "fast",
                  "pass": true,
                  "fail": false,
                  "pending": false,
                  "context": null,
                  "code": "const mail = await readFile(fixtures + '/invoice/de_2020.eml', 'utf-8');\nconst result = await Parser.parseMail(mail);\nassert.ok(result);\nassert.strictEqual(result.type, 'invoice');\nassert.strictEqual(result.to, '**********@tgtg-ical.sebbo.net');\nassert.strictEqual(result.orderId, 'too38e9h7io');\nassert.ok(result.invoicedAt.isSame(moment('2020-07-29T18:17:44.000Z')));",
                  "err": {},
                  "uuid": "f63e182d-94a5-475b-a0d7-7a52600b6111",
                  "parentUUID": "63d645e7-1956-4356-81c8-5c3e9fa45138",
                  "isHook": false,
                  "skipped": false
                },
                {
                  "title": "should detect invoice mails (2021)",
                  "fullTitle": "Parser parseMail should detect invoice mails (2021)",
                  "timedOut": false,
                  "duration": 5,
                  "state": "passed",
                  "speed": "fast",
                  "pass": true,
                  "fail": false,
                  "pending": false,
                  "context": null,
                  "code": "const mail = await readFile(fixtures + '/invoice/de_2021.eml', 'utf-8');\nconst result = await Parser.parseMail(mail);\nassert.ok(result);\nassert.strictEqual(result.type, 'invoice');\nassert.strictEqual(result.to, '**********@tgtg-ical.sebbo.net');\nassert.strictEqual(result.orderId, 'dfaxqeu6f8d');\nassert.ok(result.invoicedAt.isSame(moment('2021-04-30T15:22:55.000Z')));",
                  "err": {},
                  "uuid": "cbbf5987-3f4a-475a-9f10-86252f0d6f9e",
                  "parentUUID": "63d645e7-1956-4356-81c8-5c3e9fa45138",
                  "isHook": false,
                  "skipped": false
                },
                {
                  "title": "should detect invoice mails (2023)",
                  "fullTitle": "Parser parseMail should detect invoice mails (2023)",
                  "timedOut": false,
                  "duration": 9,
                  "state": "passed",
                  "speed": "fast",
                  "pass": true,
                  "fail": false,
                  "pending": false,
                  "context": null,
                  "code": "const mail = await readFile(fixtures + '/invoice/de_2023.eml', 'utf-8');\nconst result = await Parser.parseMail(mail);\nassert.ok(result);\nassert.strictEqual(result.type, 'invoice');\nassert.strictEqual(result.to, '**********@tgtg-ical.sebbo.net');\nassert.strictEqual(result.orderId, 'rio3sec8wgb');\nassert.ok(result.invoicedAt.isSame(moment('2023-07-24T17:29:16.000Z')));",
                  "err": {},
                  "uuid": "c06912ae-665f-4557-8b6a-ca21e11de19c",
                  "parentUUID": "63d645e7-1956-4356-81c8-5c3e9fa45138",
                  "isHook": false,
                  "skipped": false
                },
                {
                  "title": "should detect cancellation mails (1)",
                  "fullTitle": "Parser parseMail should detect cancellation mails (1)",
                  "timedOut": false,
                  "duration": 4,
                  "state": "passed",
                  "speed": "fast",
                  "pass": true,
                  "fail": false,
                  "pending": false,
                  "context": null,
                  "code": "const mail = await readFile(fixtures + '/cancellation/de_1.eml', 'utf-8');\nconst result = await Parser.parseMail(mail);\nassert.ok(result);\nassert.strictEqual(result.type, 'cancel');\nassert.strictEqual(result.to, '**********@tgtg-ical.sebbo.net');\nassert.strictEqual(result.orderId, 'gd3sypjntuz');\nassert.ok(result.cancelledAt.isSame(moment('2023-07-05T17:23:43.000Z')));",
                  "err": {},
                  "uuid": "77d1c85c-19c8-4e2c-b78f-76ee1980162c",
                  "parentUUID": "63d645e7-1956-4356-81c8-5c3e9fa45138",
                  "isHook": false,
                  "skipped": false
                },
                {
                  "title": "should detect cancellation mails (2)",
                  "fullTitle": "Parser parseMail should detect cancellation mails (2)",
                  "timedOut": false,
                  "duration": 4,
                  "state": "passed",
                  "speed": "fast",
                  "pass": true,
                  "fail": false,
                  "pending": false,
                  "context": null,
                  "code": "const mail = await readFile(fixtures + '/cancellation/de_2.eml', 'utf-8');\nconst result = await Parser.parseMail(mail);\nassert.ok(result);\nassert.strictEqual(result.type, 'cancel');\nassert.strictEqual(result.to, '**********@tgtg-ical.sebbo.net');\nassert.strictEqual(result.orderId, 'q3uxig9diky');\nassert.ok(result.cancelledAt.isSame(moment('2023-03-09T12:08:29.000Z')));",
                  "err": {},
                  "uuid": "9c63742b-f9d7-4687-aaaf-66e248121b7e",
                  "parentUUID": "63d645e7-1956-4356-81c8-5c3e9fa45138",
                  "isHook": false,
                  "skipped": false
                }
              ],
              "suites": [],
              "passes": [
                "7b2b09b1-6be7-4c8f-97f1-1cd03a0a0be5",
                "b7efe01c-d30e-4cc8-8e21-aafa3d0fd050",
                "0162881d-f7ce-493e-965b-4dea086d14d3",
                "3c607622-6f18-445c-a10f-2e0971addccd",
                "daa37c79-2c54-4f91-bc0b-d1b926de2040",
                "c9fd23e5-d8ab-430a-b20f-67b74f4afe95",
                "f63e182d-94a5-475b-a0d7-7a52600b6111",
                "cbbf5987-3f4a-475a-9f10-86252f0d6f9e",
                "c06912ae-665f-4557-8b6a-ca21e11de19c",
                "77d1c85c-19c8-4e2c-b78f-76ee1980162c",
                "9c63742b-f9d7-4687-aaaf-66e248121b7e"
              ],
              "failures": [],
              "pending": [],
              "skipped": [],
              "duration": 128,
              "root": false,
              "rootEmpty": false,
              "_timeout": 2000
            }
          ],
          "passes": [],
          "failures": [],
          "pending": [],
          "skipped": [],
          "duration": 0,
          "root": false,
          "rootEmpty": false,
          "_timeout": 2000
        }
      ],
      "passes": [],
      "failures": [],
      "pending": [],
      "skipped": [],
      "duration": 0,
      "root": true,
      "rootEmpty": true,
      "_timeout": 2000
    }
  ],
  "meta": {
    "mocha": {
      "version": "10.7.0"
    },
    "mochawesome": {
      "options": {
        "quiet": false,
        "reportFilename": "mochawesome",
        "saveHtml": true,
        "saveJson": true,
        "consoleReporter": "spec",
        "useInlineDiffs": false,
        "code": true
      },
      "version": "7.1.3"
    },
    "marge": {
      "options": null,
      "version": "6.2.0"
    }
  }
}