{
  "stats": {
    "suites": 2,
    "tests": 13,
    "passes": 13,
    "pending": 0,
    "failures": 0,
    "start": "2025-09-01T03:24:39.614Z",
    "end": "2025-09-01T03:24:39.715Z",
    "duration": 101,
    "testsRegistered": 13,
    "passPercent": 100,
    "pendingPercent": 0,
    "other": 0,
    "hasOther": false,
    "skipped": 0,
    "hasSkipped": false
  },
  "results": [
    {
      "uuid": "a12a1f7b-8926-4444-a097-23464e727c7b",
      "title": "",
      "fullFile": "/home/runner/work/tgtg-ical/tgtg-ical/test/lib/parser.spec.ts",
      "file": "/test/lib/parser.spec.ts",
      "beforeHooks": [],
      "afterHooks": [],
      "tests": [],
      "suites": [
        {
          "uuid": "bb078294-0fa8-4a83-9348-251fca90e33e",
          "title": "Parser",
          "fullFile": "/home/runner/work/tgtg-ical/tgtg-ical/test/lib/parser.spec.ts",
          "file": "/test/lib/parser.spec.ts",
          "beforeHooks": [],
          "afterHooks": [],
          "tests": [],
          "suites": [
            {
              "uuid": "435e12f5-0304-4229-b6a4-c587931fef6d",
              "title": "parseMail",
              "fullFile": "/home/runner/work/tgtg-ical/tgtg-ical/test/lib/parser.spec.ts",
              "file": "/test/lib/parser.spec.ts",
              "beforeHooks": [],
              "afterHooks": [],
              "tests": [
                {
                  "title": "should parse order mails (2025)",
                  "fullTitle": "Parser parseMail should parse order mails (2025)",
                  "timedOut": false,
                  "duration": 30,
                  "state": "passed",
                  "speed": "fast",
                  "pass": true,
                  "fail": false,
                  "pending": false,
                  "context": null,
                  "code": "const mail=await(0,import_promises.readFile)(fixtures+\"/order/de_2025.eml\",\"utf-8\");const result=await import_parser.default.parseMail(mail);assert.ok(result);assert.strictEqual(result.type,\"order\");assert.strictEqual(result.orderId,\"a85czf7ca5sx0\");assert.strictEqual(result.location.name,\"Restaurant \\xC4nnchen von Tharau\");assert.strictEqual(result.location.address,\"Rolandufer 6, 10179 Berlin, Deutschland\");assert.ok(result.time.from.isSame(import_moment_timezone.default.tz(\"2025-01-24T14:00:00.000\",\"Europe/Berlin\")));assert.ok(result.time.to.isSame(import_moment_timezone.default.tz(\"2025-01-24T14:30:00.000\",\"Europe/Berlin\")));assert.strictEqual(result.amount,3);assert.strictEqual(result.price,1140)",
                  "err": {},
                  "uuid": "28395be1-079b-4e72-bfdb-c6e6b0c8ce81",
                  "parentUUID": "435e12f5-0304-4229-b6a4-c587931fef6d",
                  "isHook": false,
                  "skipped": false
                },
                {
                  "title": "should parse order mails (2024)",
                  "fullTitle": "Parser parseMail should parse order mails (2024)",
                  "timedOut": false,
                  "duration": 8,
                  "state": "passed",
                  "speed": "fast",
                  "pass": true,
                  "fail": false,
                  "pending": false,
                  "context": null,
                  "code": "const mail=await(0,import_promises.readFile)(fixtures+\"/order/de_2024.eml\",\"utf-8\");const result=await import_parser.default.parseMail(mail);assert.ok(result);assert.strictEqual(result.type,\"order\");assert.strictEqual(result.orderId,\"e8344qmk23750\");assert.strictEqual(result.location.name,\"Nordsee - Spandauer Stra\\xDFe\");assert.strictEqual(result.location.address,\"Spandauer Str. 4, 10178 Berlin, Deutschland\");assert.ok(result.time.from.isSame(import_moment_timezone.default.tz(\"2024-10-21T18:00:00.000\",\"Europe/Berlin\")));assert.ok(result.time.to.isSame(import_moment_timezone.default.tz(\"2024-10-21T18:30:00.000\",\"Europe/Berlin\")));assert.strictEqual(result.amount,2);assert.strictEqual(result.price,800)",
                  "err": {},
                  "uuid": "7b4c5b35-d231-45e6-8e6b-c70ec0e8dc7a",
                  "parentUUID": "435e12f5-0304-4229-b6a4-c587931fef6d",
                  "isHook": false,
                  "skipped": false
                },
                {
                  "title": "should parse order mails (2023)",
                  "fullTitle": "Parser parseMail should parse order mails (2023)",
                  "timedOut": false,
                  "duration": 9,
                  "state": "passed",
                  "speed": "fast",
                  "pass": true,
                  "fail": false,
                  "pending": false,
                  "context": null,
                  "code": "const mail=await(0,import_promises.readFile)(fixtures+\"/order/de_2023.eml\",\"utf-8\");const result=await import_parser.default.parseMail(mail);assert.ok(result);assert.strictEqual(result.type,\"order\");assert.strictEqual(result.orderId,\"rio3sec8wgb\");assert.deepStrictEqual(result.location,{address:\"Spandauer Str. 4, 10178 Berlin, Deutschland\",name:\"Nordsee - Spandauer Stra\\xDFe\"});assert.ok(result.time.from.isSame(import_moment_timezone.default.tz(\"2023-07-24T18:30:00.000\",\"Europe/Berlin\")));assert.ok(result.time.to.isSame(import_moment_timezone.default.tz(\"2023-07-24T19:00:00.000\",\"Europe/Berlin\")));assert.strictEqual(result.amount,2);assert.strictEqual(result.price,700)",
                  "err": {},
                  "uuid": "321a4153-3824-4e20-982a-bd4113c7aae8",
                  "parentUUID": "435e12f5-0304-4229-b6a4-c587931fef6d",
                  "isHook": false,
                  "skipped": false
                },
                {
                  "title": "should parse order mails (2023 + HTML encoding)",
                  "fullTitle": "Parser parseMail should parse order mails (2023 + HTML encoding)",
                  "timedOut": false,
                  "duration": 4,
                  "state": "passed",
                  "speed": "fast",
                  "pass": true,
                  "fail": false,
                  "pending": false,
                  "context": null,
                  "code": "const mail=await(0,import_promises.readFile)(fixtures+\"/order/de_2023_encoding.eml\",\"utf-8\");const result=await import_parser.default.parseMail(mail);assert.ok(result);assert.strictEqual(result.type,\"order\");assert.strictEqual(result.orderId,\"kknd37xqvo3\");assert.deepStrictEqual(result.location,{address:\"Alte Jakobstra\\xDFe 77, 10179 Berlin, Deutschland\",name:\"Crunchy & Soft Bakery\"});assert.ok(result.time.from.isSame(import_moment_timezone.default.tz(\"2023-10-27T10:00:00.000\",\"Europe/Berlin\")));assert.ok(result.time.to.isSame(import_moment_timezone.default.tz(\"2023-10-27T11:00:00.000\",\"Europe/Berlin\")));assert.strictEqual(result.amount,1);assert.strictEqual(result.price,300)",
                  "err": {},
                  "uuid": "accefb8c-54dd-4d43-a6b6-ef76eb802bda",
                  "parentUUID": "435e12f5-0304-4229-b6a4-c587931fef6d",
                  "isHook": false,
                  "skipped": false
                },
                {
                  "title": "should parse order mails (2021)",
                  "fullTitle": "Parser parseMail should parse order mails (2021)",
                  "timedOut": false,
                  "duration": 6,
                  "state": "passed",
                  "speed": "fast",
                  "pass": true,
                  "fail": false,
                  "pending": false,
                  "context": null,
                  "code": "const mail=await(0,import_promises.readFile)(fixtures+\"/order/de_2021.eml\",\"utf-8\");const result=await import_parser.default.parseMail(mail);assert.ok(result);assert.strictEqual(result.type,\"order\");assert.strictEqual(result.orderId,\"dfaxqeu6f8d\");assert.deepStrictEqual(result.location,{address:\"Friedrichstra\\xDFe 41, 10969 Berlin, Deutschland\",name:\"Kamps Backstube - Checkpoint Charlie\"});const year=(0,import_moment_timezone.default)(result.time.order).year();assert.ok(result.time.from.isSame(import_moment_timezone.default.tz(year+\"-04-30T16:30:00.000\",\"Europe/Berlin\")));assert.ok(result.time.to.isSame(import_moment_timezone.default.tz(year+\"-04-30T17:00:00.000\",\"Europe/Berlin\")));assert.strictEqual(result.amount,1);assert.strictEqual(result.price,430)",
                  "err": {},
                  "uuid": "95ae0f52-9f4a-457e-a7da-db0c6aa335c2",
                  "parentUUID": "435e12f5-0304-4229-b6a4-c587931fef6d",
                  "isHook": false,
                  "skipped": false
                },
                {
                  "title": "should parse order mails (2020)",
                  "fullTitle": "Parser parseMail should parse order mails (2020)",
                  "timedOut": false,
                  "duration": 3,
                  "state": "passed",
                  "speed": "fast",
                  "pass": true,
                  "fail": false,
                  "pending": false,
                  "context": null,
                  "code": "const mail=await(0,import_promises.readFile)(fixtures+\"/order/de_2020.eml\",\"utf-8\");const result=await import_parser.default.parseMail(mail);assert.ok(result);assert.strictEqual(result.type,\"order\");assert.strictEqual(result.orderId,\"too38e9h7io\");assert.deepStrictEqual(result.location,{address:\"Europaplatz 1, 10557 Berlin, Deutschland\",name:\"Rice On! - Berlin\"});assert.ok(result.time.from.isSame(import_moment_timezone.default.tz(\"2020-07-29T18:30:00.000\",\"Europe/Berlin\")));assert.ok(result.time.to.isSame(import_moment_timezone.default.tz(\"2020-07-29T19:00:00.000\",\"Europe/Berlin\")));assert.strictEqual(result.amount,1);assert.strictEqual(result.price,400)",
                  "err": {},
                  "uuid": "bcc7ffa1-bd03-4a8c-a58f-34362c6d49b4",
                  "parentUUID": "435e12f5-0304-4229-b6a4-c587931fef6d",
                  "isHook": false,
                  "skipped": false
                },
                {
                  "title": "should parse time changes (2023)",
                  "fullTitle": "Parser parseMail should parse time changes (2023)",
                  "timedOut": false,
                  "duration": 3,
                  "state": "passed",
                  "speed": "fast",
                  "pass": true,
                  "fail": false,
                  "pending": false,
                  "context": null,
                  "code": "const mail=await(0,import_promises.readFile)(fixtures+\"/time-changed/de_2023.eml\",\"utf-8\");const result=await import_parser.default.parseMail(mail);assert.ok(result);assert.strictEqual(result.type,\"change\");assert.strictEqual(result.orderId,\"ecqpn6ux8sd\");assert.ok(result.time.from.isSame(import_moment_timezone.default.tz(\"2023-06-28T18:20:00.000\",\"Europe/Berlin\")),`${result.time.from.toJSON()} === 2023-06-28T18:20:00.000`);assert.ok(result.time.to.isSame(import_moment_timezone.default.tz(\"2023-06-28T19:30:00.000\",\"Europe/Berlin\")),`${result.time.to.toJSON()} === 2023-06-28T19:30:00.000`)",
                  "err": {},
                  "uuid": "92b25f4f-3bf9-4de3-b64f-567d08abf613",
                  "parentUUID": "435e12f5-0304-4229-b6a4-c587931fef6d",
                  "isHook": false,
                  "skipped": false
                },
                {
                  "title": "should parse time changes (2024)",
                  "fullTitle": "Parser parseMail should parse time changes (2024)",
                  "timedOut": false,
                  "duration": 5,
                  "state": "passed",
                  "speed": "fast",
                  "pass": true,
                  "fail": false,
                  "pending": false,
                  "context": null,
                  "code": "const mail=await(0,import_promises.readFile)(fixtures+\"/time-changed/de_2024.eml\",\"utf-8\");const result=await import_parser.default.parseMail(mail);assert.ok(result);assert.strictEqual(result.type,\"change\");assert.strictEqual(result.orderId,\"8grepd07bgz\");assert.ok(result.time.from.isSame(import_moment_timezone.default.tz(\"2024-01-10T15:30:00.000\",\"Europe/Berlin\")),`${result.time.from.toJSON()} === 2024-01-10T15:30:00.000`);assert.ok(result.time.to.isSame(import_moment_timezone.default.tz(\"2024-01-10T15:45:00.000\",\"Europe/Berlin\")),`${result.time.to.toJSON()} === 2024-01-10T15:45:00.000`)",
                  "err": {},
                  "uuid": "8870f6ec-2b59-4dc5-8f0e-b9a6b38dcbe2",
                  "parentUUID": "435e12f5-0304-4229-b6a4-c587931fef6d",
                  "isHook": false,
                  "skipped": false
                },
                {
                  "title": "should detect invoice mails (2020)",
                  "fullTitle": "Parser parseMail should detect invoice mails (2020)",
                  "timedOut": false,
                  "duration": 4,
                  "state": "passed",
                  "speed": "fast",
                  "pass": true,
                  "fail": false,
                  "pending": false,
                  "context": null,
                  "code": "const mail=await(0,import_promises.readFile)(fixtures+\"/invoice/de_2020.eml\",\"utf-8\");const result=await import_parser.default.parseMail(mail);assert.ok(result);assert.strictEqual(result.type,\"invoice\");assert.strictEqual(result.to,\"**********@tgtg-ical.sebbo.net\");assert.strictEqual(result.orderId,\"too38e9h7io\");assert.ok(result.invoicedAt.isSame((0,import_moment_timezone.default)(\"2020-07-29T18:17:44.000Z\")))",
                  "err": {},
                  "uuid": "7d67d08d-24ad-4b86-9863-8c16b0677082",
                  "parentUUID": "435e12f5-0304-4229-b6a4-c587931fef6d",
                  "isHook": false,
                  "skipped": false
                },
                {
                  "title": "should detect invoice mails (2021)",
                  "fullTitle": "Parser parseMail should detect invoice mails (2021)",
                  "timedOut": false,
                  "duration": 3,
                  "state": "passed",
                  "speed": "fast",
                  "pass": true,
                  "fail": false,
                  "pending": false,
                  "context": null,
                  "code": "const mail=await(0,import_promises.readFile)(fixtures+\"/invoice/de_2021.eml\",\"utf-8\");const result=await import_parser.default.parseMail(mail);assert.ok(result);assert.strictEqual(result.type,\"invoice\");assert.strictEqual(result.to,\"**********@tgtg-ical.sebbo.net\");assert.strictEqual(result.orderId,\"dfaxqeu6f8d\");assert.ok(result.invoicedAt.isSame((0,import_moment_timezone.default)(\"2021-04-30T15:22:55.000Z\")))",
                  "err": {},
                  "uuid": "d80b3e11-0025-42f8-89a4-66b41a105e4d",
                  "parentUUID": "435e12f5-0304-4229-b6a4-c587931fef6d",
                  "isHook": false,
                  "skipped": false
                },
                {
                  "title": "should detect invoice mails (2023)",
                  "fullTitle": "Parser parseMail should detect invoice mails (2023)",
                  "timedOut": false,
                  "duration": 5,
                  "state": "passed",
                  "speed": "fast",
                  "pass": true,
                  "fail": false,
                  "pending": false,
                  "context": null,
                  "code": "const mail=await(0,import_promises.readFile)(fixtures+\"/invoice/de_2023.eml\",\"utf-8\");const result=await import_parser.default.parseMail(mail);assert.ok(result);assert.strictEqual(result.type,\"invoice\");assert.strictEqual(result.to,\"**********@tgtg-ical.sebbo.net\");assert.strictEqual(result.orderId,\"rio3sec8wgb\");assert.ok(result.invoicedAt.isSame((0,import_moment_timezone.default)(\"2023-07-24T17:29:16.000Z\")))",
                  "err": {},
                  "uuid": "a1c0ce54-5e12-41ef-8df4-46797cf52a7f",
                  "parentUUID": "435e12f5-0304-4229-b6a4-c587931fef6d",
                  "isHook": false,
                  "skipped": false
                },
                {
                  "title": "should detect cancellation mails (1)",
                  "fullTitle": "Parser parseMail should detect cancellation mails (1)",
                  "timedOut": false,
                  "duration": 3,
                  "state": "passed",
                  "speed": "fast",
                  "pass": true,
                  "fail": false,
                  "pending": false,
                  "context": null,
                  "code": "const mail=await(0,import_promises.readFile)(fixtures+\"/cancellation/de_1.eml\",\"utf-8\");const result=await import_parser.default.parseMail(mail);assert.ok(result);assert.strictEqual(result.type,\"cancel\");assert.strictEqual(result.to,\"**********@tgtg-ical.sebbo.net\");assert.strictEqual(result.orderId,\"gd3sypjntuz\");assert.ok(result.cancelledAt.isSame((0,import_moment_timezone.default)(\"2023-07-05T17:23:43.000Z\")))",
                  "err": {},
                  "uuid": "31edce68-1ce1-42d5-815b-fba5813edd42",
                  "parentUUID": "435e12f5-0304-4229-b6a4-c587931fef6d",
                  "isHook": false,
                  "skipped": false
                },
                {
                  "title": "should detect cancellation mails (2)",
                  "fullTitle": "Parser parseMail should detect cancellation mails (2)",
                  "timedOut": false,
                  "duration": 6,
                  "state": "passed",
                  "speed": "fast",
                  "pass": true,
                  "fail": false,
                  "pending": false,
                  "context": null,
                  "code": "const mail=await(0,import_promises.readFile)(fixtures+\"/cancellation/de_2.eml\",\"utf-8\");const result=await import_parser.default.parseMail(mail);assert.ok(result);assert.strictEqual(result.type,\"cancel\");assert.strictEqual(result.to,\"**********@tgtg-ical.sebbo.net\");assert.strictEqual(result.orderId,\"q3uxig9diky\");assert.ok(result.cancelledAt.isSame((0,import_moment_timezone.default)(\"2023-03-09T12:08:29.000Z\")))",
                  "err": {},
                  "uuid": "6e33c4e2-6223-4955-ad5c-17e92010d30d",
                  "parentUUID": "435e12f5-0304-4229-b6a4-c587931fef6d",
                  "isHook": false,
                  "skipped": false
                }
              ],
              "suites": [],
              "passes": [
                "28395be1-079b-4e72-bfdb-c6e6b0c8ce81",
                "7b4c5b35-d231-45e6-8e6b-c70ec0e8dc7a",
                "321a4153-3824-4e20-982a-bd4113c7aae8",
                "accefb8c-54dd-4d43-a6b6-ef76eb802bda",
                "95ae0f52-9f4a-457e-a7da-db0c6aa335c2",
                "bcc7ffa1-bd03-4a8c-a58f-34362c6d49b4",
                "92b25f4f-3bf9-4de3-b64f-567d08abf613",
                "8870f6ec-2b59-4dc5-8f0e-b9a6b38dcbe2",
                "7d67d08d-24ad-4b86-9863-8c16b0677082",
                "d80b3e11-0025-42f8-89a4-66b41a105e4d",
                "a1c0ce54-5e12-41ef-8df4-46797cf52a7f",
                "31edce68-1ce1-42d5-815b-fba5813edd42",
                "6e33c4e2-6223-4955-ad5c-17e92010d30d"
              ],
              "failures": [],
              "pending": [],
              "skipped": [],
              "duration": 89,
              "root": false,
              "rootEmpty": false,
              "_timeout": 2000
            }
          ],
          "passes": [],
          "failures": [],
          "pending": [],
          "skipped": [],
          "duration": 0,
          "root": false,
          "rootEmpty": false,
          "_timeout": 2000
        }
      ],
      "passes": [],
      "failures": [],
      "pending": [],
      "skipped": [],
      "duration": 0,
      "root": true,
      "rootEmpty": true,
      "_timeout": 2000
    }
  ],
  "meta": {
    "mocha": {
      "version": "11.7.1"
    },
    "mochawesome": {
      "options": {
        "quiet": false,
        "reportFilename": "mochawesome",
        "saveHtml": true,
        "saveJson": true,
        "consoleReporter": "spec",
        "useInlineDiffs": false,
        "code": true
      },
      "version": "7.1.3"
    },
    "marge": {
      "options": null,
      "version": "6.2.0"
    }
  }
}