{
  "stats": {
    "suites": 2,
    "tests": 13,
    "passes": 13,
    "pending": 0,
    "failures": 0,
    "start": "2025-07-21T04:37:20.871Z",
    "end": "2025-07-21T04:37:20.971Z",
    "duration": 100,
    "testsRegistered": 13,
    "passPercent": 100,
    "pendingPercent": 0,
    "other": 0,
    "hasOther": false,
    "skipped": 0,
    "hasSkipped": false
  },
  "results": [
    {
      "uuid": "5e76dfc7-3573-4b31-a172-0414f6a36fcd",
      "title": "",
      "fullFile": "/home/runner/work/tgtg-ical/tgtg-ical/test/lib/parser.spec.ts",
      "file": "/test/lib/parser.spec.ts",
      "beforeHooks": [],
      "afterHooks": [],
      "tests": [],
      "suites": [
        {
          "uuid": "d4b22048-c113-420c-8b6f-addbbb3aebc6",
          "title": "Parser",
          "fullFile": "/home/runner/work/tgtg-ical/tgtg-ical/test/lib/parser.spec.ts",
          "file": "/test/lib/parser.spec.ts",
          "beforeHooks": [],
          "afterHooks": [],
          "tests": [],
          "suites": [
            {
              "uuid": "5fad933b-af4e-4293-a88e-7cfaac2fb46f",
              "title": "parseMail",
              "fullFile": "/home/runner/work/tgtg-ical/tgtg-ical/test/lib/parser.spec.ts",
              "file": "/test/lib/parser.spec.ts",
              "beforeHooks": [],
              "afterHooks": [],
              "tests": [
                {
                  "title": "should parse order mails (2025)",
                  "fullTitle": "Parser parseMail should parse order mails (2025)",
                  "timedOut": false,
                  "duration": 30,
                  "state": "passed",
                  "speed": "fast",
                  "pass": true,
                  "fail": false,
                  "pending": false,
                  "context": null,
                  "code": "const mail=await(0,import_promises.readFile)(fixtures+\"/order/de_2025.eml\",\"utf-8\");const result=await import_parser.default.parseMail(mail);assert.ok(result);assert.strictEqual(result.type,\"order\");assert.strictEqual(result.orderId,\"a85czf7ca5sx0\");assert.strictEqual(result.location.name,\"Restaurant \\xC4nnchen von Tharau\");assert.strictEqual(result.location.address,\"Rolandufer 6, 10179 Berlin, Deutschland\");assert.ok(result.time.from.isSame(import_moment_timezone.default.tz(\"2025-01-24T14:00:00.000\",\"Europe/Berlin\")));assert.ok(result.time.to.isSame(import_moment_timezone.default.tz(\"2025-01-24T14:30:00.000\",\"Europe/Berlin\")));assert.strictEqual(result.amount,3);assert.strictEqual(result.price,1140)",
                  "err": {},
                  "uuid": "ae85250c-ce93-405f-b6b6-6c08e8b8c3ce",
                  "parentUUID": "5fad933b-af4e-4293-a88e-7cfaac2fb46f",
                  "isHook": false,
                  "skipped": false
                },
                {
                  "title": "should parse order mails (2024)",
                  "fullTitle": "Parser parseMail should parse order mails (2024)",
                  "timedOut": false,
                  "duration": 8,
                  "state": "passed",
                  "speed": "fast",
                  "pass": true,
                  "fail": false,
                  "pending": false,
                  "context": null,
                  "code": "const mail=await(0,import_promises.readFile)(fixtures+\"/order/de_2024.eml\",\"utf-8\");const result=await import_parser.default.parseMail(mail);assert.ok(result);assert.strictEqual(result.type,\"order\");assert.strictEqual(result.orderId,\"e8344qmk23750\");assert.strictEqual(result.location.name,\"Nordsee - Spandauer Stra\\xDFe\");assert.strictEqual(result.location.address,\"Spandauer Str. 4, 10178 Berlin, Deutschland\");assert.ok(result.time.from.isSame(import_moment_timezone.default.tz(\"2024-10-21T18:00:00.000\",\"Europe/Berlin\")));assert.ok(result.time.to.isSame(import_moment_timezone.default.tz(\"2024-10-21T18:30:00.000\",\"Europe/Berlin\")));assert.strictEqual(result.amount,2);assert.strictEqual(result.price,800)",
                  "err": {},
                  "uuid": "13dc7e90-2def-4599-a03c-38cd6cac03f0",
                  "parentUUID": "5fad933b-af4e-4293-a88e-7cfaac2fb46f",
                  "isHook": false,
                  "skipped": false
                },
                {
                  "title": "should parse order mails (2023)",
                  "fullTitle": "Parser parseMail should parse order mails (2023)",
                  "timedOut": false,
                  "duration": 9,
                  "state": "passed",
                  "speed": "fast",
                  "pass": true,
                  "fail": false,
                  "pending": false,
                  "context": null,
                  "code": "const mail=await(0,import_promises.readFile)(fixtures+\"/order/de_2023.eml\",\"utf-8\");const result=await import_parser.default.parseMail(mail);assert.ok(result);assert.strictEqual(result.type,\"order\");assert.strictEqual(result.orderId,\"rio3sec8wgb\");assert.deepStrictEqual(result.location,{address:\"Spandauer Str. 4, 10178 Berlin, Deutschland\",name:\"Nordsee - Spandauer Stra\\xDFe\"});assert.ok(result.time.from.isSame(import_moment_timezone.default.tz(\"2023-07-24T18:30:00.000\",\"Europe/Berlin\")));assert.ok(result.time.to.isSame(import_moment_timezone.default.tz(\"2023-07-24T19:00:00.000\",\"Europe/Berlin\")));assert.strictEqual(result.amount,2);assert.strictEqual(result.price,700)",
                  "err": {},
                  "uuid": "84dd1261-a671-41cd-9223-9280613d2068",
                  "parentUUID": "5fad933b-af4e-4293-a88e-7cfaac2fb46f",
                  "isHook": false,
                  "skipped": false
                },
                {
                  "title": "should parse order mails (2023 + HTML encoding)",
                  "fullTitle": "Parser parseMail should parse order mails (2023 + HTML encoding)",
                  "timedOut": false,
                  "duration": 4,
                  "state": "passed",
                  "speed": "fast",
                  "pass": true,
                  "fail": false,
                  "pending": false,
                  "context": null,
                  "code": "const mail=await(0,import_promises.readFile)(fixtures+\"/order/de_2023_encoding.eml\",\"utf-8\");const result=await import_parser.default.parseMail(mail);assert.ok(result);assert.strictEqual(result.type,\"order\");assert.strictEqual(result.orderId,\"kknd37xqvo3\");assert.deepStrictEqual(result.location,{address:\"Alte Jakobstra\\xDFe 77, 10179 Berlin, Deutschland\",name:\"Crunchy & Soft Bakery\"});assert.ok(result.time.from.isSame(import_moment_timezone.default.tz(\"2023-10-27T10:00:00.000\",\"Europe/Berlin\")));assert.ok(result.time.to.isSame(import_moment_timezone.default.tz(\"2023-10-27T11:00:00.000\",\"Europe/Berlin\")));assert.strictEqual(result.amount,1);assert.strictEqual(result.price,300)",
                  "err": {},
                  "uuid": "91afdb2e-816f-43ab-8d95-29997580defa",
                  "parentUUID": "5fad933b-af4e-4293-a88e-7cfaac2fb46f",
                  "isHook": false,
                  "skipped": false
                },
                {
                  "title": "should parse order mails (2021)",
                  "fullTitle": "Parser parseMail should parse order mails (2021)",
                  "timedOut": false,
                  "duration": 7,
                  "state": "passed",
                  "speed": "fast",
                  "pass": true,
                  "fail": false,
                  "pending": false,
                  "context": null,
                  "code": "const mail=await(0,import_promises.readFile)(fixtures+\"/order/de_2021.eml\",\"utf-8\");const result=await import_parser.default.parseMail(mail);assert.ok(result);assert.strictEqual(result.type,\"order\");assert.strictEqual(result.orderId,\"dfaxqeu6f8d\");assert.deepStrictEqual(result.location,{address:\"Friedrichstra\\xDFe 41, 10969 Berlin, Deutschland\",name:\"Kamps Backstube - Checkpoint Charlie\"});const year=(0,import_moment_timezone.default)(result.time.order).year();assert.ok(result.time.from.isSame(import_moment_timezone.default.tz(year+\"-04-30T16:30:00.000\",\"Europe/Berlin\")));assert.ok(result.time.to.isSame(import_moment_timezone.default.tz(year+\"-04-30T17:00:00.000\",\"Europe/Berlin\")));assert.strictEqual(result.amount,1);assert.strictEqual(result.price,430)",
                  "err": {},
                  "uuid": "799b5631-e615-46a1-ad83-65bbdadadeb8",
                  "parentUUID": "5fad933b-af4e-4293-a88e-7cfaac2fb46f",
                  "isHook": false,
                  "skipped": false
                },
                {
                  "title": "should parse order mails (2020)",
                  "fullTitle": "Parser parseMail should parse order mails (2020)",
                  "timedOut": false,
                  "duration": 3,
                  "state": "passed",
                  "speed": "fast",
                  "pass": true,
                  "fail": false,
                  "pending": false,
                  "context": null,
                  "code": "const mail=await(0,import_promises.readFile)(fixtures+\"/order/de_2020.eml\",\"utf-8\");const result=await import_parser.default.parseMail(mail);assert.ok(result);assert.strictEqual(result.type,\"order\");assert.strictEqual(result.orderId,\"too38e9h7io\");assert.deepStrictEqual(result.location,{address:\"Europaplatz 1, 10557 Berlin, Deutschland\",name:\"Rice On! - Berlin\"});assert.ok(result.time.from.isSame(import_moment_timezone.default.tz(\"2020-07-29T18:30:00.000\",\"Europe/Berlin\")));assert.ok(result.time.to.isSame(import_moment_timezone.default.tz(\"2020-07-29T19:00:00.000\",\"Europe/Berlin\")));assert.strictEqual(result.amount,1);assert.strictEqual(result.price,400)",
                  "err": {},
                  "uuid": "6f1132fb-f3b7-4fc2-80f6-0c1528ea4b80",
                  "parentUUID": "5fad933b-af4e-4293-a88e-7cfaac2fb46f",
                  "isHook": false,
                  "skipped": false
                },
                {
                  "title": "should parse time changes (2023)",
                  "fullTitle": "Parser parseMail should parse time changes (2023)",
                  "timedOut": false,
                  "duration": 4,
                  "state": "passed",
                  "speed": "fast",
                  "pass": true,
                  "fail": false,
                  "pending": false,
                  "context": null,
                  "code": "const mail=await(0,import_promises.readFile)(fixtures+\"/time-changed/de_2023.eml\",\"utf-8\");const result=await import_parser.default.parseMail(mail);assert.ok(result);assert.strictEqual(result.type,\"change\");assert.strictEqual(result.orderId,\"ecqpn6ux8sd\");assert.ok(result.time.from.isSame(import_moment_timezone.default.tz(\"2023-06-28T18:20:00.000\",\"Europe/Berlin\")),`${result.time.from.toJSON()} === 2023-06-28T18:20:00.000`);assert.ok(result.time.to.isSame(import_moment_timezone.default.tz(\"2023-06-28T19:30:00.000\",\"Europe/Berlin\")),`${result.time.to.toJSON()} === 2023-06-28T19:30:00.000`)",
                  "err": {},
                  "uuid": "34db244f-9b82-421f-89ad-004092891d36",
                  "parentUUID": "5fad933b-af4e-4293-a88e-7cfaac2fb46f",
                  "isHook": false,
                  "skipped": false
                },
                {
                  "title": "should parse time changes (2024)",
                  "fullTitle": "Parser parseMail should parse time changes (2024)",
                  "timedOut": false,
                  "duration": 4,
                  "state": "passed",
                  "speed": "fast",
                  "pass": true,
                  "fail": false,
                  "pending": false,
                  "context": null,
                  "code": "const mail=await(0,import_promises.readFile)(fixtures+\"/time-changed/de_2024.eml\",\"utf-8\");const result=await import_parser.default.parseMail(mail);assert.ok(result);assert.strictEqual(result.type,\"change\");assert.strictEqual(result.orderId,\"8grepd07bgz\");assert.ok(result.time.from.isSame(import_moment_timezone.default.tz(\"2024-01-10T15:30:00.000\",\"Europe/Berlin\")),`${result.time.from.toJSON()} === 2024-01-10T15:30:00.000`);assert.ok(result.time.to.isSame(import_moment_timezone.default.tz(\"2024-01-10T15:45:00.000\",\"Europe/Berlin\")),`${result.time.to.toJSON()} === 2024-01-10T15:45:00.000`)",
                  "err": {},
                  "uuid": "7893076d-36b3-4937-9f9b-f2c46ecb9ca4",
                  "parentUUID": "5fad933b-af4e-4293-a88e-7cfaac2fb46f",
                  "isHook": false,
                  "skipped": false
                },
                {
                  "title": "should detect invoice mails (2020)",
                  "fullTitle": "Parser parseMail should detect invoice mails (2020)",
                  "timedOut": false,
                  "duration": 4,
                  "state": "passed",
                  "speed": "fast",
                  "pass": true,
                  "fail": false,
                  "pending": false,
                  "context": null,
                  "code": "const mail=await(0,import_promises.readFile)(fixtures+\"/invoice/de_2020.eml\",\"utf-8\");const result=await import_parser.default.parseMail(mail);assert.ok(result);assert.strictEqual(result.type,\"invoice\");assert.strictEqual(result.to,\"**********@tgtg-ical.sebbo.net\");assert.strictEqual(result.orderId,\"too38e9h7io\");assert.ok(result.invoicedAt.isSame((0,import_moment_timezone.default)(\"2020-07-29T18:17:44.000Z\")))",
                  "err": {},
                  "uuid": "5a7af830-f32b-480e-84ce-87099be12c58",
                  "parentUUID": "5fad933b-af4e-4293-a88e-7cfaac2fb46f",
                  "isHook": false,
                  "skipped": false
                },
                {
                  "title": "should detect invoice mails (2021)",
                  "fullTitle": "Parser parseMail should detect invoice mails (2021)",
                  "timedOut": false,
                  "duration": 4,
                  "state": "passed",
                  "speed": "fast",
                  "pass": true,
                  "fail": false,
                  "pending": false,
                  "context": null,
                  "code": "const mail=await(0,import_promises.readFile)(fixtures+\"/invoice/de_2021.eml\",\"utf-8\");const result=await import_parser.default.parseMail(mail);assert.ok(result);assert.strictEqual(result.type,\"invoice\");assert.strictEqual(result.to,\"**********@tgtg-ical.sebbo.net\");assert.strictEqual(result.orderId,\"dfaxqeu6f8d\");assert.ok(result.invoicedAt.isSame((0,import_moment_timezone.default)(\"2021-04-30T15:22:55.000Z\")))",
                  "err": {},
                  "uuid": "8df0fe4a-5273-4903-8f6f-dfab7b865c7c",
                  "parentUUID": "5fad933b-af4e-4293-a88e-7cfaac2fb46f",
                  "isHook": false,
                  "skipped": false
                },
                {
                  "title": "should detect invoice mails (2023)",
                  "fullTitle": "Parser parseMail should detect invoice mails (2023)",
                  "timedOut": false,
                  "duration": 8,
                  "state": "passed",
                  "speed": "fast",
                  "pass": true,
                  "fail": false,
                  "pending": false,
                  "context": null,
                  "code": "const mail=await(0,import_promises.readFile)(fixtures+\"/invoice/de_2023.eml\",\"utf-8\");const result=await import_parser.default.parseMail(mail);assert.ok(result);assert.strictEqual(result.type,\"invoice\");assert.strictEqual(result.to,\"**********@tgtg-ical.sebbo.net\");assert.strictEqual(result.orderId,\"rio3sec8wgb\");assert.ok(result.invoicedAt.isSame((0,import_moment_timezone.default)(\"2023-07-24T17:29:16.000Z\")))",
                  "err": {},
                  "uuid": "74d6c11d-07f2-42a3-a483-850eae301699",
                  "parentUUID": "5fad933b-af4e-4293-a88e-7cfaac2fb46f",
                  "isHook": false,
                  "skipped": false
                },
                {
                  "title": "should detect cancellation mails (1)",
                  "fullTitle": "Parser parseMail should detect cancellation mails (1)",
                  "timedOut": false,
                  "duration": 3,
                  "state": "passed",
                  "speed": "fast",
                  "pass": true,
                  "fail": false,
                  "pending": false,
                  "context": null,
                  "code": "const mail=await(0,import_promises.readFile)(fixtures+\"/cancellation/de_1.eml\",\"utf-8\");const result=await import_parser.default.parseMail(mail);assert.ok(result);assert.strictEqual(result.type,\"cancel\");assert.strictEqual(result.to,\"**********@tgtg-ical.sebbo.net\");assert.strictEqual(result.orderId,\"gd3sypjntuz\");assert.ok(result.cancelledAt.isSame((0,import_moment_timezone.default)(\"2023-07-05T17:23:43.000Z\")))",
                  "err": {},
                  "uuid": "19288e42-79e6-4b8b-817e-17c33708d7d8",
                  "parentUUID": "5fad933b-af4e-4293-a88e-7cfaac2fb46f",
                  "isHook": false,
                  "skipped": false
                },
                {
                  "title": "should detect cancellation mails (2)",
                  "fullTitle": "Parser parseMail should detect cancellation mails (2)",
                  "timedOut": false,
                  "duration": 5,
                  "state": "passed",
                  "speed": "fast",
                  "pass": true,
                  "fail": false,
                  "pending": false,
                  "context": null,
                  "code": "const mail=await(0,import_promises.readFile)(fixtures+\"/cancellation/de_2.eml\",\"utf-8\");const result=await import_parser.default.parseMail(mail);assert.ok(result);assert.strictEqual(result.type,\"cancel\");assert.strictEqual(result.to,\"**********@tgtg-ical.sebbo.net\");assert.strictEqual(result.orderId,\"q3uxig9diky\");assert.ok(result.cancelledAt.isSame((0,import_moment_timezone.default)(\"2023-03-09T12:08:29.000Z\")))",
                  "err": {},
                  "uuid": "0f2f6ead-8fb5-48d4-a817-425a80983d8c",
                  "parentUUID": "5fad933b-af4e-4293-a88e-7cfaac2fb46f",
                  "isHook": false,
                  "skipped": false
                }
              ],
              "suites": [],
              "passes": [
                "ae85250c-ce93-405f-b6b6-6c08e8b8c3ce",
                "13dc7e90-2def-4599-a03c-38cd6cac03f0",
                "84dd1261-a671-41cd-9223-9280613d2068",
                "91afdb2e-816f-43ab-8d95-29997580defa",
                "799b5631-e615-46a1-ad83-65bbdadadeb8",
                "6f1132fb-f3b7-4fc2-80f6-0c1528ea4b80",
                "34db244f-9b82-421f-89ad-004092891d36",
                "7893076d-36b3-4937-9f9b-f2c46ecb9ca4",
                "5a7af830-f32b-480e-84ce-87099be12c58",
                "8df0fe4a-5273-4903-8f6f-dfab7b865c7c",
                "74d6c11d-07f2-42a3-a483-850eae301699",
                "19288e42-79e6-4b8b-817e-17c33708d7d8",
                "0f2f6ead-8fb5-48d4-a817-425a80983d8c"
              ],
              "failures": [],
              "pending": [],
              "skipped": [],
              "duration": 93,
              "root": false,
              "rootEmpty": false,
              "_timeout": 2000
            }
          ],
          "passes": [],
          "failures": [],
          "pending": [],
          "skipped": [],
          "duration": 0,
          "root": false,
          "rootEmpty": false,
          "_timeout": 2000
        }
      ],
      "passes": [],
      "failures": [],
      "pending": [],
      "skipped": [],
      "duration": 0,
      "root": true,
      "rootEmpty": true,
      "_timeout": 2000
    }
  ],
  "meta": {
    "mocha": {
      "version": "11.7.1"
    },
    "mochawesome": {
      "options": {
        "quiet": false,
        "reportFilename": "mochawesome",
        "saveHtml": true,
        "saveJson": true,
        "consoleReporter": "spec",
        "useInlineDiffs": false,
        "code": true
      },
      "version": "7.1.3"
    },
    "marge": {
      "options": null,
      "version": "6.2.0"
    }
  }
}