{
  "stats": {
    "suites": 2,
    "tests": 11,
    "passes": 11,
    "pending": 0,
    "failures": 0,
    "start": "2024-05-23T03:02:42.839Z",
    "end": "2024-05-23T03:02:43.005Z",
    "duration": 166,
    "testsRegistered": 11,
    "passPercent": 100,
    "pendingPercent": 0,
    "other": 0,
    "hasOther": false,
    "skipped": 0,
    "hasSkipped": false
  },
  "results": [
    {
      "uuid": "09a4d87a-a10e-4bbf-9770-f5c8524bcb15",
      "title": "",
      "fullFile": "/home/runner/work/tgtg-ical/tgtg-ical/test/lib/parser.spec.ts",
      "file": "/test/lib/parser.spec.ts",
      "beforeHooks": [],
      "afterHooks": [],
      "tests": [],
      "suites": [
        {
          "uuid": "b441d090-fbfe-4f0a-a024-7afb2a0e975d",
          "title": "Parser",
          "fullFile": "/home/runner/work/tgtg-ical/tgtg-ical/test/lib/parser.spec.ts",
          "file": "/test/lib/parser.spec.ts",
          "beforeHooks": [],
          "afterHooks": [],
          "tests": [],
          "suites": [
            {
              "uuid": "5feba243-a6c8-465b-81eb-e68e788d289b",
              "title": "parseMail",
              "fullFile": "/home/runner/work/tgtg-ical/tgtg-ical/test/lib/parser.spec.ts",
              "file": "/test/lib/parser.spec.ts",
              "beforeHooks": [],
              "afterHooks": [],
              "tests": [
                {
                  "title": "should parse order mails (2023)",
                  "fullTitle": "Parser parseMail should parse order mails (2023)",
                  "timedOut": false,
                  "duration": 75,
                  "state": "passed",
                  "speed": "medium",
                  "pass": true,
                  "fail": false,
                  "pending": false,
                  "context": null,
                  "code": "const mail = await readFile(fixtures + '/order/de_2023.eml', 'utf-8');\nconst result = await Parser.parseMail(mail);\nassert.strictEqual(result.type, 'order');\nassert.strictEqual(result.orderId, 'rio3sec8wgb');\nassert.deepStrictEqual(result.location, {\n    name: 'Nordsee - Spandauer Straße',\n    address: 'Spandauer Str. 4, 10178 Berlin, Deutschland'\n});\nassert.ok(result.time.from.isSame(moment.tz('2023-07-24T18:30:00.000', 'Europe/Berlin')));\nassert.ok(result.time.to.isSame(moment.tz('2023-07-24T19:00:00.000', 'Europe/Berlin')));\nassert.strictEqual(result.amount, 2);\nassert.strictEqual(result.price, 700);",
                  "err": {},
                  "uuid": "5c5c6256-0809-4021-b3d5-0a5f287124c3",
                  "parentUUID": "5feba243-a6c8-465b-81eb-e68e788d289b",
                  "isHook": false,
                  "skipped": false
                },
                {
                  "title": "should parse order mails (2023 + HTML encoding)",
                  "fullTitle": "Parser parseMail should parse order mails (2023 + HTML encoding)",
                  "timedOut": false,
                  "duration": 12,
                  "state": "passed",
                  "speed": "fast",
                  "pass": true,
                  "fail": false,
                  "pending": false,
                  "context": null,
                  "code": "const mail = await readFile(fixtures + '/order/de_2023_encoding.eml', 'utf-8');\nconst result = await Parser.parseMail(mail);\nassert.strictEqual(result.type, 'order');\nassert.strictEqual(result.orderId, 'kknd37xqvo3');\nassert.deepStrictEqual(result.location, {\n    name: 'Crunchy & Soft Bakery',\n    address: 'Alte Jakobstraße 77, 10179 Berlin, Deutschland'\n});\nassert.ok(result.time.from.isSame(moment.tz('2023-10-27T10:00:00.000', 'Europe/Berlin')));\nassert.ok(result.time.to.isSame(moment.tz('2023-10-27T11:00:00.000', 'Europe/Berlin')));\nassert.strictEqual(result.amount, 1);\nassert.strictEqual(result.price, 300);",
                  "err": {},
                  "uuid": "fa7dc650-56c2-4c3e-8af9-26dd698eb347",
                  "parentUUID": "5feba243-a6c8-465b-81eb-e68e788d289b",
                  "isHook": false,
                  "skipped": false
                },
                {
                  "title": "should parse order mails (2021)",
                  "fullTitle": "Parser parseMail should parse order mails (2021)",
                  "timedOut": false,
                  "duration": 10,
                  "state": "passed",
                  "speed": "fast",
                  "pass": true,
                  "fail": false,
                  "pending": false,
                  "context": null,
                  "code": "const mail = await readFile(fixtures + '/order/de_2021.eml', 'utf-8');\nconst result = await Parser.parseMail(mail);\nassert.strictEqual(result.type, 'order');\nassert.strictEqual(result.orderId, 'dfaxqeu6f8d');\nassert.deepStrictEqual(result.location, {\n    name: 'Kamps Backstube - Checkpoint Charlie',\n    address: 'Friedrichstraße 41, 10969 Berlin, Deutschland'\n});\nconst year = moment(result.time.order).year();\nassert.ok(result.time.from.isSame(moment.tz(year + '-04-30T16:30:00.000', 'Europe/Berlin')));\nassert.ok(result.time.to.isSame(moment.tz(year + '-04-30T17:00:00.000', 'Europe/Berlin')));\nassert.strictEqual(result.amount, 1);\nassert.strictEqual(result.price, 430);",
                  "err": {},
                  "uuid": "2219122c-f1ae-41c5-87be-d3d6e0dc2c40",
                  "parentUUID": "5feba243-a6c8-465b-81eb-e68e788d289b",
                  "isHook": false,
                  "skipped": false
                },
                {
                  "title": "should parse order mails (2020)",
                  "fullTitle": "Parser parseMail should parse order mails (2020)",
                  "timedOut": false,
                  "duration": 10,
                  "state": "passed",
                  "speed": "fast",
                  "pass": true,
                  "fail": false,
                  "pending": false,
                  "context": null,
                  "code": "const mail = await readFile(fixtures + '/order/de_2020.eml', 'utf-8');\nconst result = await Parser.parseMail(mail);\nassert.strictEqual(result.type, 'order');\nassert.strictEqual(result.orderId, 'too38e9h7io');\nassert.deepStrictEqual(result.location, {\n    name: 'Rice On! - Berlin',\n    address: 'Europaplatz 1, 10557 Berlin, Deutschland'\n});\nassert.ok(result.time.from.isSame(moment.tz('2020-07-29T18:30:00.000', 'Europe/Berlin')));\nassert.ok(result.time.to.isSame(moment.tz('2020-07-29T19:00:00.000', 'Europe/Berlin')));\nassert.strictEqual(result.amount, 1);\nassert.strictEqual(result.price, 400);",
                  "err": {},
                  "uuid": "6635699c-01d7-4407-bacd-afbd44d5cb7b",
                  "parentUUID": "5feba243-a6c8-465b-81eb-e68e788d289b",
                  "isHook": false,
                  "skipped": false
                },
                {
                  "title": "should parse time changes (2023)",
                  "fullTitle": "Parser parseMail should parse time changes (2023)",
                  "timedOut": false,
                  "duration": 9,
                  "state": "passed",
                  "speed": "fast",
                  "pass": true,
                  "fail": false,
                  "pending": false,
                  "context": null,
                  "code": "const mail = await readFile(fixtures + '/time-changed/de_2023.eml', 'utf-8');\nconst result = await Parser.parseMail(mail);\nassert.strictEqual(result.type, 'change');\nassert.strictEqual(result.orderId, 'ecqpn6ux8sd');\nassert.ok(result.time.from.isSame(moment.tz('2023-06-28T18:20:00.000', 'Europe/Berlin')), `${result.time.from.toJSON()} === 2023-06-28T18:20:00.000`);\nassert.ok(result.time.to.isSame(moment.tz('2023-06-28T19:30:00.000', 'Europe/Berlin')), `${result.time.to.toJSON()} === 2023-06-28T19:30:00.000`);",
                  "err": {},
                  "uuid": "8c81dfee-b496-450d-967e-78607c58b945",
                  "parentUUID": "5feba243-a6c8-465b-81eb-e68e788d289b",
                  "isHook": false,
                  "skipped": false
                },
                {
                  "title": "should parse time changes (2024)",
                  "fullTitle": "Parser parseMail should parse time changes (2024)",
                  "timedOut": false,
                  "duration": 10,
                  "state": "passed",
                  "speed": "fast",
                  "pass": true,
                  "fail": false,
                  "pending": false,
                  "context": null,
                  "code": "const mail = await readFile(fixtures + '/time-changed/de_2024.eml', 'utf-8');\nconst result = await Parser.parseMail(mail);\nassert.strictEqual(result.type, 'change');\nassert.strictEqual(result.orderId, '8grepd07bgz');\nassert.ok(result.time.from.isSame(moment.tz('2024-01-10T15:30:00.000', 'Europe/Berlin')), `${result.time.from.toJSON()} === 2024-01-10T15:30:00.000`);\nassert.ok(result.time.to.isSame(moment.tz('2024-01-10T15:45:00.000', 'Europe/Berlin')), `${result.time.to.toJSON()} === 2024-01-10T15:45:00.000`);",
                  "err": {},
                  "uuid": "753ca6f5-ea71-4bcf-8195-e10cf4a250a5",
                  "parentUUID": "5feba243-a6c8-465b-81eb-e68e788d289b",
                  "isHook": false,
                  "skipped": false
                },
                {
                  "title": "should detect invoice mails (2020)",
                  "fullTitle": "Parser parseMail should detect invoice mails (2020)",
                  "timedOut": false,
                  "duration": 8,
                  "state": "passed",
                  "speed": "fast",
                  "pass": true,
                  "fail": false,
                  "pending": false,
                  "context": null,
                  "code": "const mail = await readFile(fixtures + '/invoice/de_2020.eml', 'utf-8');\nconst result = await Parser.parseMail(mail);\nassert.strictEqual(result.type, 'invoice');\nassert.strictEqual(result.to, '**********@tgtg-ical.sebbo.net');\nassert.strictEqual(result.orderId, 'too38e9h7io');\nassert.ok(result.invoicedAt.isSame(moment('2020-07-29T18:17:44.000Z')));",
                  "err": {},
                  "uuid": "ecaab2e3-5229-4627-bbb2-8f518303c532",
                  "parentUUID": "5feba243-a6c8-465b-81eb-e68e788d289b",
                  "isHook": false,
                  "skipped": false
                },
                {
                  "title": "should detect invoice mails (2021)",
                  "fullTitle": "Parser parseMail should detect invoice mails (2021)",
                  "timedOut": false,
                  "duration": 6,
                  "state": "passed",
                  "speed": "fast",
                  "pass": true,
                  "fail": false,
                  "pending": false,
                  "context": null,
                  "code": "const mail = await readFile(fixtures + '/invoice/de_2021.eml', 'utf-8');\nconst result = await Parser.parseMail(mail);\nassert.strictEqual(result.type, 'invoice');\nassert.strictEqual(result.to, '**********@tgtg-ical.sebbo.net');\nassert.strictEqual(result.orderId, 'dfaxqeu6f8d');\nassert.ok(result.invoicedAt.isSame(moment('2021-04-30T15:22:55.000Z')));",
                  "err": {},
                  "uuid": "f8eaa218-d138-4843-a7c7-23223b3a25a2",
                  "parentUUID": "5feba243-a6c8-465b-81eb-e68e788d289b",
                  "isHook": false,
                  "skipped": false
                },
                {
                  "title": "should detect invoice mails (2023)",
                  "fullTitle": "Parser parseMail should detect invoice mails (2023)",
                  "timedOut": false,
                  "duration": 8,
                  "state": "passed",
                  "speed": "fast",
                  "pass": true,
                  "fail": false,
                  "pending": false,
                  "context": null,
                  "code": "const mail = await readFile(fixtures + '/invoice/de_2023.eml', 'utf-8');\nconst result = await Parser.parseMail(mail);\nassert.strictEqual(result.type, 'invoice');\nassert.strictEqual(result.to, '**********@tgtg-ical.sebbo.net');\nassert.strictEqual(result.orderId, 'rio3sec8wgb');\nassert.ok(result.invoicedAt.isSame(moment('2023-07-24T17:29:16.000Z')));",
                  "err": {},
                  "uuid": "9965e904-2286-403b-a598-32649176d8b4",
                  "parentUUID": "5feba243-a6c8-465b-81eb-e68e788d289b",
                  "isHook": false,
                  "skipped": false
                },
                {
                  "title": "should detect cancellation mails (1)",
                  "fullTitle": "Parser parseMail should detect cancellation mails (1)",
                  "timedOut": false,
                  "duration": 5,
                  "state": "passed",
                  "speed": "fast",
                  "pass": true,
                  "fail": false,
                  "pending": false,
                  "context": null,
                  "code": "const mail = await readFile(fixtures + '/cancellation/de_1.eml', 'utf-8');\nconst result = await Parser.parseMail(mail);\nassert.strictEqual(result.type, 'cancel');\nassert.strictEqual(result.to, '**********@tgtg-ical.sebbo.net');\nassert.strictEqual(result.orderId, 'gd3sypjntuz');\nassert.ok(result.cancelledAt.isSame(moment('2023-07-05T17:23:43.000Z')));",
                  "err": {},
                  "uuid": "73a6163d-a03e-4998-a67e-623e0afa8330",
                  "parentUUID": "5feba243-a6c8-465b-81eb-e68e788d289b",
                  "isHook": false,
                  "skipped": false
                },
                {
                  "title": "should detect cancellation mails (2)",
                  "fullTitle": "Parser parseMail should detect cancellation mails (2)",
                  "timedOut": false,
                  "duration": 4,
                  "state": "passed",
                  "speed": "fast",
                  "pass": true,
                  "fail": false,
                  "pending": false,
                  "context": null,
                  "code": "const mail = await readFile(fixtures + '/cancellation/de_2.eml', 'utf-8');\nconst result = await Parser.parseMail(mail);\nassert.strictEqual(result.type, 'cancel');\nassert.strictEqual(result.to, '**********@tgtg-ical.sebbo.net');\nassert.strictEqual(result.orderId, 'q3uxig9diky');\nassert.ok(result.cancelledAt.isSame(moment('2023-03-09T12:08:29.000Z')));",
                  "err": {},
                  "uuid": "af04495e-5eb3-4df8-9c32-9ad96b97e1f7",
                  "parentUUID": "5feba243-a6c8-465b-81eb-e68e788d289b",
                  "isHook": false,
                  "skipped": false
                }
              ],
              "suites": [],
              "passes": [
                "5c5c6256-0809-4021-b3d5-0a5f287124c3",
                "fa7dc650-56c2-4c3e-8af9-26dd698eb347",
                "2219122c-f1ae-41c5-87be-d3d6e0dc2c40",
                "6635699c-01d7-4407-bacd-afbd44d5cb7b",
                "8c81dfee-b496-450d-967e-78607c58b945",
                "753ca6f5-ea71-4bcf-8195-e10cf4a250a5",
                "ecaab2e3-5229-4627-bbb2-8f518303c532",
                "f8eaa218-d138-4843-a7c7-23223b3a25a2",
                "9965e904-2286-403b-a598-32649176d8b4",
                "73a6163d-a03e-4998-a67e-623e0afa8330",
                "af04495e-5eb3-4df8-9c32-9ad96b97e1f7"
              ],
              "failures": [],
              "pending": [],
              "skipped": [],
              "duration": 157,
              "root": false,
              "rootEmpty": false,
              "_timeout": 2000
            }
          ],
          "passes": [],
          "failures": [],
          "pending": [],
          "skipped": [],
          "duration": 0,
          "root": false,
          "rootEmpty": false,
          "_timeout": 2000
        }
      ],
      "passes": [],
      "failures": [],
      "pending": [],
      "skipped": [],
      "duration": 0,
      "root": true,
      "rootEmpty": true,
      "_timeout": 2000
    }
  ],
  "meta": {
    "mocha": {
      "version": "10.4.0"
    },
    "mochawesome": {
      "options": {
        "quiet": false,
        "reportFilename": "mochawesome",
        "saveHtml": true,
        "saveJson": true,
        "consoleReporter": "spec",
        "useInlineDiffs": false,
        "code": true
      },
      "version": "7.1.3"
    },
    "marge": {
      "options": null,
      "version": "6.2.0"
    }
  }
}