{
  "stats": {
    "suites": 2,
    "tests": 11,
    "passes": 11,
    "pending": 0,
    "failures": 0,
    "start": "2024-09-09T07:41:42.701Z",
    "end": "2024-09-09T07:41:42.842Z",
    "duration": 141,
    "testsRegistered": 11,
    "passPercent": 100,
    "pendingPercent": 0,
    "other": 0,
    "hasOther": false,
    "skipped": 0,
    "hasSkipped": false
  },
  "results": [
    {
      "uuid": "7d1ea76b-3a1c-4148-88c8-dcf88354fbe1",
      "title": "",
      "fullFile": "/home/runner/work/tgtg-ical/tgtg-ical/test/lib/parser.spec.ts",
      "file": "/test/lib/parser.spec.ts",
      "beforeHooks": [],
      "afterHooks": [],
      "tests": [],
      "suites": [
        {
          "uuid": "a522f94a-ee09-44a2-a20a-b7ac867a26e0",
          "title": "Parser",
          "fullFile": "/home/runner/work/tgtg-ical/tgtg-ical/test/lib/parser.spec.ts",
          "file": "/test/lib/parser.spec.ts",
          "beforeHooks": [],
          "afterHooks": [],
          "tests": [],
          "suites": [
            {
              "uuid": "b88a148c-a017-45c2-bf62-3281cb87b44a",
              "title": "parseMail",
              "fullFile": "/home/runner/work/tgtg-ical/tgtg-ical/test/lib/parser.spec.ts",
              "file": "/test/lib/parser.spec.ts",
              "beforeHooks": [],
              "afterHooks": [],
              "tests": [
                {
                  "title": "should parse order mails (2023)",
                  "fullTitle": "Parser parseMail should parse order mails (2023)",
                  "timedOut": false,
                  "duration": 69,
                  "state": "passed",
                  "speed": "medium",
                  "pass": true,
                  "fail": false,
                  "pending": false,
                  "context": null,
                  "code": "const mail=await readFile(fixtures+\"/order/de_2023.eml\",\"utf-8\");const result=await Parser.parseMail(mail);assert.ok(result);assert.strictEqual(result.type,\"order\");assert.strictEqual(result.orderId,\"rio3sec8wgb\");assert.deepStrictEqual(result.location,{name:\"Nordsee - Spandauer Stra\\xDFe\",address:\"Spandauer Str. 4, 10178 Berlin, Deutschland\"});assert.ok(result.time.from.isSame(moment.tz(\"2023-07-24T18:30:00.000\",\"Europe/Berlin\")));assert.ok(result.time.to.isSame(moment.tz(\"2023-07-24T19:00:00.000\",\"Europe/Berlin\")));assert.strictEqual(result.amount,2);assert.strictEqual(result.price,700)",
                  "err": {},
                  "uuid": "1ed35455-ec8c-4b18-97d5-9b2832e386ea",
                  "parentUUID": "b88a148c-a017-45c2-bf62-3281cb87b44a",
                  "isHook": false,
                  "skipped": false
                },
                {
                  "title": "should parse order mails (2023 + HTML encoding)",
                  "fullTitle": "Parser parseMail should parse order mails (2023 + HTML encoding)",
                  "timedOut": false,
                  "duration": 10,
                  "state": "passed",
                  "speed": "fast",
                  "pass": true,
                  "fail": false,
                  "pending": false,
                  "context": null,
                  "code": "const mail=await readFile(fixtures+\"/order/de_2023_encoding.eml\",\"utf-8\");const result=await Parser.parseMail(mail);assert.ok(result);assert.strictEqual(result.type,\"order\");assert.strictEqual(result.orderId,\"kknd37xqvo3\");assert.deepStrictEqual(result.location,{name:\"Crunchy & Soft Bakery\",address:\"Alte Jakobstra\\xDFe 77, 10179 Berlin, Deutschland\"});assert.ok(result.time.from.isSame(moment.tz(\"2023-10-27T10:00:00.000\",\"Europe/Berlin\")));assert.ok(result.time.to.isSame(moment.tz(\"2023-10-27T11:00:00.000\",\"Europe/Berlin\")));assert.strictEqual(result.amount,1);assert.strictEqual(result.price,300)",
                  "err": {},
                  "uuid": "d3c6775a-27c4-4565-a8db-b8263d73162c",
                  "parentUUID": "b88a148c-a017-45c2-bf62-3281cb87b44a",
                  "isHook": false,
                  "skipped": false
                },
                {
                  "title": "should parse order mails (2021)",
                  "fullTitle": "Parser parseMail should parse order mails (2021)",
                  "timedOut": false,
                  "duration": 5,
                  "state": "passed",
                  "speed": "fast",
                  "pass": true,
                  "fail": false,
                  "pending": false,
                  "context": null,
                  "code": "const mail=await readFile(fixtures+\"/order/de_2021.eml\",\"utf-8\");const result=await Parser.parseMail(mail);assert.ok(result);assert.strictEqual(result.type,\"order\");assert.strictEqual(result.orderId,\"dfaxqeu6f8d\");assert.deepStrictEqual(result.location,{name:\"Kamps Backstube - Checkpoint Charlie\",address:\"Friedrichstra\\xDFe 41, 10969 Berlin, Deutschland\"});const year=moment(result.time.order).year();assert.ok(result.time.from.isSame(moment.tz(year+\"-04-30T16:30:00.000\",\"Europe/Berlin\")));assert.ok(result.time.to.isSame(moment.tz(year+\"-04-30T17:00:00.000\",\"Europe/Berlin\")));assert.strictEqual(result.amount,1);assert.strictEqual(result.price,430)",
                  "err": {},
                  "uuid": "8f0c4bcf-fc32-44de-801c-947ddd4f2f07",
                  "parentUUID": "b88a148c-a017-45c2-bf62-3281cb87b44a",
                  "isHook": false,
                  "skipped": false
                },
                {
                  "title": "should parse order mails (2020)",
                  "fullTitle": "Parser parseMail should parse order mails (2020)",
                  "timedOut": false,
                  "duration": 6,
                  "state": "passed",
                  "speed": "fast",
                  "pass": true,
                  "fail": false,
                  "pending": false,
                  "context": null,
                  "code": "const mail=await readFile(fixtures+\"/order/de_2020.eml\",\"utf-8\");const result=await Parser.parseMail(mail);assert.ok(result);assert.strictEqual(result.type,\"order\");assert.strictEqual(result.orderId,\"too38e9h7io\");assert.deepStrictEqual(result.location,{name:\"Rice On! - Berlin\",address:\"Europaplatz 1, 10557 Berlin, Deutschland\"});assert.ok(result.time.from.isSame(moment.tz(\"2020-07-29T18:30:00.000\",\"Europe/Berlin\")));assert.ok(result.time.to.isSame(moment.tz(\"2020-07-29T19:00:00.000\",\"Europe/Berlin\")));assert.strictEqual(result.amount,1);assert.strictEqual(result.price,400)",
                  "err": {},
                  "uuid": "382af969-2c40-40be-9fc1-402f0fbfa295",
                  "parentUUID": "b88a148c-a017-45c2-bf62-3281cb87b44a",
                  "isHook": false,
                  "skipped": false
                },
                {
                  "title": "should parse time changes (2023)",
                  "fullTitle": "Parser parseMail should parse time changes (2023)",
                  "timedOut": false,
                  "duration": 5,
                  "state": "passed",
                  "speed": "fast",
                  "pass": true,
                  "fail": false,
                  "pending": false,
                  "context": null,
                  "code": "const mail=await readFile(fixtures+\"/time-changed/de_2023.eml\",\"utf-8\");const result=await Parser.parseMail(mail);assert.ok(result);assert.strictEqual(result.type,\"change\");assert.strictEqual(result.orderId,\"ecqpn6ux8sd\");assert.ok(result.time.from.isSame(moment.tz(\"2023-06-28T18:20:00.000\",\"Europe/Berlin\")),`${result.time.from.toJSON()} === 2023-06-28T18:20:00.000`);assert.ok(result.time.to.isSame(moment.tz(\"2023-06-28T19:30:00.000\",\"Europe/Berlin\")),`${result.time.to.toJSON()} === 2023-06-28T19:30:00.000`)",
                  "err": {},
                  "uuid": "8324c3ef-a15c-4220-ac9b-1f638cdeda12",
                  "parentUUID": "b88a148c-a017-45c2-bf62-3281cb87b44a",
                  "isHook": false,
                  "skipped": false
                },
                {
                  "title": "should parse time changes (2024)",
                  "fullTitle": "Parser parseMail should parse time changes (2024)",
                  "timedOut": false,
                  "duration": 8,
                  "state": "passed",
                  "speed": "fast",
                  "pass": true,
                  "fail": false,
                  "pending": false,
                  "context": null,
                  "code": "const mail=await readFile(fixtures+\"/time-changed/de_2024.eml\",\"utf-8\");const result=await Parser.parseMail(mail);assert.ok(result);assert.strictEqual(result.type,\"change\");assert.strictEqual(result.orderId,\"8grepd07bgz\");assert.ok(result.time.from.isSame(moment.tz(\"2024-01-10T15:30:00.000\",\"Europe/Berlin\")),`${result.time.from.toJSON()} === 2024-01-10T15:30:00.000`);assert.ok(result.time.to.isSame(moment.tz(\"2024-01-10T15:45:00.000\",\"Europe/Berlin\")),`${result.time.to.toJSON()} === 2024-01-10T15:45:00.000`)",
                  "err": {},
                  "uuid": "437b4b97-1b33-41b6-96e3-dc7c970a50e5",
                  "parentUUID": "b88a148c-a017-45c2-bf62-3281cb87b44a",
                  "isHook": false,
                  "skipped": false
                },
                {
                  "title": "should detect invoice mails (2020)",
                  "fullTitle": "Parser parseMail should detect invoice mails (2020)",
                  "timedOut": false,
                  "duration": 6,
                  "state": "passed",
                  "speed": "fast",
                  "pass": true,
                  "fail": false,
                  "pending": false,
                  "context": null,
                  "code": "const mail=await readFile(fixtures+\"/invoice/de_2020.eml\",\"utf-8\");const result=await Parser.parseMail(mail);assert.ok(result);assert.strictEqual(result.type,\"invoice\");assert.strictEqual(result.to,\"**********@tgtg-ical.sebbo.net\");assert.strictEqual(result.orderId,\"too38e9h7io\");assert.ok(result.invoicedAt.isSame(moment(\"2020-07-29T18:17:44.000Z\")))",
                  "err": {},
                  "uuid": "daaa92ff-0cef-4a50-bd4d-c2601d38eb93",
                  "parentUUID": "b88a148c-a017-45c2-bf62-3281cb87b44a",
                  "isHook": false,
                  "skipped": false
                },
                {
                  "title": "should detect invoice mails (2021)",
                  "fullTitle": "Parser parseMail should detect invoice mails (2021)",
                  "timedOut": false,
                  "duration": 6,
                  "state": "passed",
                  "speed": "fast",
                  "pass": true,
                  "fail": false,
                  "pending": false,
                  "context": null,
                  "code": "const mail=await readFile(fixtures+\"/invoice/de_2021.eml\",\"utf-8\");const result=await Parser.parseMail(mail);assert.ok(result);assert.strictEqual(result.type,\"invoice\");assert.strictEqual(result.to,\"**********@tgtg-ical.sebbo.net\");assert.strictEqual(result.orderId,\"dfaxqeu6f8d\");assert.ok(result.invoicedAt.isSame(moment(\"2021-04-30T15:22:55.000Z\")))",
                  "err": {},
                  "uuid": "20d54652-57d3-4994-ae72-8e98b5d6fba6",
                  "parentUUID": "b88a148c-a017-45c2-bf62-3281cb87b44a",
                  "isHook": false,
                  "skipped": false
                },
                {
                  "title": "should detect invoice mails (2023)",
                  "fullTitle": "Parser parseMail should detect invoice mails (2023)",
                  "timedOut": false,
                  "duration": 9,
                  "state": "passed",
                  "speed": "fast",
                  "pass": true,
                  "fail": false,
                  "pending": false,
                  "context": null,
                  "code": "const mail=await readFile(fixtures+\"/invoice/de_2023.eml\",\"utf-8\");const result=await Parser.parseMail(mail);assert.ok(result);assert.strictEqual(result.type,\"invoice\");assert.strictEqual(result.to,\"**********@tgtg-ical.sebbo.net\");assert.strictEqual(result.orderId,\"rio3sec8wgb\");assert.ok(result.invoicedAt.isSame(moment(\"2023-07-24T17:29:16.000Z\")))",
                  "err": {},
                  "uuid": "7dbb4ac5-a9d5-4fb5-bbac-215a95dfdf52",
                  "parentUUID": "b88a148c-a017-45c2-bf62-3281cb87b44a",
                  "isHook": false,
                  "skipped": false
                },
                {
                  "title": "should detect cancellation mails (1)",
                  "fullTitle": "Parser parseMail should detect cancellation mails (1)",
                  "timedOut": false,
                  "duration": 4,
                  "state": "passed",
                  "speed": "fast",
                  "pass": true,
                  "fail": false,
                  "pending": false,
                  "context": null,
                  "code": "const mail=await readFile(fixtures+\"/cancellation/de_1.eml\",\"utf-8\");const result=await Parser.parseMail(mail);assert.ok(result);assert.strictEqual(result.type,\"cancel\");assert.strictEqual(result.to,\"**********@tgtg-ical.sebbo.net\");assert.strictEqual(result.orderId,\"gd3sypjntuz\");assert.ok(result.cancelledAt.isSame(moment(\"2023-07-05T17:23:43.000Z\")))",
                  "err": {},
                  "uuid": "f09d9937-a435-41ba-a4d5-4832e5aafc89",
                  "parentUUID": "b88a148c-a017-45c2-bf62-3281cb87b44a",
                  "isHook": false,
                  "skipped": false
                },
                {
                  "title": "should detect cancellation mails (2)",
                  "fullTitle": "Parser parseMail should detect cancellation mails (2)",
                  "timedOut": false,
                  "duration": 4,
                  "state": "passed",
                  "speed": "fast",
                  "pass": true,
                  "fail": false,
                  "pending": false,
                  "context": null,
                  "code": "const mail=await readFile(fixtures+\"/cancellation/de_2.eml\",\"utf-8\");const result=await Parser.parseMail(mail);assert.ok(result);assert.strictEqual(result.type,\"cancel\");assert.strictEqual(result.to,\"**********@tgtg-ical.sebbo.net\");assert.strictEqual(result.orderId,\"q3uxig9diky\");assert.ok(result.cancelledAt.isSame(moment(\"2023-03-09T12:08:29.000Z\")))",
                  "err": {},
                  "uuid": "45602749-e5ed-455c-af4b-608e9b7ab58e",
                  "parentUUID": "b88a148c-a017-45c2-bf62-3281cb87b44a",
                  "isHook": false,
                  "skipped": false
                }
              ],
              "suites": [],
              "passes": [
                "1ed35455-ec8c-4b18-97d5-9b2832e386ea",
                "d3c6775a-27c4-4565-a8db-b8263d73162c",
                "8f0c4bcf-fc32-44de-801c-947ddd4f2f07",
                "382af969-2c40-40be-9fc1-402f0fbfa295",
                "8324c3ef-a15c-4220-ac9b-1f638cdeda12",
                "437b4b97-1b33-41b6-96e3-dc7c970a50e5",
                "daaa92ff-0cef-4a50-bd4d-c2601d38eb93",
                "20d54652-57d3-4994-ae72-8e98b5d6fba6",
                "7dbb4ac5-a9d5-4fb5-bbac-215a95dfdf52",
                "f09d9937-a435-41ba-a4d5-4832e5aafc89",
                "45602749-e5ed-455c-af4b-608e9b7ab58e"
              ],
              "failures": [],
              "pending": [],
              "skipped": [],
              "duration": 132,
              "root": false,
              "rootEmpty": false,
              "_timeout": 2000
            }
          ],
          "passes": [],
          "failures": [],
          "pending": [],
          "skipped": [],
          "duration": 0,
          "root": false,
          "rootEmpty": false,
          "_timeout": 2000
        }
      ],
      "passes": [],
      "failures": [],
      "pending": [],
      "skipped": [],
      "duration": 0,
      "root": true,
      "rootEmpty": true,
      "_timeout": 2000
    }
  ],
  "meta": {
    "mocha": {
      "version": "10.7.3"
    },
    "mochawesome": {
      "options": {
        "quiet": false,
        "reportFilename": "mochawesome",
        "saveHtml": true,
        "saveJson": true,
        "consoleReporter": "spec",
        "useInlineDiffs": false,
        "code": true
      },
      "version": "7.1.3"
    },
    "marge": {
      "options": null,
      "version": "6.2.0"
    }
  }
}