{
  "stats": {
    "suites": 2,
    "tests": 12,
    "passes": 12,
    "pending": 0,
    "failures": 0,
    "start": "2024-11-12T16:18:14.626Z",
    "end": "2024-11-12T16:18:15.253Z",
    "duration": 627,
    "testsRegistered": 12,
    "passPercent": 100,
    "pendingPercent": 0,
    "other": 0,
    "hasOther": false,
    "skipped": 0,
    "hasSkipped": false
  },
  "results": [
    {
      "uuid": "674bc853-8411-4bd4-857d-afe624bbb3bc",
      "title": "",
      "fullFile": "/home/runner/work/tgtg-ical/tgtg-ical/test/lib/parser.spec.ts",
      "file": "/test/lib/parser.spec.ts",
      "beforeHooks": [],
      "afterHooks": [],
      "tests": [],
      "suites": [
        {
          "uuid": "3d15fad6-e2d4-429c-aaea-51d23d2578c3",
          "title": "Parser",
          "fullFile": "/home/runner/work/tgtg-ical/tgtg-ical/test/lib/parser.spec.ts",
          "file": "/test/lib/parser.spec.ts",
          "beforeHooks": [],
          "afterHooks": [],
          "tests": [],
          "suites": [
            {
              "uuid": "af9e617d-95e0-47e1-b6ab-7213d613af40",
              "title": "parseMail",
              "fullFile": "/home/runner/work/tgtg-ical/tgtg-ical/test/lib/parser.spec.ts",
              "file": "/test/lib/parser.spec.ts",
              "beforeHooks": [],
              "afterHooks": [],
              "tests": [
                {
                  "title": "should parse order mails (2024)",
                  "fullTitle": "Parser parseMail should parse order mails (2024)",
                  "timedOut": false,
                  "duration": 566,
                  "state": "passed",
                  "speed": "slow",
                  "pass": true,
                  "fail": false,
                  "pending": false,
                  "context": null,
                  "code": "const mail=await readFile(fixtures+\"/order/de_2024.eml\",\"utf-8\");const result=await Parser.parseMail(mail);assert.ok(result);assert.strictEqual(result.type,\"order\");assert.strictEqual(result.orderId,\"e8344qmk23750\");assert.strictEqual(result.location.name,\"Nordsee - Spandauer Stra\\xDFe\");assert.strictEqual(result.location.address,\"Spandauer Str. 4, 10178 Berlin, Deutschland\");assert.ok(result.time.from.isSame(moment.tz(\"2024-10-21T18:00:00.000\",\"Europe/Berlin\")));assert.ok(result.time.to.isSame(moment.tz(\"2024-10-21T18:30:00.000\",\"Europe/Berlin\")));assert.strictEqual(result.amount,2);assert.strictEqual(result.price,800)",
                  "err": {},
                  "uuid": "1c975f29-e747-48d9-ad61-201ddde9b454",
                  "parentUUID": "af9e617d-95e0-47e1-b6ab-7213d613af40",
                  "isHook": false,
                  "skipped": false
                },
                {
                  "title": "should parse order mails (2023)",
                  "fullTitle": "Parser parseMail should parse order mails (2023)",
                  "timedOut": false,
                  "duration": 8,
                  "state": "passed",
                  "speed": "fast",
                  "pass": true,
                  "fail": false,
                  "pending": false,
                  "context": null,
                  "code": "const mail=await readFile(fixtures+\"/order/de_2023.eml\",\"utf-8\");const result=await Parser.parseMail(mail);assert.ok(result);assert.strictEqual(result.type,\"order\");assert.strictEqual(result.orderId,\"rio3sec8wgb\");assert.deepStrictEqual(result.location,{name:\"Nordsee - Spandauer Stra\\xDFe\",address:\"Spandauer Str. 4, 10178 Berlin, Deutschland\"});assert.ok(result.time.from.isSame(moment.tz(\"2023-07-24T18:30:00.000\",\"Europe/Berlin\")));assert.ok(result.time.to.isSame(moment.tz(\"2023-07-24T19:00:00.000\",\"Europe/Berlin\")));assert.strictEqual(result.amount,2);assert.strictEqual(result.price,700)",
                  "err": {},
                  "uuid": "6cb3b023-843d-41c9-bdc2-13749f95140d",
                  "parentUUID": "af9e617d-95e0-47e1-b6ab-7213d613af40",
                  "isHook": false,
                  "skipped": false
                },
                {
                  "title": "should parse order mails (2023 + HTML encoding)",
                  "fullTitle": "Parser parseMail should parse order mails (2023 + HTML encoding)",
                  "timedOut": false,
                  "duration": 5,
                  "state": "passed",
                  "speed": "fast",
                  "pass": true,
                  "fail": false,
                  "pending": false,
                  "context": null,
                  "code": "const mail=await readFile(fixtures+\"/order/de_2023_encoding.eml\",\"utf-8\");const result=await Parser.parseMail(mail);assert.ok(result);assert.strictEqual(result.type,\"order\");assert.strictEqual(result.orderId,\"kknd37xqvo3\");assert.deepStrictEqual(result.location,{name:\"Crunchy & Soft Bakery\",address:\"Alte Jakobstra\\xDFe 77, 10179 Berlin, Deutschland\"});assert.ok(result.time.from.isSame(moment.tz(\"2023-10-27T10:00:00.000\",\"Europe/Berlin\")));assert.ok(result.time.to.isSame(moment.tz(\"2023-10-27T11:00:00.000\",\"Europe/Berlin\")));assert.strictEqual(result.amount,1);assert.strictEqual(result.price,300)",
                  "err": {},
                  "uuid": "1ed8eb0e-909f-4d3a-ad70-10c0bc5a9db1",
                  "parentUUID": "af9e617d-95e0-47e1-b6ab-7213d613af40",
                  "isHook": false,
                  "skipped": false
                },
                {
                  "title": "should parse order mails (2021)",
                  "fullTitle": "Parser parseMail should parse order mails (2021)",
                  "timedOut": false,
                  "duration": 6,
                  "state": "passed",
                  "speed": "fast",
                  "pass": true,
                  "fail": false,
                  "pending": false,
                  "context": null,
                  "code": "const mail=await readFile(fixtures+\"/order/de_2021.eml\",\"utf-8\");const result=await Parser.parseMail(mail);assert.ok(result);assert.strictEqual(result.type,\"order\");assert.strictEqual(result.orderId,\"dfaxqeu6f8d\");assert.deepStrictEqual(result.location,{name:\"Kamps Backstube - Checkpoint Charlie\",address:\"Friedrichstra\\xDFe 41, 10969 Berlin, Deutschland\"});const year=moment(result.time.order).year();assert.ok(result.time.from.isSame(moment.tz(year+\"-04-30T16:30:00.000\",\"Europe/Berlin\")));assert.ok(result.time.to.isSame(moment.tz(year+\"-04-30T17:00:00.000\",\"Europe/Berlin\")));assert.strictEqual(result.amount,1);assert.strictEqual(result.price,430)",
                  "err": {},
                  "uuid": "d3671f35-5f55-4e3b-afc6-4b2c0e36641d",
                  "parentUUID": "af9e617d-95e0-47e1-b6ab-7213d613af40",
                  "isHook": false,
                  "skipped": false
                },
                {
                  "title": "should parse order mails (2020)",
                  "fullTitle": "Parser parseMail should parse order mails (2020)",
                  "timedOut": false,
                  "duration": 7,
                  "state": "passed",
                  "speed": "fast",
                  "pass": true,
                  "fail": false,
                  "pending": false,
                  "context": null,
                  "code": "const mail=await readFile(fixtures+\"/order/de_2020.eml\",\"utf-8\");const result=await Parser.parseMail(mail);assert.ok(result);assert.strictEqual(result.type,\"order\");assert.strictEqual(result.orderId,\"too38e9h7io\");assert.deepStrictEqual(result.location,{name:\"Rice On! - Berlin\",address:\"Europaplatz 1, 10557 Berlin, Deutschland\"});assert.ok(result.time.from.isSame(moment.tz(\"2020-07-29T18:30:00.000\",\"Europe/Berlin\")));assert.ok(result.time.to.isSame(moment.tz(\"2020-07-29T19:00:00.000\",\"Europe/Berlin\")));assert.strictEqual(result.amount,1);assert.strictEqual(result.price,400)",
                  "err": {},
                  "uuid": "b0a9ffe2-1297-4c17-b1e5-e3f086ce3db5",
                  "parentUUID": "af9e617d-95e0-47e1-b6ab-7213d613af40",
                  "isHook": false,
                  "skipped": false
                },
                {
                  "title": "should parse time changes (2023)",
                  "fullTitle": "Parser parseMail should parse time changes (2023)",
                  "timedOut": false,
                  "duration": 4,
                  "state": "passed",
                  "speed": "fast",
                  "pass": true,
                  "fail": false,
                  "pending": false,
                  "context": null,
                  "code": "const mail=await readFile(fixtures+\"/time-changed/de_2023.eml\",\"utf-8\");const result=await Parser.parseMail(mail);assert.ok(result);assert.strictEqual(result.type,\"change\");assert.strictEqual(result.orderId,\"ecqpn6ux8sd\");assert.ok(result.time.from.isSame(moment.tz(\"2023-06-28T18:20:00.000\",\"Europe/Berlin\")),`${result.time.from.toJSON()} === 2023-06-28T18:20:00.000`);assert.ok(result.time.to.isSame(moment.tz(\"2023-06-28T19:30:00.000\",\"Europe/Berlin\")),`${result.time.to.toJSON()} === 2023-06-28T19:30:00.000`)",
                  "err": {},
                  "uuid": "ca06b44c-7960-48c4-99b4-14e1c6f41572",
                  "parentUUID": "af9e617d-95e0-47e1-b6ab-7213d613af40",
                  "isHook": false,
                  "skipped": false
                },
                {
                  "title": "should parse time changes (2024)",
                  "fullTitle": "Parser parseMail should parse time changes (2024)",
                  "timedOut": false,
                  "duration": 5,
                  "state": "passed",
                  "speed": "fast",
                  "pass": true,
                  "fail": false,
                  "pending": false,
                  "context": null,
                  "code": "const mail=await readFile(fixtures+\"/time-changed/de_2024.eml\",\"utf-8\");const result=await Parser.parseMail(mail);assert.ok(result);assert.strictEqual(result.type,\"change\");assert.strictEqual(result.orderId,\"8grepd07bgz\");assert.ok(result.time.from.isSame(moment.tz(\"2024-01-10T15:30:00.000\",\"Europe/Berlin\")),`${result.time.from.toJSON()} === 2024-01-10T15:30:00.000`);assert.ok(result.time.to.isSame(moment.tz(\"2024-01-10T15:45:00.000\",\"Europe/Berlin\")),`${result.time.to.toJSON()} === 2024-01-10T15:45:00.000`)",
                  "err": {},
                  "uuid": "4b01fbe9-47bb-4c4a-935b-e3708fd98598",
                  "parentUUID": "af9e617d-95e0-47e1-b6ab-7213d613af40",
                  "isHook": false,
                  "skipped": false
                },
                {
                  "title": "should detect invoice mails (2020)",
                  "fullTitle": "Parser parseMail should detect invoice mails (2020)",
                  "timedOut": false,
                  "duration": 4,
                  "state": "passed",
                  "speed": "fast",
                  "pass": true,
                  "fail": false,
                  "pending": false,
                  "context": null,
                  "code": "const mail=await readFile(fixtures+\"/invoice/de_2020.eml\",\"utf-8\");const result=await Parser.parseMail(mail);assert.ok(result);assert.strictEqual(result.type,\"invoice\");assert.strictEqual(result.to,\"**********@tgtg-ical.sebbo.net\");assert.strictEqual(result.orderId,\"too38e9h7io\");assert.ok(result.invoicedAt.isSame(moment(\"2020-07-29T18:17:44.000Z\")))",
                  "err": {},
                  "uuid": "ce278d2e-82ee-4db0-b489-8e2be9cd8bd4",
                  "parentUUID": "af9e617d-95e0-47e1-b6ab-7213d613af40",
                  "isHook": false,
                  "skipped": false
                },
                {
                  "title": "should detect invoice mails (2021)",
                  "fullTitle": "Parser parseMail should detect invoice mails (2021)",
                  "timedOut": false,
                  "duration": 4,
                  "state": "passed",
                  "speed": "fast",
                  "pass": true,
                  "fail": false,
                  "pending": false,
                  "context": null,
                  "code": "const mail=await readFile(fixtures+\"/invoice/de_2021.eml\",\"utf-8\");const result=await Parser.parseMail(mail);assert.ok(result);assert.strictEqual(result.type,\"invoice\");assert.strictEqual(result.to,\"**********@tgtg-ical.sebbo.net\");assert.strictEqual(result.orderId,\"dfaxqeu6f8d\");assert.ok(result.invoicedAt.isSame(moment(\"2021-04-30T15:22:55.000Z\")))",
                  "err": {},
                  "uuid": "4d4a63d9-a6bd-4348-bb44-837df3eb9e11",
                  "parentUUID": "af9e617d-95e0-47e1-b6ab-7213d613af40",
                  "isHook": false,
                  "skipped": false
                },
                {
                  "title": "should detect invoice mails (2023)",
                  "fullTitle": "Parser parseMail should detect invoice mails (2023)",
                  "timedOut": false,
                  "duration": 5,
                  "state": "passed",
                  "speed": "fast",
                  "pass": true,
                  "fail": false,
                  "pending": false,
                  "context": null,
                  "code": "const mail=await readFile(fixtures+\"/invoice/de_2023.eml\",\"utf-8\");const result=await Parser.parseMail(mail);assert.ok(result);assert.strictEqual(result.type,\"invoice\");assert.strictEqual(result.to,\"**********@tgtg-ical.sebbo.net\");assert.strictEqual(result.orderId,\"rio3sec8wgb\");assert.ok(result.invoicedAt.isSame(moment(\"2023-07-24T17:29:16.000Z\")))",
                  "err": {},
                  "uuid": "f80c6c2d-4c7d-4738-bbf9-af9f7f3aed56",
                  "parentUUID": "af9e617d-95e0-47e1-b6ab-7213d613af40",
                  "isHook": false,
                  "skipped": false
                },
                {
                  "title": "should detect cancellation mails (1)",
                  "fullTitle": "Parser parseMail should detect cancellation mails (1)",
                  "timedOut": false,
                  "duration": 3,
                  "state": "passed",
                  "speed": "fast",
                  "pass": true,
                  "fail": false,
                  "pending": false,
                  "context": null,
                  "code": "const mail=await readFile(fixtures+\"/cancellation/de_1.eml\",\"utf-8\");const result=await Parser.parseMail(mail);assert.ok(result);assert.strictEqual(result.type,\"cancel\");assert.strictEqual(result.to,\"**********@tgtg-ical.sebbo.net\");assert.strictEqual(result.orderId,\"gd3sypjntuz\");assert.ok(result.cancelledAt.isSame(moment(\"2023-07-05T17:23:43.000Z\")))",
                  "err": {},
                  "uuid": "6629004f-e3ee-4f3e-abfa-4e8f4ab916ea",
                  "parentUUID": "af9e617d-95e0-47e1-b6ab-7213d613af40",
                  "isHook": false,
                  "skipped": false
                },
                {
                  "title": "should detect cancellation mails (2)",
                  "fullTitle": "Parser parseMail should detect cancellation mails (2)",
                  "timedOut": false,
                  "duration": 3,
                  "state": "passed",
                  "speed": "fast",
                  "pass": true,
                  "fail": false,
                  "pending": false,
                  "context": null,
                  "code": "const mail=await readFile(fixtures+\"/cancellation/de_2.eml\",\"utf-8\");const result=await Parser.parseMail(mail);assert.ok(result);assert.strictEqual(result.type,\"cancel\");assert.strictEqual(result.to,\"**********@tgtg-ical.sebbo.net\");assert.strictEqual(result.orderId,\"q3uxig9diky\");assert.ok(result.cancelledAt.isSame(moment(\"2023-03-09T12:08:29.000Z\")))",
                  "err": {},
                  "uuid": "b1a6bcdf-0fa9-44fa-b1c5-f81ea4ee4c14",
                  "parentUUID": "af9e617d-95e0-47e1-b6ab-7213d613af40",
                  "isHook": false,
                  "skipped": false
                }
              ],
              "suites": [],
              "passes": [
                "1c975f29-e747-48d9-ad61-201ddde9b454",
                "6cb3b023-843d-41c9-bdc2-13749f95140d",
                "1ed8eb0e-909f-4d3a-ad70-10c0bc5a9db1",
                "d3671f35-5f55-4e3b-afc6-4b2c0e36641d",
                "b0a9ffe2-1297-4c17-b1e5-e3f086ce3db5",
                "ca06b44c-7960-48c4-99b4-14e1c6f41572",
                "4b01fbe9-47bb-4c4a-935b-e3708fd98598",
                "ce278d2e-82ee-4db0-b489-8e2be9cd8bd4",
                "4d4a63d9-a6bd-4348-bb44-837df3eb9e11",
                "f80c6c2d-4c7d-4738-bbf9-af9f7f3aed56",
                "6629004f-e3ee-4f3e-abfa-4e8f4ab916ea",
                "b1a6bcdf-0fa9-44fa-b1c5-f81ea4ee4c14"
              ],
              "failures": [],
              "pending": [],
              "skipped": [],
              "duration": 620,
              "root": false,
              "rootEmpty": false,
              "_timeout": 2000
            }
          ],
          "passes": [],
          "failures": [],
          "pending": [],
          "skipped": [],
          "duration": 0,
          "root": false,
          "rootEmpty": false,
          "_timeout": 2000
        }
      ],
      "passes": [],
      "failures": [],
      "pending": [],
      "skipped": [],
      "duration": 0,
      "root": true,
      "rootEmpty": true,
      "_timeout": 2000
    }
  ],
  "meta": {
    "mocha": {
      "version": "10.8.2"
    },
    "mochawesome": {
      "options": {
        "quiet": false,
        "reportFilename": "mochawesome",
        "saveHtml": true,
        "saveJson": true,
        "consoleReporter": "spec",
        "useInlineDiffs": false,
        "code": true
      },
      "version": "7.1.3"
    },
    "marge": {
      "options": null,
      "version": "6.2.0"
    }
  }
}