{
  "stats": {
    "suites": 2,
    "tests": 13,
    "passes": 13,
    "pending": 0,
    "failures": 0,
    "start": "2025-11-12T13:27:41.359Z",
    "end": "2025-11-12T13:27:41.467Z",
    "duration": 108,
    "testsRegistered": 13,
    "passPercent": 100,
    "pendingPercent": 0,
    "other": 0,
    "hasOther": false,
    "skipped": 0,
    "hasSkipped": false
  },
  "results": [
    {
      "uuid": "845d9713-a011-4b49-a5a0-f2ae6b0ffdb2",
      "title": "",
      "fullFile": "/home/runner/work/tgtg-ical/tgtg-ical/test/lib/parser.spec.ts",
      "file": "/test/lib/parser.spec.ts",
      "beforeHooks": [],
      "afterHooks": [],
      "tests": [],
      "suites": [
        {
          "uuid": "7db9eb5b-8b70-403c-a1b7-60ac67cf7992",
          "title": "Parser",
          "fullFile": "/home/runner/work/tgtg-ical/tgtg-ical/test/lib/parser.spec.ts",
          "file": "/test/lib/parser.spec.ts",
          "beforeHooks": [],
          "afterHooks": [],
          "tests": [],
          "suites": [
            {
              "uuid": "dfee044b-5d8f-4556-b7bb-1425e465c52a",
              "title": "parseMail",
              "fullFile": "/home/runner/work/tgtg-ical/tgtg-ical/test/lib/parser.spec.ts",
              "file": "/test/lib/parser.spec.ts",
              "beforeHooks": [],
              "afterHooks": [],
              "tests": [
                {
                  "title": "should parse order mails (2025)",
                  "fullTitle": "Parser parseMail should parse order mails (2025)",
                  "timedOut": false,
                  "duration": 32,
                  "state": "passed",
                  "speed": "fast",
                  "pass": true,
                  "fail": false,
                  "pending": false,
                  "context": null,
                  "code": "const mail=await(0,import_promises.readFile)(fixtures+\"/order/de_2025.eml\",\"utf-8\");const result=await import_parser.default.parseMail(mail);assert.ok(result);assert.strictEqual(result.type,\"order\");assert.strictEqual(result.orderId,\"a85czf7ca5sx0\");assert.strictEqual(result.location.name,\"Restaurant \\xC4nnchen von Tharau\");assert.strictEqual(result.location.address,\"Rolandufer 6, 10179 Berlin, Deutschland\");assert.ok(result.time.from.isSame(import_moment_timezone.default.tz(\"2025-01-24T14:00:00.000\",\"Europe/Berlin\")));assert.ok(result.time.to.isSame(import_moment_timezone.default.tz(\"2025-01-24T14:30:00.000\",\"Europe/Berlin\")));assert.strictEqual(result.amount,3);assert.strictEqual(result.price,1140)",
                  "err": {},
                  "uuid": "b06629ae-fa1a-4b61-ab89-b4eb4625f6e8",
                  "parentUUID": "dfee044b-5d8f-4556-b7bb-1425e465c52a",
                  "isHook": false,
                  "skipped": false
                },
                {
                  "title": "should parse order mails (2024)",
                  "fullTitle": "Parser parseMail should parse order mails (2024)",
                  "timedOut": false,
                  "duration": 10,
                  "state": "passed",
                  "speed": "fast",
                  "pass": true,
                  "fail": false,
                  "pending": false,
                  "context": null,
                  "code": "const mail=await(0,import_promises.readFile)(fixtures+\"/order/de_2024.eml\",\"utf-8\");const result=await import_parser.default.parseMail(mail);assert.ok(result);assert.strictEqual(result.type,\"order\");assert.strictEqual(result.orderId,\"e8344qmk23750\");assert.strictEqual(result.location.name,\"Nordsee - Spandauer Stra\\xDFe\");assert.strictEqual(result.location.address,\"Spandauer Str. 4, 10178 Berlin, Deutschland\");assert.ok(result.time.from.isSame(import_moment_timezone.default.tz(\"2024-10-21T18:00:00.000\",\"Europe/Berlin\")));assert.ok(result.time.to.isSame(import_moment_timezone.default.tz(\"2024-10-21T18:30:00.000\",\"Europe/Berlin\")));assert.strictEqual(result.amount,2);assert.strictEqual(result.price,800)",
                  "err": {},
                  "uuid": "3a19b67f-b89c-44e2-ac1a-a6e9377753a1",
                  "parentUUID": "dfee044b-5d8f-4556-b7bb-1425e465c52a",
                  "isHook": false,
                  "skipped": false
                },
                {
                  "title": "should parse order mails (2023)",
                  "fullTitle": "Parser parseMail should parse order mails (2023)",
                  "timedOut": false,
                  "duration": 10,
                  "state": "passed",
                  "speed": "fast",
                  "pass": true,
                  "fail": false,
                  "pending": false,
                  "context": null,
                  "code": "const mail=await(0,import_promises.readFile)(fixtures+\"/order/de_2023.eml\",\"utf-8\");const result=await import_parser.default.parseMail(mail);assert.ok(result);assert.strictEqual(result.type,\"order\");assert.strictEqual(result.orderId,\"rio3sec8wgb\");assert.deepStrictEqual(result.location,{address:\"Spandauer Str. 4, 10178 Berlin, Deutschland\",name:\"Nordsee - Spandauer Stra\\xDFe\"});assert.ok(result.time.from.isSame(import_moment_timezone.default.tz(\"2023-07-24T18:30:00.000\",\"Europe/Berlin\")));assert.ok(result.time.to.isSame(import_moment_timezone.default.tz(\"2023-07-24T19:00:00.000\",\"Europe/Berlin\")));assert.strictEqual(result.amount,2);assert.strictEqual(result.price,700)",
                  "err": {},
                  "uuid": "e507232a-ba6f-43ae-be10-2cd7f7d3c75d",
                  "parentUUID": "dfee044b-5d8f-4556-b7bb-1425e465c52a",
                  "isHook": false,
                  "skipped": false
                },
                {
                  "title": "should parse order mails (2023 + HTML encoding)",
                  "fullTitle": "Parser parseMail should parse order mails (2023 + HTML encoding)",
                  "timedOut": false,
                  "duration": 4,
                  "state": "passed",
                  "speed": "fast",
                  "pass": true,
                  "fail": false,
                  "pending": false,
                  "context": null,
                  "code": "const mail=await(0,import_promises.readFile)(fixtures+\"/order/de_2023_encoding.eml\",\"utf-8\");const result=await import_parser.default.parseMail(mail);assert.ok(result);assert.strictEqual(result.type,\"order\");assert.strictEqual(result.orderId,\"kknd37xqvo3\");assert.deepStrictEqual(result.location,{address:\"Alte Jakobstra\\xDFe 77, 10179 Berlin, Deutschland\",name:\"Crunchy & Soft Bakery\"});assert.ok(result.time.from.isSame(import_moment_timezone.default.tz(\"2023-10-27T10:00:00.000\",\"Europe/Berlin\")));assert.ok(result.time.to.isSame(import_moment_timezone.default.tz(\"2023-10-27T11:00:00.000\",\"Europe/Berlin\")));assert.strictEqual(result.amount,1);assert.strictEqual(result.price,300)",
                  "err": {},
                  "uuid": "95a58b4a-919c-4d2e-acf1-ee76710b0164",
                  "parentUUID": "dfee044b-5d8f-4556-b7bb-1425e465c52a",
                  "isHook": false,
                  "skipped": false
                },
                {
                  "title": "should parse order mails (2021)",
                  "fullTitle": "Parser parseMail should parse order mails (2021)",
                  "timedOut": false,
                  "duration": 7,
                  "state": "passed",
                  "speed": "fast",
                  "pass": true,
                  "fail": false,
                  "pending": false,
                  "context": null,
                  "code": "const mail=await(0,import_promises.readFile)(fixtures+\"/order/de_2021.eml\",\"utf-8\");const result=await import_parser.default.parseMail(mail);assert.ok(result);assert.strictEqual(result.type,\"order\");assert.strictEqual(result.orderId,\"dfaxqeu6f8d\");assert.deepStrictEqual(result.location,{address:\"Friedrichstra\\xDFe 41, 10969 Berlin, Deutschland\",name:\"Kamps Backstube - Checkpoint Charlie\"});const year=(0,import_moment_timezone.default)(result.time.order).year();assert.ok(result.time.from.isSame(import_moment_timezone.default.tz(year+\"-04-30T16:30:00.000\",\"Europe/Berlin\")));assert.ok(result.time.to.isSame(import_moment_timezone.default.tz(year+\"-04-30T17:00:00.000\",\"Europe/Berlin\")));assert.strictEqual(result.amount,1);assert.strictEqual(result.price,430)",
                  "err": {},
                  "uuid": "a6301071-80fd-4e16-8904-c58041d0d889",
                  "parentUUID": "dfee044b-5d8f-4556-b7bb-1425e465c52a",
                  "isHook": false,
                  "skipped": false
                },
                {
                  "title": "should parse order mails (2020)",
                  "fullTitle": "Parser parseMail should parse order mails (2020)",
                  "timedOut": false,
                  "duration": 5,
                  "state": "passed",
                  "speed": "fast",
                  "pass": true,
                  "fail": false,
                  "pending": false,
                  "context": null,
                  "code": "const mail=await(0,import_promises.readFile)(fixtures+\"/order/de_2020.eml\",\"utf-8\");const result=await import_parser.default.parseMail(mail);assert.ok(result);assert.strictEqual(result.type,\"order\");assert.strictEqual(result.orderId,\"too38e9h7io\");assert.deepStrictEqual(result.location,{address:\"Europaplatz 1, 10557 Berlin, Deutschland\",name:\"Rice On! - Berlin\"});assert.ok(result.time.from.isSame(import_moment_timezone.default.tz(\"2020-07-29T18:30:00.000\",\"Europe/Berlin\")));assert.ok(result.time.to.isSame(import_moment_timezone.default.tz(\"2020-07-29T19:00:00.000\",\"Europe/Berlin\")));assert.strictEqual(result.amount,1);assert.strictEqual(result.price,400)",
                  "err": {},
                  "uuid": "4a7d661a-4e14-4118-b943-20b7930a2724",
                  "parentUUID": "dfee044b-5d8f-4556-b7bb-1425e465c52a",
                  "isHook": false,
                  "skipped": false
                },
                {
                  "title": "should parse time changes (2023)",
                  "fullTitle": "Parser parseMail should parse time changes (2023)",
                  "timedOut": false,
                  "duration": 4,
                  "state": "passed",
                  "speed": "fast",
                  "pass": true,
                  "fail": false,
                  "pending": false,
                  "context": null,
                  "code": "const mail=await(0,import_promises.readFile)(fixtures+\"/time-changed/de_2023.eml\",\"utf-8\");const result=await import_parser.default.parseMail(mail);assert.ok(result);assert.strictEqual(result.type,\"change\");assert.strictEqual(result.orderId,\"ecqpn6ux8sd\");assert.ok(result.time.from.isSame(import_moment_timezone.default.tz(\"2023-06-28T18:20:00.000\",\"Europe/Berlin\")),`${result.time.from.toJSON()} === 2023-06-28T18:20:00.000`);assert.ok(result.time.to.isSame(import_moment_timezone.default.tz(\"2023-06-28T19:30:00.000\",\"Europe/Berlin\")),`${result.time.to.toJSON()} === 2023-06-28T19:30:00.000`)",
                  "err": {},
                  "uuid": "c14d392d-0bd7-4c01-97fe-d25c962b252c",
                  "parentUUID": "dfee044b-5d8f-4556-b7bb-1425e465c52a",
                  "isHook": false,
                  "skipped": false
                },
                {
                  "title": "should parse time changes (2024)",
                  "fullTitle": "Parser parseMail should parse time changes (2024)",
                  "timedOut": false,
                  "duration": 5,
                  "state": "passed",
                  "speed": "fast",
                  "pass": true,
                  "fail": false,
                  "pending": false,
                  "context": null,
                  "code": "const mail=await(0,import_promises.readFile)(fixtures+\"/time-changed/de_2024.eml\",\"utf-8\");const result=await import_parser.default.parseMail(mail);assert.ok(result);assert.strictEqual(result.type,\"change\");assert.strictEqual(result.orderId,\"8grepd07bgz\");assert.ok(result.time.from.isSame(import_moment_timezone.default.tz(\"2024-01-10T15:30:00.000\",\"Europe/Berlin\")),`${result.time.from.toJSON()} === 2024-01-10T15:30:00.000`);assert.ok(result.time.to.isSame(import_moment_timezone.default.tz(\"2024-01-10T15:45:00.000\",\"Europe/Berlin\")),`${result.time.to.toJSON()} === 2024-01-10T15:45:00.000`)",
                  "err": {},
                  "uuid": "55d53d1f-531b-4986-9b11-cf074a15a51d",
                  "parentUUID": "dfee044b-5d8f-4556-b7bb-1425e465c52a",
                  "isHook": false,
                  "skipped": false
                },
                {
                  "title": "should detect invoice mails (2020)",
                  "fullTitle": "Parser parseMail should detect invoice mails (2020)",
                  "timedOut": false,
                  "duration": 6,
                  "state": "passed",
                  "speed": "fast",
                  "pass": true,
                  "fail": false,
                  "pending": false,
                  "context": null,
                  "code": "const mail=await(0,import_promises.readFile)(fixtures+\"/invoice/de_2020.eml\",\"utf-8\");const result=await import_parser.default.parseMail(mail);assert.ok(result);assert.strictEqual(result.type,\"invoice\");assert.strictEqual(result.to,\"**********@tgtg-ical.sebbo.net\");assert.strictEqual(result.orderId,\"too38e9h7io\");assert.ok(result.invoicedAt.isSame((0,import_moment_timezone.default)(\"2020-07-29T18:17:44.000Z\")))",
                  "err": {},
                  "uuid": "5187ee33-7fa6-4d4c-b0d9-9f03abcb91c2",
                  "parentUUID": "dfee044b-5d8f-4556-b7bb-1425e465c52a",
                  "isHook": false,
                  "skipped": false
                },
                {
                  "title": "should detect invoice mails (2021)",
                  "fullTitle": "Parser parseMail should detect invoice mails (2021)",
                  "timedOut": false,
                  "duration": 4,
                  "state": "passed",
                  "speed": "fast",
                  "pass": true,
                  "fail": false,
                  "pending": false,
                  "context": null,
                  "code": "const mail=await(0,import_promises.readFile)(fixtures+\"/invoice/de_2021.eml\",\"utf-8\");const result=await import_parser.default.parseMail(mail);assert.ok(result);assert.strictEqual(result.type,\"invoice\");assert.strictEqual(result.to,\"**********@tgtg-ical.sebbo.net\");assert.strictEqual(result.orderId,\"dfaxqeu6f8d\");assert.ok(result.invoicedAt.isSame((0,import_moment_timezone.default)(\"2021-04-30T15:22:55.000Z\")))",
                  "err": {},
                  "uuid": "fbf8a683-becf-49c0-8e67-2f4513e9653c",
                  "parentUUID": "dfee044b-5d8f-4556-b7bb-1425e465c52a",
                  "isHook": false,
                  "skipped": false
                },
                {
                  "title": "should detect invoice mails (2023)",
                  "fullTitle": "Parser parseMail should detect invoice mails (2023)",
                  "timedOut": false,
                  "duration": 6,
                  "state": "passed",
                  "speed": "fast",
                  "pass": true,
                  "fail": false,
                  "pending": false,
                  "context": null,
                  "code": "const mail=await(0,import_promises.readFile)(fixtures+\"/invoice/de_2023.eml\",\"utf-8\");const result=await import_parser.default.parseMail(mail);assert.ok(result);assert.strictEqual(result.type,\"invoice\");assert.strictEqual(result.to,\"**********@tgtg-ical.sebbo.net\");assert.strictEqual(result.orderId,\"rio3sec8wgb\");assert.ok(result.invoicedAt.isSame((0,import_moment_timezone.default)(\"2023-07-24T17:29:16.000Z\")))",
                  "err": {},
                  "uuid": "595a0674-9668-4414-b21b-c6017f7ddddb",
                  "parentUUID": "dfee044b-5d8f-4556-b7bb-1425e465c52a",
                  "isHook": false,
                  "skipped": false
                },
                {
                  "title": "should detect cancellation mails (1)",
                  "fullTitle": "Parser parseMail should detect cancellation mails (1)",
                  "timedOut": false,
                  "duration": 3,
                  "state": "passed",
                  "speed": "fast",
                  "pass": true,
                  "fail": false,
                  "pending": false,
                  "context": null,
                  "code": "const mail=await(0,import_promises.readFile)(fixtures+\"/cancellation/de_1.eml\",\"utf-8\");const result=await import_parser.default.parseMail(mail);assert.ok(result);assert.strictEqual(result.type,\"cancel\");assert.strictEqual(result.to,\"**********@tgtg-ical.sebbo.net\");assert.strictEqual(result.orderId,\"gd3sypjntuz\");assert.ok(result.cancelledAt.isSame((0,import_moment_timezone.default)(\"2023-07-05T17:23:43.000Z\")))",
                  "err": {},
                  "uuid": "0e3ff5ff-19f5-49b3-86b5-7874b9b0ada2",
                  "parentUUID": "dfee044b-5d8f-4556-b7bb-1425e465c52a",
                  "isHook": false,
                  "skipped": false
                },
                {
                  "title": "should detect cancellation mails (2)",
                  "fullTitle": "Parser parseMail should detect cancellation mails (2)",
                  "timedOut": false,
                  "duration": 4,
                  "state": "passed",
                  "speed": "fast",
                  "pass": true,
                  "fail": false,
                  "pending": false,
                  "context": null,
                  "code": "const mail=await(0,import_promises.readFile)(fixtures+\"/cancellation/de_2.eml\",\"utf-8\");const result=await import_parser.default.parseMail(mail);assert.ok(result);assert.strictEqual(result.type,\"cancel\");assert.strictEqual(result.to,\"**********@tgtg-ical.sebbo.net\");assert.strictEqual(result.orderId,\"q3uxig9diky\");assert.ok(result.cancelledAt.isSame((0,import_moment_timezone.default)(\"2023-03-09T12:08:29.000Z\")))",
                  "err": {},
                  "uuid": "4cd951d8-58b4-48e0-a690-8afd7844d436",
                  "parentUUID": "dfee044b-5d8f-4556-b7bb-1425e465c52a",
                  "isHook": false,
                  "skipped": false
                }
              ],
              "suites": [],
              "passes": [
                "b06629ae-fa1a-4b61-ab89-b4eb4625f6e8",
                "3a19b67f-b89c-44e2-ac1a-a6e9377753a1",
                "e507232a-ba6f-43ae-be10-2cd7f7d3c75d",
                "95a58b4a-919c-4d2e-acf1-ee76710b0164",
                "a6301071-80fd-4e16-8904-c58041d0d889",
                "4a7d661a-4e14-4118-b943-20b7930a2724",
                "c14d392d-0bd7-4c01-97fe-d25c962b252c",
                "55d53d1f-531b-4986-9b11-cf074a15a51d",
                "5187ee33-7fa6-4d4c-b0d9-9f03abcb91c2",
                "fbf8a683-becf-49c0-8e67-2f4513e9653c",
                "595a0674-9668-4414-b21b-c6017f7ddddb",
                "0e3ff5ff-19f5-49b3-86b5-7874b9b0ada2",
                "4cd951d8-58b4-48e0-a690-8afd7844d436"
              ],
              "failures": [],
              "pending": [],
              "skipped": [],
              "duration": 100,
              "root": false,
              "rootEmpty": false,
              "_timeout": 2000
            }
          ],
          "passes": [],
          "failures": [],
          "pending": [],
          "skipped": [],
          "duration": 0,
          "root": false,
          "rootEmpty": false,
          "_timeout": 2000
        }
      ],
      "passes": [],
      "failures": [],
      "pending": [],
      "skipped": [],
      "duration": 0,
      "root": true,
      "rootEmpty": true,
      "_timeout": 2000
    }
  ],
  "meta": {
    "mocha": {
      "version": "11.7.4"
    },
    "mochawesome": {
      "options": {
        "quiet": false,
        "reportFilename": "mochawesome",
        "saveHtml": true,
        "saveJson": true,
        "consoleReporter": "spec",
        "useInlineDiffs": false,
        "code": true
      },
      "version": "7.1.4"
    },
    "marge": {
      "options": null,
      "version": "6.3.0"
    }
  }
}