{
  "stats": {
    "suites": 2,
    "tests": 13,
    "passes": 13,
    "pending": 0,
    "failures": 0,
    "start": "2025-08-05T09:26:06.574Z",
    "end": "2025-08-05T09:26:06.673Z",
    "duration": 99,
    "testsRegistered": 13,
    "passPercent": 100,
    "pendingPercent": 0,
    "other": 0,
    "hasOther": false,
    "skipped": 0,
    "hasSkipped": false
  },
  "results": [
    {
      "uuid": "4ac20610-1a4c-46c1-adc0-0c696bb1d0b2",
      "title": "",
      "fullFile": "/home/runner/work/tgtg-ical/tgtg-ical/test/lib/parser.spec.ts",
      "file": "/test/lib/parser.spec.ts",
      "beforeHooks": [],
      "afterHooks": [],
      "tests": [],
      "suites": [
        {
          "uuid": "5800e7b2-8bad-4b87-9d4e-f3cb9f7e6ae4",
          "title": "Parser",
          "fullFile": "/home/runner/work/tgtg-ical/tgtg-ical/test/lib/parser.spec.ts",
          "file": "/test/lib/parser.spec.ts",
          "beforeHooks": [],
          "afterHooks": [],
          "tests": [],
          "suites": [
            {
              "uuid": "84629e8f-3cfc-4bd6-ac57-bfa0c1203f4a",
              "title": "parseMail",
              "fullFile": "/home/runner/work/tgtg-ical/tgtg-ical/test/lib/parser.spec.ts",
              "file": "/test/lib/parser.spec.ts",
              "beforeHooks": [],
              "afterHooks": [],
              "tests": [
                {
                  "title": "should parse order mails (2025)",
                  "fullTitle": "Parser parseMail should parse order mails (2025)",
                  "timedOut": false,
                  "duration": 29,
                  "state": "passed",
                  "speed": "fast",
                  "pass": true,
                  "fail": false,
                  "pending": false,
                  "context": null,
                  "code": "const mail=await(0,import_promises.readFile)(fixtures+\"/order/de_2025.eml\",\"utf-8\");const result=await import_parser.default.parseMail(mail);assert.ok(result);assert.strictEqual(result.type,\"order\");assert.strictEqual(result.orderId,\"a85czf7ca5sx0\");assert.strictEqual(result.location.name,\"Restaurant \\xC4nnchen von Tharau\");assert.strictEqual(result.location.address,\"Rolandufer 6, 10179 Berlin, Deutschland\");assert.ok(result.time.from.isSame(import_moment_timezone.default.tz(\"2025-01-24T14:00:00.000\",\"Europe/Berlin\")));assert.ok(result.time.to.isSame(import_moment_timezone.default.tz(\"2025-01-24T14:30:00.000\",\"Europe/Berlin\")));assert.strictEqual(result.amount,3);assert.strictEqual(result.price,1140)",
                  "err": {},
                  "uuid": "199ce117-a34d-4a07-b21a-d4b50b07afe4",
                  "parentUUID": "84629e8f-3cfc-4bd6-ac57-bfa0c1203f4a",
                  "isHook": false,
                  "skipped": false
                },
                {
                  "title": "should parse order mails (2024)",
                  "fullTitle": "Parser parseMail should parse order mails (2024)",
                  "timedOut": false,
                  "duration": 8,
                  "state": "passed",
                  "speed": "fast",
                  "pass": true,
                  "fail": false,
                  "pending": false,
                  "context": null,
                  "code": "const mail=await(0,import_promises.readFile)(fixtures+\"/order/de_2024.eml\",\"utf-8\");const result=await import_parser.default.parseMail(mail);assert.ok(result);assert.strictEqual(result.type,\"order\");assert.strictEqual(result.orderId,\"e8344qmk23750\");assert.strictEqual(result.location.name,\"Nordsee - Spandauer Stra\\xDFe\");assert.strictEqual(result.location.address,\"Spandauer Str. 4, 10178 Berlin, Deutschland\");assert.ok(result.time.from.isSame(import_moment_timezone.default.tz(\"2024-10-21T18:00:00.000\",\"Europe/Berlin\")));assert.ok(result.time.to.isSame(import_moment_timezone.default.tz(\"2024-10-21T18:30:00.000\",\"Europe/Berlin\")));assert.strictEqual(result.amount,2);assert.strictEqual(result.price,800)",
                  "err": {},
                  "uuid": "8276dbeb-b475-4d83-9e74-6d5405e8acc9",
                  "parentUUID": "84629e8f-3cfc-4bd6-ac57-bfa0c1203f4a",
                  "isHook": false,
                  "skipped": false
                },
                {
                  "title": "should parse order mails (2023)",
                  "fullTitle": "Parser parseMail should parse order mails (2023)",
                  "timedOut": false,
                  "duration": 9,
                  "state": "passed",
                  "speed": "fast",
                  "pass": true,
                  "fail": false,
                  "pending": false,
                  "context": null,
                  "code": "const mail=await(0,import_promises.readFile)(fixtures+\"/order/de_2023.eml\",\"utf-8\");const result=await import_parser.default.parseMail(mail);assert.ok(result);assert.strictEqual(result.type,\"order\");assert.strictEqual(result.orderId,\"rio3sec8wgb\");assert.deepStrictEqual(result.location,{address:\"Spandauer Str. 4, 10178 Berlin, Deutschland\",name:\"Nordsee - Spandauer Stra\\xDFe\"});assert.ok(result.time.from.isSame(import_moment_timezone.default.tz(\"2023-07-24T18:30:00.000\",\"Europe/Berlin\")));assert.ok(result.time.to.isSame(import_moment_timezone.default.tz(\"2023-07-24T19:00:00.000\",\"Europe/Berlin\")));assert.strictEqual(result.amount,2);assert.strictEqual(result.price,700)",
                  "err": {},
                  "uuid": "a9982547-04a0-44b6-9669-538062933c88",
                  "parentUUID": "84629e8f-3cfc-4bd6-ac57-bfa0c1203f4a",
                  "isHook": false,
                  "skipped": false
                },
                {
                  "title": "should parse order mails (2023 + HTML encoding)",
                  "fullTitle": "Parser parseMail should parse order mails (2023 + HTML encoding)",
                  "timedOut": false,
                  "duration": 4,
                  "state": "passed",
                  "speed": "fast",
                  "pass": true,
                  "fail": false,
                  "pending": false,
                  "context": null,
                  "code": "const mail=await(0,import_promises.readFile)(fixtures+\"/order/de_2023_encoding.eml\",\"utf-8\");const result=await import_parser.default.parseMail(mail);assert.ok(result);assert.strictEqual(result.type,\"order\");assert.strictEqual(result.orderId,\"kknd37xqvo3\");assert.deepStrictEqual(result.location,{address:\"Alte Jakobstra\\xDFe 77, 10179 Berlin, Deutschland\",name:\"Crunchy & Soft Bakery\"});assert.ok(result.time.from.isSame(import_moment_timezone.default.tz(\"2023-10-27T10:00:00.000\",\"Europe/Berlin\")));assert.ok(result.time.to.isSame(import_moment_timezone.default.tz(\"2023-10-27T11:00:00.000\",\"Europe/Berlin\")));assert.strictEqual(result.amount,1);assert.strictEqual(result.price,300)",
                  "err": {},
                  "uuid": "fbda9a06-6123-4d9a-9338-fd8a7b55a643",
                  "parentUUID": "84629e8f-3cfc-4bd6-ac57-bfa0c1203f4a",
                  "isHook": false,
                  "skipped": false
                },
                {
                  "title": "should parse order mails (2021)",
                  "fullTitle": "Parser parseMail should parse order mails (2021)",
                  "timedOut": false,
                  "duration": 7,
                  "state": "passed",
                  "speed": "fast",
                  "pass": true,
                  "fail": false,
                  "pending": false,
                  "context": null,
                  "code": "const mail=await(0,import_promises.readFile)(fixtures+\"/order/de_2021.eml\",\"utf-8\");const result=await import_parser.default.parseMail(mail);assert.ok(result);assert.strictEqual(result.type,\"order\");assert.strictEqual(result.orderId,\"dfaxqeu6f8d\");assert.deepStrictEqual(result.location,{address:\"Friedrichstra\\xDFe 41, 10969 Berlin, Deutschland\",name:\"Kamps Backstube - Checkpoint Charlie\"});const year=(0,import_moment_timezone.default)(result.time.order).year();assert.ok(result.time.from.isSame(import_moment_timezone.default.tz(year+\"-04-30T16:30:00.000\",\"Europe/Berlin\")));assert.ok(result.time.to.isSame(import_moment_timezone.default.tz(year+\"-04-30T17:00:00.000\",\"Europe/Berlin\")));assert.strictEqual(result.amount,1);assert.strictEqual(result.price,430)",
                  "err": {},
                  "uuid": "12ce2008-dbbf-4753-a8b0-8014b9017e39",
                  "parentUUID": "84629e8f-3cfc-4bd6-ac57-bfa0c1203f4a",
                  "isHook": false,
                  "skipped": false
                },
                {
                  "title": "should parse order mails (2020)",
                  "fullTitle": "Parser parseMail should parse order mails (2020)",
                  "timedOut": false,
                  "duration": 3,
                  "state": "passed",
                  "speed": "fast",
                  "pass": true,
                  "fail": false,
                  "pending": false,
                  "context": null,
                  "code": "const mail=await(0,import_promises.readFile)(fixtures+\"/order/de_2020.eml\",\"utf-8\");const result=await import_parser.default.parseMail(mail);assert.ok(result);assert.strictEqual(result.type,\"order\");assert.strictEqual(result.orderId,\"too38e9h7io\");assert.deepStrictEqual(result.location,{address:\"Europaplatz 1, 10557 Berlin, Deutschland\",name:\"Rice On! - Berlin\"});assert.ok(result.time.from.isSame(import_moment_timezone.default.tz(\"2020-07-29T18:30:00.000\",\"Europe/Berlin\")));assert.ok(result.time.to.isSame(import_moment_timezone.default.tz(\"2020-07-29T19:00:00.000\",\"Europe/Berlin\")));assert.strictEqual(result.amount,1);assert.strictEqual(result.price,400)",
                  "err": {},
                  "uuid": "68a5c6cc-311e-4f89-a8b1-2f37a158e448",
                  "parentUUID": "84629e8f-3cfc-4bd6-ac57-bfa0c1203f4a",
                  "isHook": false,
                  "skipped": false
                },
                {
                  "title": "should parse time changes (2023)",
                  "fullTitle": "Parser parseMail should parse time changes (2023)",
                  "timedOut": false,
                  "duration": 4,
                  "state": "passed",
                  "speed": "fast",
                  "pass": true,
                  "fail": false,
                  "pending": false,
                  "context": null,
                  "code": "const mail=await(0,import_promises.readFile)(fixtures+\"/time-changed/de_2023.eml\",\"utf-8\");const result=await import_parser.default.parseMail(mail);assert.ok(result);assert.strictEqual(result.type,\"change\");assert.strictEqual(result.orderId,\"ecqpn6ux8sd\");assert.ok(result.time.from.isSame(import_moment_timezone.default.tz(\"2023-06-28T18:20:00.000\",\"Europe/Berlin\")),`${result.time.from.toJSON()} === 2023-06-28T18:20:00.000`);assert.ok(result.time.to.isSame(import_moment_timezone.default.tz(\"2023-06-28T19:30:00.000\",\"Europe/Berlin\")),`${result.time.to.toJSON()} === 2023-06-28T19:30:00.000`)",
                  "err": {},
                  "uuid": "bc70aca8-0aab-4807-a8c2-041cc1378a49",
                  "parentUUID": "84629e8f-3cfc-4bd6-ac57-bfa0c1203f4a",
                  "isHook": false,
                  "skipped": false
                },
                {
                  "title": "should parse time changes (2024)",
                  "fullTitle": "Parser parseMail should parse time changes (2024)",
                  "timedOut": false,
                  "duration": 4,
                  "state": "passed",
                  "speed": "fast",
                  "pass": true,
                  "fail": false,
                  "pending": false,
                  "context": null,
                  "code": "const mail=await(0,import_promises.readFile)(fixtures+\"/time-changed/de_2024.eml\",\"utf-8\");const result=await import_parser.default.parseMail(mail);assert.ok(result);assert.strictEqual(result.type,\"change\");assert.strictEqual(result.orderId,\"8grepd07bgz\");assert.ok(result.time.from.isSame(import_moment_timezone.default.tz(\"2024-01-10T15:30:00.000\",\"Europe/Berlin\")),`${result.time.from.toJSON()} === 2024-01-10T15:30:00.000`);assert.ok(result.time.to.isSame(import_moment_timezone.default.tz(\"2024-01-10T15:45:00.000\",\"Europe/Berlin\")),`${result.time.to.toJSON()} === 2024-01-10T15:45:00.000`)",
                  "err": {},
                  "uuid": "0746e8ca-eecd-4e1c-8c74-79dbd18008e8",
                  "parentUUID": "84629e8f-3cfc-4bd6-ac57-bfa0c1203f4a",
                  "isHook": false,
                  "skipped": false
                },
                {
                  "title": "should detect invoice mails (2020)",
                  "fullTitle": "Parser parseMail should detect invoice mails (2020)",
                  "timedOut": false,
                  "duration": 4,
                  "state": "passed",
                  "speed": "fast",
                  "pass": true,
                  "fail": false,
                  "pending": false,
                  "context": null,
                  "code": "const mail=await(0,import_promises.readFile)(fixtures+\"/invoice/de_2020.eml\",\"utf-8\");const result=await import_parser.default.parseMail(mail);assert.ok(result);assert.strictEqual(result.type,\"invoice\");assert.strictEqual(result.to,\"**********@tgtg-ical.sebbo.net\");assert.strictEqual(result.orderId,\"too38e9h7io\");assert.ok(result.invoicedAt.isSame((0,import_moment_timezone.default)(\"2020-07-29T18:17:44.000Z\")))",
                  "err": {},
                  "uuid": "d51ce2c8-ef15-4857-b432-255d18c05f5a",
                  "parentUUID": "84629e8f-3cfc-4bd6-ac57-bfa0c1203f4a",
                  "isHook": false,
                  "skipped": false
                },
                {
                  "title": "should detect invoice mails (2021)",
                  "fullTitle": "Parser parseMail should detect invoice mails (2021)",
                  "timedOut": false,
                  "duration": 4,
                  "state": "passed",
                  "speed": "fast",
                  "pass": true,
                  "fail": false,
                  "pending": false,
                  "context": null,
                  "code": "const mail=await(0,import_promises.readFile)(fixtures+\"/invoice/de_2021.eml\",\"utf-8\");const result=await import_parser.default.parseMail(mail);assert.ok(result);assert.strictEqual(result.type,\"invoice\");assert.strictEqual(result.to,\"**********@tgtg-ical.sebbo.net\");assert.strictEqual(result.orderId,\"dfaxqeu6f8d\");assert.ok(result.invoicedAt.isSame((0,import_moment_timezone.default)(\"2021-04-30T15:22:55.000Z\")))",
                  "err": {},
                  "uuid": "0741dd78-940c-463f-98af-2975bd736268",
                  "parentUUID": "84629e8f-3cfc-4bd6-ac57-bfa0c1203f4a",
                  "isHook": false,
                  "skipped": false
                },
                {
                  "title": "should detect invoice mails (2023)",
                  "fullTitle": "Parser parseMail should detect invoice mails (2023)",
                  "timedOut": false,
                  "duration": 8,
                  "state": "passed",
                  "speed": "fast",
                  "pass": true,
                  "fail": false,
                  "pending": false,
                  "context": null,
                  "code": "const mail=await(0,import_promises.readFile)(fixtures+\"/invoice/de_2023.eml\",\"utf-8\");const result=await import_parser.default.parseMail(mail);assert.ok(result);assert.strictEqual(result.type,\"invoice\");assert.strictEqual(result.to,\"**********@tgtg-ical.sebbo.net\");assert.strictEqual(result.orderId,\"rio3sec8wgb\");assert.ok(result.invoicedAt.isSame((0,import_moment_timezone.default)(\"2023-07-24T17:29:16.000Z\")))",
                  "err": {},
                  "uuid": "408777bb-c28f-44f6-a97e-5b243e869fe5",
                  "parentUUID": "84629e8f-3cfc-4bd6-ac57-bfa0c1203f4a",
                  "isHook": false,
                  "skipped": false
                },
                {
                  "title": "should detect cancellation mails (1)",
                  "fullTitle": "Parser parseMail should detect cancellation mails (1)",
                  "timedOut": false,
                  "duration": 2,
                  "state": "passed",
                  "speed": "fast",
                  "pass": true,
                  "fail": false,
                  "pending": false,
                  "context": null,
                  "code": "const mail=await(0,import_promises.readFile)(fixtures+\"/cancellation/de_1.eml\",\"utf-8\");const result=await import_parser.default.parseMail(mail);assert.ok(result);assert.strictEqual(result.type,\"cancel\");assert.strictEqual(result.to,\"**********@tgtg-ical.sebbo.net\");assert.strictEqual(result.orderId,\"gd3sypjntuz\");assert.ok(result.cancelledAt.isSame((0,import_moment_timezone.default)(\"2023-07-05T17:23:43.000Z\")))",
                  "err": {},
                  "uuid": "227c982d-8c01-4fbb-8c1d-e4c8f056e6f8",
                  "parentUUID": "84629e8f-3cfc-4bd6-ac57-bfa0c1203f4a",
                  "isHook": false,
                  "skipped": false
                },
                {
                  "title": "should detect cancellation mails (2)",
                  "fullTitle": "Parser parseMail should detect cancellation mails (2)",
                  "timedOut": false,
                  "duration": 4,
                  "state": "passed",
                  "speed": "fast",
                  "pass": true,
                  "fail": false,
                  "pending": false,
                  "context": null,
                  "code": "const mail=await(0,import_promises.readFile)(fixtures+\"/cancellation/de_2.eml\",\"utf-8\");const result=await import_parser.default.parseMail(mail);assert.ok(result);assert.strictEqual(result.type,\"cancel\");assert.strictEqual(result.to,\"**********@tgtg-ical.sebbo.net\");assert.strictEqual(result.orderId,\"q3uxig9diky\");assert.ok(result.cancelledAt.isSame((0,import_moment_timezone.default)(\"2023-03-09T12:08:29.000Z\")))",
                  "err": {},
                  "uuid": "df6fd8ef-5a85-4f8d-907d-27e76bb7664a",
                  "parentUUID": "84629e8f-3cfc-4bd6-ac57-bfa0c1203f4a",
                  "isHook": false,
                  "skipped": false
                }
              ],
              "suites": [],
              "passes": [
                "199ce117-a34d-4a07-b21a-d4b50b07afe4",
                "8276dbeb-b475-4d83-9e74-6d5405e8acc9",
                "a9982547-04a0-44b6-9669-538062933c88",
                "fbda9a06-6123-4d9a-9338-fd8a7b55a643",
                "12ce2008-dbbf-4753-a8b0-8014b9017e39",
                "68a5c6cc-311e-4f89-a8b1-2f37a158e448",
                "bc70aca8-0aab-4807-a8c2-041cc1378a49",
                "0746e8ca-eecd-4e1c-8c74-79dbd18008e8",
                "d51ce2c8-ef15-4857-b432-255d18c05f5a",
                "0741dd78-940c-463f-98af-2975bd736268",
                "408777bb-c28f-44f6-a97e-5b243e869fe5",
                "227c982d-8c01-4fbb-8c1d-e4c8f056e6f8",
                "df6fd8ef-5a85-4f8d-907d-27e76bb7664a"
              ],
              "failures": [],
              "pending": [],
              "skipped": [],
              "duration": 90,
              "root": false,
              "rootEmpty": false,
              "_timeout": 2000
            }
          ],
          "passes": [],
          "failures": [],
          "pending": [],
          "skipped": [],
          "duration": 0,
          "root": false,
          "rootEmpty": false,
          "_timeout": 2000
        }
      ],
      "passes": [],
      "failures": [],
      "pending": [],
      "skipped": [],
      "duration": 0,
      "root": true,
      "rootEmpty": true,
      "_timeout": 2000
    }
  ],
  "meta": {
    "mocha": {
      "version": "11.7.1"
    },
    "mochawesome": {
      "options": {
        "quiet": false,
        "reportFilename": "mochawesome",
        "saveHtml": true,
        "saveJson": true,
        "consoleReporter": "spec",
        "useInlineDiffs": false,
        "code": true
      },
      "version": "7.1.3"
    },
    "marge": {
      "options": null,
      "version": "6.2.0"
    }
  }
}