{
  "stats": {
    "suites": 2,
    "tests": 11,
    "passes": 11,
    "pending": 0,
    "failures": 0,
    "start": "2024-08-26T08:52:35.160Z",
    "end": "2024-08-26T08:52:35.303Z",
    "duration": 143,
    "testsRegistered": 11,
    "passPercent": 100,
    "pendingPercent": 0,
    "other": 0,
    "hasOther": false,
    "skipped": 0,
    "hasSkipped": false
  },
  "results": [
    {
      "uuid": "9e558d0a-57ab-4d1e-a7af-5f645903de25",
      "title": "",
      "fullFile": "/home/runner/work/tgtg-ical/tgtg-ical/test/lib/parser.spec.ts",
      "file": "/test/lib/parser.spec.ts",
      "beforeHooks": [],
      "afterHooks": [],
      "tests": [],
      "suites": [
        {
          "uuid": "734e4a52-5bb4-4b47-b676-69de02ecc803",
          "title": "Parser",
          "fullFile": "/home/runner/work/tgtg-ical/tgtg-ical/test/lib/parser.spec.ts",
          "file": "/test/lib/parser.spec.ts",
          "beforeHooks": [],
          "afterHooks": [],
          "tests": [],
          "suites": [
            {
              "uuid": "3d59239c-10d2-4f97-b503-9f35e4929405",
              "title": "parseMail",
              "fullFile": "/home/runner/work/tgtg-ical/tgtg-ical/test/lib/parser.spec.ts",
              "file": "/test/lib/parser.spec.ts",
              "beforeHooks": [],
              "afterHooks": [],
              "tests": [
                {
                  "title": "should parse order mails (2023)",
                  "fullTitle": "Parser parseMail should parse order mails (2023)",
                  "timedOut": false,
                  "duration": 68,
                  "state": "passed",
                  "speed": "medium",
                  "pass": true,
                  "fail": false,
                  "pending": false,
                  "context": null,
                  "code": "const mail = await readFile(fixtures + '/order/de_2023.eml', 'utf-8');\nconst result = await Parser.parseMail(mail);\nassert.ok(result);\nassert.strictEqual(result.type, 'order');\nassert.strictEqual(result.orderId, 'rio3sec8wgb');\nassert.deepStrictEqual(result.location, {\n    name: 'Nordsee - Spandauer Straße',\n    address: 'Spandauer Str. 4, 10178 Berlin, Deutschland'\n});\nassert.ok(result.time.from.isSame(moment.tz('2023-07-24T18:30:00.000', 'Europe/Berlin')));\nassert.ok(result.time.to.isSame(moment.tz('2023-07-24T19:00:00.000', 'Europe/Berlin')));\nassert.strictEqual(result.amount, 2);\nassert.strictEqual(result.price, 700);",
                  "err": {},
                  "uuid": "1ff0a9bd-23f8-4d71-96c4-c010e3a96a82",
                  "parentUUID": "3d59239c-10d2-4f97-b503-9f35e4929405",
                  "isHook": false,
                  "skipped": false
                },
                {
                  "title": "should parse order mails (2023 + HTML encoding)",
                  "fullTitle": "Parser parseMail should parse order mails (2023 + HTML encoding)",
                  "timedOut": false,
                  "duration": 11,
                  "state": "passed",
                  "speed": "fast",
                  "pass": true,
                  "fail": false,
                  "pending": false,
                  "context": null,
                  "code": "const mail = await readFile(fixtures + '/order/de_2023_encoding.eml', 'utf-8');\nconst result = await Parser.parseMail(mail);\nassert.ok(result);\nassert.strictEqual(result.type, 'order');\nassert.strictEqual(result.orderId, 'kknd37xqvo3');\nassert.deepStrictEqual(result.location, {\n    name: 'Crunchy & Soft Bakery',\n    address: 'Alte Jakobstraße 77, 10179 Berlin, Deutschland'\n});\nassert.ok(result.time.from.isSame(moment.tz('2023-10-27T10:00:00.000', 'Europe/Berlin')));\nassert.ok(result.time.to.isSame(moment.tz('2023-10-27T11:00:00.000', 'Europe/Berlin')));\nassert.strictEqual(result.amount, 1);\nassert.strictEqual(result.price, 300);",
                  "err": {},
                  "uuid": "fb7a815a-bad4-4ae5-9879-7a4b3befcfe6",
                  "parentUUID": "3d59239c-10d2-4f97-b503-9f35e4929405",
                  "isHook": false,
                  "skipped": false
                },
                {
                  "title": "should parse order mails (2021)",
                  "fullTitle": "Parser parseMail should parse order mails (2021)",
                  "timedOut": false,
                  "duration": 7,
                  "state": "passed",
                  "speed": "fast",
                  "pass": true,
                  "fail": false,
                  "pending": false,
                  "context": null,
                  "code": "const mail = await readFile(fixtures + '/order/de_2021.eml', 'utf-8');\nconst result = await Parser.parseMail(mail);\nassert.ok(result);\nassert.strictEqual(result.type, 'order');\nassert.strictEqual(result.orderId, 'dfaxqeu6f8d');\nassert.deepStrictEqual(result.location, {\n    name: 'Kamps Backstube - Checkpoint Charlie',\n    address: 'Friedrichstraße 41, 10969 Berlin, Deutschland'\n});\nconst year = moment(result.time.order).year();\nassert.ok(result.time.from.isSame(moment.tz(year + '-04-30T16:30:00.000', 'Europe/Berlin')));\nassert.ok(result.time.to.isSame(moment.tz(year + '-04-30T17:00:00.000', 'Europe/Berlin')));\nassert.strictEqual(result.amount, 1);\nassert.strictEqual(result.price, 430);",
                  "err": {},
                  "uuid": "c8f38c7f-f5ff-4251-a3ef-2c1de21b9d89",
                  "parentUUID": "3d59239c-10d2-4f97-b503-9f35e4929405",
                  "isHook": false,
                  "skipped": false
                },
                {
                  "title": "should parse order mails (2020)",
                  "fullTitle": "Parser parseMail should parse order mails (2020)",
                  "timedOut": false,
                  "duration": 8,
                  "state": "passed",
                  "speed": "fast",
                  "pass": true,
                  "fail": false,
                  "pending": false,
                  "context": null,
                  "code": "const mail = await readFile(fixtures + '/order/de_2020.eml', 'utf-8');\nconst result = await Parser.parseMail(mail);\nassert.ok(result);\nassert.strictEqual(result.type, 'order');\nassert.strictEqual(result.orderId, 'too38e9h7io');\nassert.deepStrictEqual(result.location, {\n    name: 'Rice On! - Berlin',\n    address: 'Europaplatz 1, 10557 Berlin, Deutschland'\n});\nassert.ok(result.time.from.isSame(moment.tz('2020-07-29T18:30:00.000', 'Europe/Berlin')));\nassert.ok(result.time.to.isSame(moment.tz('2020-07-29T19:00:00.000', 'Europe/Berlin')));\nassert.strictEqual(result.amount, 1);\nassert.strictEqual(result.price, 400);",
                  "err": {},
                  "uuid": "16193d97-1c7c-46e7-b2b4-028723843ed3",
                  "parentUUID": "3d59239c-10d2-4f97-b503-9f35e4929405",
                  "isHook": false,
                  "skipped": false
                },
                {
                  "title": "should parse time changes (2023)",
                  "fullTitle": "Parser parseMail should parse time changes (2023)",
                  "timedOut": false,
                  "duration": 6,
                  "state": "passed",
                  "speed": "fast",
                  "pass": true,
                  "fail": false,
                  "pending": false,
                  "context": null,
                  "code": "const mail = await readFile(fixtures + '/time-changed/de_2023.eml', 'utf-8');\nconst result = await Parser.parseMail(mail);\nassert.ok(result);\nassert.strictEqual(result.type, 'change');\nassert.strictEqual(result.orderId, 'ecqpn6ux8sd');\nassert.ok(result.time.from.isSame(moment.tz('2023-06-28T18:20:00.000', 'Europe/Berlin')), `${result.time.from.toJSON()} === 2023-06-28T18:20:00.000`);\nassert.ok(result.time.to.isSame(moment.tz('2023-06-28T19:30:00.000', 'Europe/Berlin')), `${result.time.to.toJSON()} === 2023-06-28T19:30:00.000`);",
                  "err": {},
                  "uuid": "efb300ee-595d-43df-8e6e-aa5be5299c43",
                  "parentUUID": "3d59239c-10d2-4f97-b503-9f35e4929405",
                  "isHook": false,
                  "skipped": false
                },
                {
                  "title": "should parse time changes (2024)",
                  "fullTitle": "Parser parseMail should parse time changes (2024)",
                  "timedOut": false,
                  "duration": 6,
                  "state": "passed",
                  "speed": "fast",
                  "pass": true,
                  "fail": false,
                  "pending": false,
                  "context": null,
                  "code": "const mail = await readFile(fixtures + '/time-changed/de_2024.eml', 'utf-8');\nconst result = await Parser.parseMail(mail);\nassert.ok(result);\nassert.strictEqual(result.type, 'change');\nassert.strictEqual(result.orderId, '8grepd07bgz');\nassert.ok(result.time.from.isSame(moment.tz('2024-01-10T15:30:00.000', 'Europe/Berlin')), `${result.time.from.toJSON()} === 2024-01-10T15:30:00.000`);\nassert.ok(result.time.to.isSame(moment.tz('2024-01-10T15:45:00.000', 'Europe/Berlin')), `${result.time.to.toJSON()} === 2024-01-10T15:45:00.000`);",
                  "err": {},
                  "uuid": "92c7db46-819e-4906-82b4-ddbd39064881",
                  "parentUUID": "3d59239c-10d2-4f97-b503-9f35e4929405",
                  "isHook": false,
                  "skipped": false
                },
                {
                  "title": "should detect invoice mails (2020)",
                  "fullTitle": "Parser parseMail should detect invoice mails (2020)",
                  "timedOut": false,
                  "duration": 6,
                  "state": "passed",
                  "speed": "fast",
                  "pass": true,
                  "fail": false,
                  "pending": false,
                  "context": null,
                  "code": "const mail = await readFile(fixtures + '/invoice/de_2020.eml', 'utf-8');\nconst result = await Parser.parseMail(mail);\nassert.ok(result);\nassert.strictEqual(result.type, 'invoice');\nassert.strictEqual(result.to, '**********@tgtg-ical.sebbo.net');\nassert.strictEqual(result.orderId, 'too38e9h7io');\nassert.ok(result.invoicedAt.isSame(moment('2020-07-29T18:17:44.000Z')));",
                  "err": {},
                  "uuid": "eaa31325-dbac-486f-af97-e1777799a0ed",
                  "parentUUID": "3d59239c-10d2-4f97-b503-9f35e4929405",
                  "isHook": false,
                  "skipped": false
                },
                {
                  "title": "should detect invoice mails (2021)",
                  "fullTitle": "Parser parseMail should detect invoice mails (2021)",
                  "timedOut": false,
                  "duration": 5,
                  "state": "passed",
                  "speed": "fast",
                  "pass": true,
                  "fail": false,
                  "pending": false,
                  "context": null,
                  "code": "const mail = await readFile(fixtures + '/invoice/de_2021.eml', 'utf-8');\nconst result = await Parser.parseMail(mail);\nassert.ok(result);\nassert.strictEqual(result.type, 'invoice');\nassert.strictEqual(result.to, '**********@tgtg-ical.sebbo.net');\nassert.strictEqual(result.orderId, 'dfaxqeu6f8d');\nassert.ok(result.invoicedAt.isSame(moment('2021-04-30T15:22:55.000Z')));",
                  "err": {},
                  "uuid": "f91ab691-4eca-4722-9611-f5d65fbf0bc4",
                  "parentUUID": "3d59239c-10d2-4f97-b503-9f35e4929405",
                  "isHook": false,
                  "skipped": false
                },
                {
                  "title": "should detect invoice mails (2023)",
                  "fullTitle": "Parser parseMail should detect invoice mails (2023)",
                  "timedOut": false,
                  "duration": 9,
                  "state": "passed",
                  "speed": "fast",
                  "pass": true,
                  "fail": false,
                  "pending": false,
                  "context": null,
                  "code": "const mail = await readFile(fixtures + '/invoice/de_2023.eml', 'utf-8');\nconst result = await Parser.parseMail(mail);\nassert.ok(result);\nassert.strictEqual(result.type, 'invoice');\nassert.strictEqual(result.to, '**********@tgtg-ical.sebbo.net');\nassert.strictEqual(result.orderId, 'rio3sec8wgb');\nassert.ok(result.invoicedAt.isSame(moment('2023-07-24T17:29:16.000Z')));",
                  "err": {},
                  "uuid": "f08a6e26-7fb1-4965-8533-cbee6dc17f95",
                  "parentUUID": "3d59239c-10d2-4f97-b503-9f35e4929405",
                  "isHook": false,
                  "skipped": false
                },
                {
                  "title": "should detect cancellation mails (1)",
                  "fullTitle": "Parser parseMail should detect cancellation mails (1)",
                  "timedOut": false,
                  "duration": 4,
                  "state": "passed",
                  "speed": "fast",
                  "pass": true,
                  "fail": false,
                  "pending": false,
                  "context": null,
                  "code": "const mail = await readFile(fixtures + '/cancellation/de_1.eml', 'utf-8');\nconst result = await Parser.parseMail(mail);\nassert.ok(result);\nassert.strictEqual(result.type, 'cancel');\nassert.strictEqual(result.to, '**********@tgtg-ical.sebbo.net');\nassert.strictEqual(result.orderId, 'gd3sypjntuz');\nassert.ok(result.cancelledAt.isSame(moment('2023-07-05T17:23:43.000Z')));",
                  "err": {},
                  "uuid": "f9afb37d-99e1-49e7-9baa-a8c617aaf19e",
                  "parentUUID": "3d59239c-10d2-4f97-b503-9f35e4929405",
                  "isHook": false,
                  "skipped": false
                },
                {
                  "title": "should detect cancellation mails (2)",
                  "fullTitle": "Parser parseMail should detect cancellation mails (2)",
                  "timedOut": false,
                  "duration": 4,
                  "state": "passed",
                  "speed": "fast",
                  "pass": true,
                  "fail": false,
                  "pending": false,
                  "context": null,
                  "code": "const mail = await readFile(fixtures + '/cancellation/de_2.eml', 'utf-8');\nconst result = await Parser.parseMail(mail);\nassert.ok(result);\nassert.strictEqual(result.type, 'cancel');\nassert.strictEqual(result.to, '**********@tgtg-ical.sebbo.net');\nassert.strictEqual(result.orderId, 'q3uxig9diky');\nassert.ok(result.cancelledAt.isSame(moment('2023-03-09T12:08:29.000Z')));",
                  "err": {},
                  "uuid": "abcf932a-2eff-4f0c-8fe7-606e4c1c21bc",
                  "parentUUID": "3d59239c-10d2-4f97-b503-9f35e4929405",
                  "isHook": false,
                  "skipped": false
                }
              ],
              "suites": [],
              "passes": [
                "1ff0a9bd-23f8-4d71-96c4-c010e3a96a82",
                "fb7a815a-bad4-4ae5-9879-7a4b3befcfe6",
                "c8f38c7f-f5ff-4251-a3ef-2c1de21b9d89",
                "16193d97-1c7c-46e7-b2b4-028723843ed3",
                "efb300ee-595d-43df-8e6e-aa5be5299c43",
                "92c7db46-819e-4906-82b4-ddbd39064881",
                "eaa31325-dbac-486f-af97-e1777799a0ed",
                "f91ab691-4eca-4722-9611-f5d65fbf0bc4",
                "f08a6e26-7fb1-4965-8533-cbee6dc17f95",
                "f9afb37d-99e1-49e7-9baa-a8c617aaf19e",
                "abcf932a-2eff-4f0c-8fe7-606e4c1c21bc"
              ],
              "failures": [],
              "pending": [],
              "skipped": [],
              "duration": 134,
              "root": false,
              "rootEmpty": false,
              "_timeout": 2000
            }
          ],
          "passes": [],
          "failures": [],
          "pending": [],
          "skipped": [],
          "duration": 0,
          "root": false,
          "rootEmpty": false,
          "_timeout": 2000
        }
      ],
      "passes": [],
      "failures": [],
      "pending": [],
      "skipped": [],
      "duration": 0,
      "root": true,
      "rootEmpty": true,
      "_timeout": 2000
    }
  ],
  "meta": {
    "mocha": {
      "version": "10.7.3"
    },
    "mochawesome": {
      "options": {
        "quiet": false,
        "reportFilename": "mochawesome",
        "saveHtml": true,
        "saveJson": true,
        "consoleReporter": "spec",
        "useInlineDiffs": false,
        "code": true
      },
      "version": "7.1.3"
    },
    "marge": {
      "options": null,
      "version": "6.2.0"
    }
  }
}