{
  "stats": {
    "suites": 2,
    "tests": 13,
    "passes": 13,
    "pending": 0,
    "failures": 0,
    "start": "2025-06-13T17:02:59.052Z",
    "end": "2025-06-13T17:02:59.153Z",
    "duration": 101,
    "testsRegistered": 13,
    "passPercent": 100,
    "pendingPercent": 0,
    "other": 0,
    "hasOther": false,
    "skipped": 0,
    "hasSkipped": false
  },
  "results": [
    {
      "uuid": "6476c43c-5c94-449a-ba20-5abb90048e42",
      "title": "",
      "fullFile": "/home/runner/work/tgtg-ical/tgtg-ical/test/lib/parser.spec.ts",
      "file": "/test/lib/parser.spec.ts",
      "beforeHooks": [],
      "afterHooks": [],
      "tests": [],
      "suites": [
        {
          "uuid": "697bfe3d-6202-4822-a8e8-fe4cfbbc1baa",
          "title": "Parser",
          "fullFile": "/home/runner/work/tgtg-ical/tgtg-ical/test/lib/parser.spec.ts",
          "file": "/test/lib/parser.spec.ts",
          "beforeHooks": [],
          "afterHooks": [],
          "tests": [],
          "suites": [
            {
              "uuid": "1312d07c-f503-46f0-a24f-f62a28358088",
              "title": "parseMail",
              "fullFile": "/home/runner/work/tgtg-ical/tgtg-ical/test/lib/parser.spec.ts",
              "file": "/test/lib/parser.spec.ts",
              "beforeHooks": [],
              "afterHooks": [],
              "tests": [
                {
                  "title": "should parse order mails (2025)",
                  "fullTitle": "Parser parseMail should parse order mails (2025)",
                  "timedOut": false,
                  "duration": 38,
                  "state": "passed",
                  "speed": "medium",
                  "pass": true,
                  "fail": false,
                  "pending": false,
                  "context": null,
                  "code": "const mail=await readFile(fixtures+\"/order/de_2025.eml\",\"utf-8\");const result=await Parser.parseMail(mail);assert.ok(result);assert.strictEqual(result.type,\"order\");assert.strictEqual(result.orderId,\"a85czf7ca5sx0\");assert.strictEqual(result.location.name,\"Restaurant \\xC4nnchen von Tharau\");assert.strictEqual(result.location.address,\"Rolandufer 6, 10179 Berlin, Deutschland\");assert.ok(result.time.from.isSame(moment.tz(\"2025-01-24T14:00:00.000\",\"Europe/Berlin\")));assert.ok(result.time.to.isSame(moment.tz(\"2025-01-24T14:30:00.000\",\"Europe/Berlin\")));assert.strictEqual(result.amount,3);assert.strictEqual(result.price,1140)",
                  "err": {},
                  "uuid": "995d8939-493e-484f-9c98-8da08633a78e",
                  "parentUUID": "1312d07c-f503-46f0-a24f-f62a28358088",
                  "isHook": false,
                  "skipped": false
                },
                {
                  "title": "should parse order mails (2024)",
                  "fullTitle": "Parser parseMail should parse order mails (2024)",
                  "timedOut": false,
                  "duration": 8,
                  "state": "passed",
                  "speed": "fast",
                  "pass": true,
                  "fail": false,
                  "pending": false,
                  "context": null,
                  "code": "const mail=await readFile(fixtures+\"/order/de_2024.eml\",\"utf-8\");const result=await Parser.parseMail(mail);assert.ok(result);assert.strictEqual(result.type,\"order\");assert.strictEqual(result.orderId,\"e8344qmk23750\");assert.strictEqual(result.location.name,\"Nordsee - Spandauer Stra\\xDFe\");assert.strictEqual(result.location.address,\"Spandauer Str. 4, 10178 Berlin, Deutschland\");assert.ok(result.time.from.isSame(moment.tz(\"2024-10-21T18:00:00.000\",\"Europe/Berlin\")));assert.ok(result.time.to.isSame(moment.tz(\"2024-10-21T18:30:00.000\",\"Europe/Berlin\")));assert.strictEqual(result.amount,2);assert.strictEqual(result.price,800)",
                  "err": {},
                  "uuid": "65715516-0b6a-47de-a4bf-492316a396c0",
                  "parentUUID": "1312d07c-f503-46f0-a24f-f62a28358088",
                  "isHook": false,
                  "skipped": false
                },
                {
                  "title": "should parse order mails (2023)",
                  "fullTitle": "Parser parseMail should parse order mails (2023)",
                  "timedOut": false,
                  "duration": 5,
                  "state": "passed",
                  "speed": "fast",
                  "pass": true,
                  "fail": false,
                  "pending": false,
                  "context": null,
                  "code": "const mail=await readFile(fixtures+\"/order/de_2023.eml\",\"utf-8\");const result=await Parser.parseMail(mail);assert.ok(result);assert.strictEqual(result.type,\"order\");assert.strictEqual(result.orderId,\"rio3sec8wgb\");assert.deepStrictEqual(result.location,{address:\"Spandauer Str. 4, 10178 Berlin, Deutschland\",name:\"Nordsee - Spandauer Stra\\xDFe\"});assert.ok(result.time.from.isSame(moment.tz(\"2023-07-24T18:30:00.000\",\"Europe/Berlin\")));assert.ok(result.time.to.isSame(moment.tz(\"2023-07-24T19:00:00.000\",\"Europe/Berlin\")));assert.strictEqual(result.amount,2);assert.strictEqual(result.price,700)",
                  "err": {},
                  "uuid": "35f8bfa6-15b1-44a9-9eb5-54d8380eee06",
                  "parentUUID": "1312d07c-f503-46f0-a24f-f62a28358088",
                  "isHook": false,
                  "skipped": false
                },
                {
                  "title": "should parse order mails (2023 + HTML encoding)",
                  "fullTitle": "Parser parseMail should parse order mails (2023 + HTML encoding)",
                  "timedOut": false,
                  "duration": 5,
                  "state": "passed",
                  "speed": "fast",
                  "pass": true,
                  "fail": false,
                  "pending": false,
                  "context": null,
                  "code": "const mail=await readFile(fixtures+\"/order/de_2023_encoding.eml\",\"utf-8\");const result=await Parser.parseMail(mail);assert.ok(result);assert.strictEqual(result.type,\"order\");assert.strictEqual(result.orderId,\"kknd37xqvo3\");assert.deepStrictEqual(result.location,{address:\"Alte Jakobstra\\xDFe 77, 10179 Berlin, Deutschland\",name:\"Crunchy & Soft Bakery\"});assert.ok(result.time.from.isSame(moment.tz(\"2023-10-27T10:00:00.000\",\"Europe/Berlin\")));assert.ok(result.time.to.isSame(moment.tz(\"2023-10-27T11:00:00.000\",\"Europe/Berlin\")));assert.strictEqual(result.amount,1);assert.strictEqual(result.price,300)",
                  "err": {},
                  "uuid": "168976a1-eb18-4c77-af4c-2d424fd60fcc",
                  "parentUUID": "1312d07c-f503-46f0-a24f-f62a28358088",
                  "isHook": false,
                  "skipped": false
                },
                {
                  "title": "should parse order mails (2021)",
                  "fullTitle": "Parser parseMail should parse order mails (2021)",
                  "timedOut": false,
                  "duration": 7,
                  "state": "passed",
                  "speed": "fast",
                  "pass": true,
                  "fail": false,
                  "pending": false,
                  "context": null,
                  "code": "const mail=await readFile(fixtures+\"/order/de_2021.eml\",\"utf-8\");const result=await Parser.parseMail(mail);assert.ok(result);assert.strictEqual(result.type,\"order\");assert.strictEqual(result.orderId,\"dfaxqeu6f8d\");assert.deepStrictEqual(result.location,{address:\"Friedrichstra\\xDFe 41, 10969 Berlin, Deutschland\",name:\"Kamps Backstube - Checkpoint Charlie\"});const year=moment(result.time.order).year();assert.ok(result.time.from.isSame(moment.tz(year+\"-04-30T16:30:00.000\",\"Europe/Berlin\")));assert.ok(result.time.to.isSame(moment.tz(year+\"-04-30T17:00:00.000\",\"Europe/Berlin\")));assert.strictEqual(result.amount,1);assert.strictEqual(result.price,430)",
                  "err": {},
                  "uuid": "51e497b7-913a-49a8-975f-20e226c0e0cf",
                  "parentUUID": "1312d07c-f503-46f0-a24f-f62a28358088",
                  "isHook": false,
                  "skipped": false
                },
                {
                  "title": "should parse order mails (2020)",
                  "fullTitle": "Parser parseMail should parse order mails (2020)",
                  "timedOut": false,
                  "duration": 3,
                  "state": "passed",
                  "speed": "fast",
                  "pass": true,
                  "fail": false,
                  "pending": false,
                  "context": null,
                  "code": "const mail=await readFile(fixtures+\"/order/de_2020.eml\",\"utf-8\");const result=await Parser.parseMail(mail);assert.ok(result);assert.strictEqual(result.type,\"order\");assert.strictEqual(result.orderId,\"too38e9h7io\");assert.deepStrictEqual(result.location,{address:\"Europaplatz 1, 10557 Berlin, Deutschland\",name:\"Rice On! - Berlin\"});assert.ok(result.time.from.isSame(moment.tz(\"2020-07-29T18:30:00.000\",\"Europe/Berlin\")));assert.ok(result.time.to.isSame(moment.tz(\"2020-07-29T19:00:00.000\",\"Europe/Berlin\")));assert.strictEqual(result.amount,1);assert.strictEqual(result.price,400)",
                  "err": {},
                  "uuid": "d2313e42-9042-4170-8bcf-145d36841e41",
                  "parentUUID": "1312d07c-f503-46f0-a24f-f62a28358088",
                  "isHook": false,
                  "skipped": false
                },
                {
                  "title": "should parse time changes (2023)",
                  "fullTitle": "Parser parseMail should parse time changes (2023)",
                  "timedOut": false,
                  "duration": 4,
                  "state": "passed",
                  "speed": "fast",
                  "pass": true,
                  "fail": false,
                  "pending": false,
                  "context": null,
                  "code": "const mail=await readFile(fixtures+\"/time-changed/de_2023.eml\",\"utf-8\");const result=await Parser.parseMail(mail);assert.ok(result);assert.strictEqual(result.type,\"change\");assert.strictEqual(result.orderId,\"ecqpn6ux8sd\");assert.ok(result.time.from.isSame(moment.tz(\"2023-06-28T18:20:00.000\",\"Europe/Berlin\")),`${result.time.from.toJSON()} === 2023-06-28T18:20:00.000`);assert.ok(result.time.to.isSame(moment.tz(\"2023-06-28T19:30:00.000\",\"Europe/Berlin\")),`${result.time.to.toJSON()} === 2023-06-28T19:30:00.000`)",
                  "err": {},
                  "uuid": "5689ed88-91d6-4d14-a7fb-5e9f67a62ed6",
                  "parentUUID": "1312d07c-f503-46f0-a24f-f62a28358088",
                  "isHook": false,
                  "skipped": false
                },
                {
                  "title": "should parse time changes (2024)",
                  "fullTitle": "Parser parseMail should parse time changes (2024)",
                  "timedOut": false,
                  "duration": 4,
                  "state": "passed",
                  "speed": "fast",
                  "pass": true,
                  "fail": false,
                  "pending": false,
                  "context": null,
                  "code": "const mail=await readFile(fixtures+\"/time-changed/de_2024.eml\",\"utf-8\");const result=await Parser.parseMail(mail);assert.ok(result);assert.strictEqual(result.type,\"change\");assert.strictEqual(result.orderId,\"8grepd07bgz\");assert.ok(result.time.from.isSame(moment.tz(\"2024-01-10T15:30:00.000\",\"Europe/Berlin\")),`${result.time.from.toJSON()} === 2024-01-10T15:30:00.000`);assert.ok(result.time.to.isSame(moment.tz(\"2024-01-10T15:45:00.000\",\"Europe/Berlin\")),`${result.time.to.toJSON()} === 2024-01-10T15:45:00.000`)",
                  "err": {},
                  "uuid": "ab9b376d-a961-4f47-87b8-20e56a9c4651",
                  "parentUUID": "1312d07c-f503-46f0-a24f-f62a28358088",
                  "isHook": false,
                  "skipped": false
                },
                {
                  "title": "should detect invoice mails (2020)",
                  "fullTitle": "Parser parseMail should detect invoice mails (2020)",
                  "timedOut": false,
                  "duration": 4,
                  "state": "passed",
                  "speed": "fast",
                  "pass": true,
                  "fail": false,
                  "pending": false,
                  "context": null,
                  "code": "const mail=await readFile(fixtures+\"/invoice/de_2020.eml\",\"utf-8\");const result=await Parser.parseMail(mail);assert.ok(result);assert.strictEqual(result.type,\"invoice\");assert.strictEqual(result.to,\"**********@tgtg-ical.sebbo.net\");assert.strictEqual(result.orderId,\"too38e9h7io\");assert.ok(result.invoicedAt.isSame(moment(\"2020-07-29T18:17:44.000Z\")))",
                  "err": {},
                  "uuid": "8c2f2d81-ff7d-4d6b-913f-e989b128fa62",
                  "parentUUID": "1312d07c-f503-46f0-a24f-f62a28358088",
                  "isHook": false,
                  "skipped": false
                },
                {
                  "title": "should detect invoice mails (2021)",
                  "fullTitle": "Parser parseMail should detect invoice mails (2021)",
                  "timedOut": false,
                  "duration": 3,
                  "state": "passed",
                  "speed": "fast",
                  "pass": true,
                  "fail": false,
                  "pending": false,
                  "context": null,
                  "code": "const mail=await readFile(fixtures+\"/invoice/de_2021.eml\",\"utf-8\");const result=await Parser.parseMail(mail);assert.ok(result);assert.strictEqual(result.type,\"invoice\");assert.strictEqual(result.to,\"**********@tgtg-ical.sebbo.net\");assert.strictEqual(result.orderId,\"dfaxqeu6f8d\");assert.ok(result.invoicedAt.isSame(moment(\"2021-04-30T15:22:55.000Z\")))",
                  "err": {},
                  "uuid": "39df4b39-d547-4754-999d-2d27312a2d5d",
                  "parentUUID": "1312d07c-f503-46f0-a24f-f62a28358088",
                  "isHook": false,
                  "skipped": false
                },
                {
                  "title": "should detect invoice mails (2023)",
                  "fullTitle": "Parser parseMail should detect invoice mails (2023)",
                  "timedOut": false,
                  "duration": 5,
                  "state": "passed",
                  "speed": "fast",
                  "pass": true,
                  "fail": false,
                  "pending": false,
                  "context": null,
                  "code": "const mail=await readFile(fixtures+\"/invoice/de_2023.eml\",\"utf-8\");const result=await Parser.parseMail(mail);assert.ok(result);assert.strictEqual(result.type,\"invoice\");assert.strictEqual(result.to,\"**********@tgtg-ical.sebbo.net\");assert.strictEqual(result.orderId,\"rio3sec8wgb\");assert.ok(result.invoicedAt.isSame(moment(\"2023-07-24T17:29:16.000Z\")))",
                  "err": {},
                  "uuid": "08f827ec-a851-4665-8bd0-9c5339637a87",
                  "parentUUID": "1312d07c-f503-46f0-a24f-f62a28358088",
                  "isHook": false,
                  "skipped": false
                },
                {
                  "title": "should detect cancellation mails (1)",
                  "fullTitle": "Parser parseMail should detect cancellation mails (1)",
                  "timedOut": false,
                  "duration": 3,
                  "state": "passed",
                  "speed": "fast",
                  "pass": true,
                  "fail": false,
                  "pending": false,
                  "context": null,
                  "code": "const mail=await readFile(fixtures+\"/cancellation/de_1.eml\",\"utf-8\");const result=await Parser.parseMail(mail);assert.ok(result);assert.strictEqual(result.type,\"cancel\");assert.strictEqual(result.to,\"**********@tgtg-ical.sebbo.net\");assert.strictEqual(result.orderId,\"gd3sypjntuz\");assert.ok(result.cancelledAt.isSame(moment(\"2023-07-05T17:23:43.000Z\")))",
                  "err": {},
                  "uuid": "44fc3512-2e58-4be8-8544-351c80ef0922",
                  "parentUUID": "1312d07c-f503-46f0-a24f-f62a28358088",
                  "isHook": false,
                  "skipped": false
                },
                {
                  "title": "should detect cancellation mails (2)",
                  "fullTitle": "Parser parseMail should detect cancellation mails (2)",
                  "timedOut": false,
                  "duration": 3,
                  "state": "passed",
                  "speed": "fast",
                  "pass": true,
                  "fail": false,
                  "pending": false,
                  "context": null,
                  "code": "const mail=await readFile(fixtures+\"/cancellation/de_2.eml\",\"utf-8\");const result=await Parser.parseMail(mail);assert.ok(result);assert.strictEqual(result.type,\"cancel\");assert.strictEqual(result.to,\"**********@tgtg-ical.sebbo.net\");assert.strictEqual(result.orderId,\"q3uxig9diky\");assert.ok(result.cancelledAt.isSame(moment(\"2023-03-09T12:08:29.000Z\")))",
                  "err": {},
                  "uuid": "85bf9580-9856-4bc6-864b-efca7b6bdae4",
                  "parentUUID": "1312d07c-f503-46f0-a24f-f62a28358088",
                  "isHook": false,
                  "skipped": false
                }
              ],
              "suites": [],
              "passes": [
                "995d8939-493e-484f-9c98-8da08633a78e",
                "65715516-0b6a-47de-a4bf-492316a396c0",
                "35f8bfa6-15b1-44a9-9eb5-54d8380eee06",
                "168976a1-eb18-4c77-af4c-2d424fd60fcc",
                "51e497b7-913a-49a8-975f-20e226c0e0cf",
                "d2313e42-9042-4170-8bcf-145d36841e41",
                "5689ed88-91d6-4d14-a7fb-5e9f67a62ed6",
                "ab9b376d-a961-4f47-87b8-20e56a9c4651",
                "8c2f2d81-ff7d-4d6b-913f-e989b128fa62",
                "39df4b39-d547-4754-999d-2d27312a2d5d",
                "08f827ec-a851-4665-8bd0-9c5339637a87",
                "44fc3512-2e58-4be8-8544-351c80ef0922",
                "85bf9580-9856-4bc6-864b-efca7b6bdae4"
              ],
              "failures": [],
              "pending": [],
              "skipped": [],
              "duration": 92,
              "root": false,
              "rootEmpty": false,
              "_timeout": 2000
            }
          ],
          "passes": [],
          "failures": [],
          "pending": [],
          "skipped": [],
          "duration": 0,
          "root": false,
          "rootEmpty": false,
          "_timeout": 2000
        }
      ],
      "passes": [],
      "failures": [],
      "pending": [],
      "skipped": [],
      "duration": 0,
      "root": true,
      "rootEmpty": true,
      "_timeout": 2000
    }
  ],
  "meta": {
    "mocha": {
      "version": "11.5.0"
    },
    "mochawesome": {
      "options": {
        "quiet": false,
        "reportFilename": "mochawesome",
        "saveHtml": true,
        "saveJson": true,
        "consoleReporter": "spec",
        "useInlineDiffs": false,
        "code": true
      },
      "version": "7.1.3"
    },
    "marge": {
      "options": null,
      "version": "6.2.0"
    }
  }
}