{
  "stats": {
    "suites": 2,
    "tests": 9,
    "passes": 9,
    "pending": 0,
    "failures": 0,
    "start": "2023-09-25T03:39:34.710Z",
    "end": "2023-09-25T03:39:34.931Z",
    "duration": 221,
    "testsRegistered": 9,
    "passPercent": 100,
    "pendingPercent": 0,
    "other": 0,
    "hasOther": false,
    "skipped": 0,
    "hasSkipped": false
  },
  "results": [
    {
      "uuid": "368bc597-c4e3-4b64-ac99-6c99946f8619",
      "title": "",
      "fullFile": "/home/runner/work/tgtg-ical/tgtg-ical/test/lib/parser.spec.ts",
      "file": "/test/lib/parser.spec.ts",
      "beforeHooks": [],
      "afterHooks": [],
      "tests": [],
      "suites": [
        {
          "uuid": "a711677f-4daf-48dc-ba26-5d9c45eb56cf",
          "title": "Parser",
          "fullFile": "/home/runner/work/tgtg-ical/tgtg-ical/test/lib/parser.spec.ts",
          "file": "/test/lib/parser.spec.ts",
          "beforeHooks": [],
          "afterHooks": [],
          "tests": [],
          "suites": [
            {
              "uuid": "2f8d52c2-53a4-4a4c-b3a0-49a2f9d5f825",
              "title": "parseMail",
              "fullFile": "/home/runner/work/tgtg-ical/tgtg-ical/test/lib/parser.spec.ts",
              "file": "/test/lib/parser.spec.ts",
              "beforeHooks": [],
              "afterHooks": [],
              "tests": [
                {
                  "title": "should parse order mails (2023)",
                  "fullTitle": "Parser parseMail should parse order mails (2023)",
                  "timedOut": false,
                  "duration": 126,
                  "state": "passed",
                  "speed": "slow",
                  "pass": true,
                  "fail": false,
                  "pending": false,
                  "context": null,
                  "code": "const mail = await readFile(fixtures + '/order/de_2023.eml', 'utf-8');\nconst result = await Parser.parseMail(mail);\nassert.strictEqual(result.type, 'order');\nassert.strictEqual(result.orderId, 'rio3sec8wgb');\nassert.deepStrictEqual(result.location, {\n    name: 'Nordsee - Spandauer Straße',\n    address: 'Spandauer Str. 4, 10178 Berlin, Deutschland'\n});\nassert.ok(result.time.from.isSame(moment.tz('2023-07-24T18:30:00.000', 'Europe/Berlin')));\nassert.ok(result.time.to.isSame(moment.tz('2023-07-24T19:00:00.000', 'Europe/Berlin')));\nassert.strictEqual(result.amount, 2);\nassert.strictEqual(result.price, 700);",
                  "err": {},
                  "uuid": "fb5a4be1-a050-4a61-ac16-b1b425dfd92a",
                  "parentUUID": "2f8d52c2-53a4-4a4c-b3a0-49a2f9d5f825",
                  "isHook": false,
                  "skipped": false
                },
                {
                  "title": "should parse order mails (2021)",
                  "fullTitle": "Parser parseMail should parse order mails (2021)",
                  "timedOut": false,
                  "duration": 27,
                  "state": "passed",
                  "speed": "fast",
                  "pass": true,
                  "fail": false,
                  "pending": false,
                  "context": null,
                  "code": "const mail = await readFile(fixtures + '/order/de_2021.eml', 'utf-8');\nconst result = await Parser.parseMail(mail);\nassert.strictEqual(result.type, 'order');\nassert.strictEqual(result.orderId, 'dfaxqeu6f8d');\nassert.deepStrictEqual(result.location, {\n    name: 'Kamps Backstube - Checkpoint Charlie',\n    address: 'Friedrichstraße 41, 10969 Berlin, Deutschland'\n});\nassert.ok(result.time.from.isSame(moment.tz('2024-04-30T16:30:00.000', 'Europe/Berlin')));\nassert.ok(result.time.to.isSame(moment.tz('2024-04-30T17:00:00.000', 'Europe/Berlin')));\nassert.strictEqual(result.amount, 1);\nassert.strictEqual(result.price, 430);",
                  "err": {},
                  "uuid": "b91dfdec-382e-4819-bbe3-001ca43bb319",
                  "parentUUID": "2f8d52c2-53a4-4a4c-b3a0-49a2f9d5f825",
                  "isHook": false,
                  "skipped": false
                },
                {
                  "title": "should parse order mails (2020)",
                  "fullTitle": "Parser parseMail should parse order mails (2020)",
                  "timedOut": false,
                  "duration": 16,
                  "state": "passed",
                  "speed": "fast",
                  "pass": true,
                  "fail": false,
                  "pending": false,
                  "context": null,
                  "code": "const mail = await readFile(fixtures + '/order/de_2020.eml', 'utf-8');\nconst result = await Parser.parseMail(mail);\nassert.strictEqual(result.type, 'order');\nassert.strictEqual(result.orderId, 'too38e9h7io');\nassert.deepStrictEqual(result.location, {\n    name: 'Rice On! - Berlin',\n    address: 'Europaplatz 1, 10557 Berlin, Deutschland'\n});\nassert.ok(result.time.from.isSame(moment.tz('2024-07-29T18:30:00.000', 'Europe/Berlin')));\nassert.ok(result.time.to.isSame(moment.tz('2024-07-29T19:00:00.000', 'Europe/Berlin')));\nassert.strictEqual(result.amount, 1);\nassert.strictEqual(result.price, 400);",
                  "err": {},
                  "uuid": "f668835a-e473-4558-adc7-4e68d5abe0e9",
                  "parentUUID": "2f8d52c2-53a4-4a4c-b3a0-49a2f9d5f825",
                  "isHook": false,
                  "skipped": false
                },
                {
                  "title": "should parse time changes",
                  "fullTitle": "Parser parseMail should parse time changes",
                  "timedOut": false,
                  "duration": 7,
                  "state": "passed",
                  "speed": "fast",
                  "pass": true,
                  "fail": false,
                  "pending": false,
                  "context": null,
                  "code": "const mail = await readFile(fixtures + '/time-changed/de_2023.eml', 'utf-8');\nconst result = await Parser.parseMail(mail);\nassert.strictEqual(result.type, 'change');\nassert.strictEqual(result.orderId, 'ecqpn6ux8sd');\nassert.ok(result.time.from.isSame(moment.tz('2023-06-28T18:20:00.000', 'Europe/Berlin')), `${result.time.from.toJSON()} === 2023-06-28T18:20:00.000`);\nassert.ok(result.time.to.isSame(moment.tz('2023-06-28T19:30:00.000', 'Europe/Berlin')), `${result.time.to.toJSON()} === 2023-06-28T19:30:00.000`);",
                  "err": {},
                  "uuid": "da44c660-19b8-45f0-851e-8dd1f94c29c7",
                  "parentUUID": "2f8d52c2-53a4-4a4c-b3a0-49a2f9d5f825",
                  "isHook": false,
                  "skipped": false
                },
                {
                  "title": "should detect invoice mails (2020)",
                  "fullTitle": "Parser parseMail should detect invoice mails (2020)",
                  "timedOut": false,
                  "duration": 5,
                  "state": "passed",
                  "speed": "fast",
                  "pass": true,
                  "fail": false,
                  "pending": false,
                  "context": null,
                  "code": "const mail = await readFile(fixtures + '/invoice/de_2020.eml', 'utf-8');\nconst result = await Parser.parseMail(mail);\nassert.strictEqual(result.type, 'invoice');\nassert.strictEqual(result.to, '**********@tgtg-ical.sebbo.net');\nassert.strictEqual(result.orderId, 'too38e9h7io');\nassert.ok(result.invoicedAt.isSame(moment('2020-07-29T18:17:44.000Z')));",
                  "err": {},
                  "uuid": "7c02008f-e183-4dce-ae5a-9c1e0284bfc8",
                  "parentUUID": "2f8d52c2-53a4-4a4c-b3a0-49a2f9d5f825",
                  "isHook": false,
                  "skipped": false
                },
                {
                  "title": "should detect invoice mails (2021)",
                  "fullTitle": "Parser parseMail should detect invoice mails (2021)",
                  "timedOut": false,
                  "duration": 6,
                  "state": "passed",
                  "speed": "fast",
                  "pass": true,
                  "fail": false,
                  "pending": false,
                  "context": null,
                  "code": "const mail = await readFile(fixtures + '/invoice/de_2021.eml', 'utf-8');\nconst result = await Parser.parseMail(mail);\nassert.strictEqual(result.type, 'invoice');\nassert.strictEqual(result.to, '**********@tgtg-ical.sebbo.net');\nassert.strictEqual(result.orderId, 'dfaxqeu6f8d');\nassert.ok(result.invoicedAt.isSame(moment('2021-04-30T15:22:55.000Z')));",
                  "err": {},
                  "uuid": "a5bf96de-dfe8-4707-a504-a06ba2e2d6c0",
                  "parentUUID": "2f8d52c2-53a4-4a4c-b3a0-49a2f9d5f825",
                  "isHook": false,
                  "skipped": false
                },
                {
                  "title": "should detect invoice mails (2023)",
                  "fullTitle": "Parser parseMail should detect invoice mails (2023)",
                  "timedOut": false,
                  "duration": 7,
                  "state": "passed",
                  "speed": "fast",
                  "pass": true,
                  "fail": false,
                  "pending": false,
                  "context": null,
                  "code": "const mail = await readFile(fixtures + '/invoice/de_2023.eml', 'utf-8');\nconst result = await Parser.parseMail(mail);\nassert.strictEqual(result.type, 'invoice');\nassert.strictEqual(result.to, '**********@tgtg-ical.sebbo.net');\nassert.strictEqual(result.orderId, 'rio3sec8wgb');\nassert.ok(result.invoicedAt.isSame(moment('2023-07-24T17:29:16.000Z')));",
                  "err": {},
                  "uuid": "0d5116de-ee5f-4039-9d64-43687fecd7da",
                  "parentUUID": "2f8d52c2-53a4-4a4c-b3a0-49a2f9d5f825",
                  "isHook": false,
                  "skipped": false
                },
                {
                  "title": "should detect cancellation mails (1)",
                  "fullTitle": "Parser parseMail should detect cancellation mails (1)",
                  "timedOut": false,
                  "duration": 11,
                  "state": "passed",
                  "speed": "fast",
                  "pass": true,
                  "fail": false,
                  "pending": false,
                  "context": null,
                  "code": "const mail = await readFile(fixtures + '/cancellation/de_1.eml', 'utf-8');\nconst result = await Parser.parseMail(mail);\nassert.strictEqual(result.type, 'cancel');\nassert.strictEqual(result.to, '**********@tgtg-ical.sebbo.net');\nassert.strictEqual(result.orderId, 'gd3sypjntuz');\nassert.ok(result.cancelledAt.isSame(moment('2023-07-05T17:23:43.000Z')));",
                  "err": {},
                  "uuid": "1d599738-4d3a-4d66-b75e-c79c72de1b97",
                  "parentUUID": "2f8d52c2-53a4-4a4c-b3a0-49a2f9d5f825",
                  "isHook": false,
                  "skipped": false
                },
                {
                  "title": "should detect cancellation mails (2)",
                  "fullTitle": "Parser parseMail should detect cancellation mails (2)",
                  "timedOut": false,
                  "duration": 5,
                  "state": "passed",
                  "speed": "fast",
                  "pass": true,
                  "fail": false,
                  "pending": false,
                  "context": null,
                  "code": "const mail = await readFile(fixtures + '/cancellation/de_2.eml', 'utf-8');\nconst result = await Parser.parseMail(mail);\nassert.strictEqual(result.type, 'cancel');\nassert.strictEqual(result.to, '**********@tgtg-ical.sebbo.net');\nassert.strictEqual(result.orderId, 'q3uxig9diky');\nassert.ok(result.cancelledAt.isSame(moment('2023-03-09T12:08:29.000Z')));",
                  "err": {},
                  "uuid": "63ea16b1-36e0-4bbf-9064-723cb28cf5fb",
                  "parentUUID": "2f8d52c2-53a4-4a4c-b3a0-49a2f9d5f825",
                  "isHook": false,
                  "skipped": false
                }
              ],
              "suites": [],
              "passes": [
                "fb5a4be1-a050-4a61-ac16-b1b425dfd92a",
                "b91dfdec-382e-4819-bbe3-001ca43bb319",
                "f668835a-e473-4558-adc7-4e68d5abe0e9",
                "da44c660-19b8-45f0-851e-8dd1f94c29c7",
                "7c02008f-e183-4dce-ae5a-9c1e0284bfc8",
                "a5bf96de-dfe8-4707-a504-a06ba2e2d6c0",
                "0d5116de-ee5f-4039-9d64-43687fecd7da",
                "1d599738-4d3a-4d66-b75e-c79c72de1b97",
                "63ea16b1-36e0-4bbf-9064-723cb28cf5fb"
              ],
              "failures": [],
              "pending": [],
              "skipped": [],
              "duration": 210,
              "root": false,
              "rootEmpty": false,
              "_timeout": 2000
            }
          ],
          "passes": [],
          "failures": [],
          "pending": [],
          "skipped": [],
          "duration": 0,
          "root": false,
          "rootEmpty": false,
          "_timeout": 2000
        }
      ],
      "passes": [],
      "failures": [],
      "pending": [],
      "skipped": [],
      "duration": 0,
      "root": true,
      "rootEmpty": true,
      "_timeout": 2000
    }
  ],
  "meta": {
    "mocha": {
      "version": "10.2.0"
    },
    "mochawesome": {
      "options": {
        "quiet": false,
        "reportFilename": "mochawesome",
        "saveHtml": true,
        "saveJson": true,
        "consoleReporter": "spec",
        "useInlineDiffs": false,
        "code": true
      },
      "version": "7.1.3"
    },
    "marge": {
      "options": null,
      "version": "6.2.0"
    }
  }
}