{
  "stats": {
    "suites": 2,
    "tests": 12,
    "passes": 12,
    "pending": 0,
    "failures": 0,
    "start": "2024-12-30T13:32:48.094Z",
    "end": "2024-12-30T13:32:48.380Z",
    "duration": 286,
    "testsRegistered": 12,
    "passPercent": 100,
    "pendingPercent": 0,
    "other": 0,
    "hasOther": false,
    "skipped": 0,
    "hasSkipped": false
  },
  "results": [
    {
      "uuid": "e4da3208-959a-44c8-a392-1d4002a0f535",
      "title": "",
      "fullFile": "/home/runner/work/tgtg-ical/tgtg-ical/test/lib/parser.spec.ts",
      "file": "/test/lib/parser.spec.ts",
      "beforeHooks": [],
      "afterHooks": [],
      "tests": [],
      "suites": [
        {
          "uuid": "f99f59a2-eaab-41b5-8c7a-ce76ae02adbc",
          "title": "Parser",
          "fullFile": "/home/runner/work/tgtg-ical/tgtg-ical/test/lib/parser.spec.ts",
          "file": "/test/lib/parser.spec.ts",
          "beforeHooks": [],
          "afterHooks": [],
          "tests": [],
          "suites": [
            {
              "uuid": "beeea559-085e-4886-83c4-dc954040ba9a",
              "title": "parseMail",
              "fullFile": "/home/runner/work/tgtg-ical/tgtg-ical/test/lib/parser.spec.ts",
              "file": "/test/lib/parser.spec.ts",
              "beforeHooks": [],
              "afterHooks": [],
              "tests": [
                {
                  "title": "should parse order mails (2024)",
                  "fullTitle": "Parser parseMail should parse order mails (2024)",
                  "timedOut": false,
                  "duration": 202,
                  "state": "passed",
                  "speed": "slow",
                  "pass": true,
                  "fail": false,
                  "pending": false,
                  "context": null,
                  "code": "const mail=await readFile(fixtures+\"/order/de_2024.eml\",\"utf-8\");const result=await Parser.parseMail(mail);assert.ok(result);assert.strictEqual(result.type,\"order\");assert.strictEqual(result.orderId,\"e8344qmk23750\");assert.strictEqual(result.location.name,\"Nordsee - Spandauer Stra\\xDFe\");assert.strictEqual(result.location.address,\"Spandauer Str. 4, 10178 Berlin, Deutschland\");assert.ok(result.time.from.isSame(moment.tz(\"2024-10-21T18:00:00.000\",\"Europe/Berlin\")));assert.ok(result.time.to.isSame(moment.tz(\"2024-10-21T18:30:00.000\",\"Europe/Berlin\")));assert.strictEqual(result.amount,2);assert.strictEqual(result.price,800)",
                  "err": {},
                  "uuid": "c9f58a59-4d38-4a14-b796-8c9e13fca378",
                  "parentUUID": "beeea559-085e-4886-83c4-dc954040ba9a",
                  "isHook": false,
                  "skipped": false
                },
                {
                  "title": "should parse order mails (2023)",
                  "fullTitle": "Parser parseMail should parse order mails (2023)",
                  "timedOut": false,
                  "duration": 7,
                  "state": "passed",
                  "speed": "fast",
                  "pass": true,
                  "fail": false,
                  "pending": false,
                  "context": null,
                  "code": "const mail=await readFile(fixtures+\"/order/de_2023.eml\",\"utf-8\");const result=await Parser.parseMail(mail);assert.ok(result);assert.strictEqual(result.type,\"order\");assert.strictEqual(result.orderId,\"rio3sec8wgb\");assert.deepStrictEqual(result.location,{name:\"Nordsee - Spandauer Stra\\xDFe\",address:\"Spandauer Str. 4, 10178 Berlin, Deutschland\"});assert.ok(result.time.from.isSame(moment.tz(\"2023-07-24T18:30:00.000\",\"Europe/Berlin\")));assert.ok(result.time.to.isSame(moment.tz(\"2023-07-24T19:00:00.000\",\"Europe/Berlin\")));assert.strictEqual(result.amount,2);assert.strictEqual(result.price,700)",
                  "err": {},
                  "uuid": "1da8fb39-cd60-4cd4-98e0-acd734a8b0ef",
                  "parentUUID": "beeea559-085e-4886-83c4-dc954040ba9a",
                  "isHook": false,
                  "skipped": false
                },
                {
                  "title": "should parse order mails (2023 + HTML encoding)",
                  "fullTitle": "Parser parseMail should parse order mails (2023 + HTML encoding)",
                  "timedOut": false,
                  "duration": 5,
                  "state": "passed",
                  "speed": "fast",
                  "pass": true,
                  "fail": false,
                  "pending": false,
                  "context": null,
                  "code": "const mail=await readFile(fixtures+\"/order/de_2023_encoding.eml\",\"utf-8\");const result=await Parser.parseMail(mail);assert.ok(result);assert.strictEqual(result.type,\"order\");assert.strictEqual(result.orderId,\"kknd37xqvo3\");assert.deepStrictEqual(result.location,{name:\"Crunchy & Soft Bakery\",address:\"Alte Jakobstra\\xDFe 77, 10179 Berlin, Deutschland\"});assert.ok(result.time.from.isSame(moment.tz(\"2023-10-27T10:00:00.000\",\"Europe/Berlin\")));assert.ok(result.time.to.isSame(moment.tz(\"2023-10-27T11:00:00.000\",\"Europe/Berlin\")));assert.strictEqual(result.amount,1);assert.strictEqual(result.price,300)",
                  "err": {},
                  "uuid": "5c1c61bd-c7e3-488f-b9f0-b13ab0588e0a",
                  "parentUUID": "beeea559-085e-4886-83c4-dc954040ba9a",
                  "isHook": false,
                  "skipped": false
                },
                {
                  "title": "should parse order mails (2021)",
                  "fullTitle": "Parser parseMail should parse order mails (2021)",
                  "timedOut": false,
                  "duration": 8,
                  "state": "passed",
                  "speed": "fast",
                  "pass": true,
                  "fail": false,
                  "pending": false,
                  "context": null,
                  "code": "const mail=await readFile(fixtures+\"/order/de_2021.eml\",\"utf-8\");const result=await Parser.parseMail(mail);assert.ok(result);assert.strictEqual(result.type,\"order\");assert.strictEqual(result.orderId,\"dfaxqeu6f8d\");assert.deepStrictEqual(result.location,{name:\"Kamps Backstube - Checkpoint Charlie\",address:\"Friedrichstra\\xDFe 41, 10969 Berlin, Deutschland\"});const year=moment(result.time.order).year();assert.ok(result.time.from.isSame(moment.tz(year+\"-04-30T16:30:00.000\",\"Europe/Berlin\")));assert.ok(result.time.to.isSame(moment.tz(year+\"-04-30T17:00:00.000\",\"Europe/Berlin\")));assert.strictEqual(result.amount,1);assert.strictEqual(result.price,430)",
                  "err": {},
                  "uuid": "88680a26-2484-4a97-80a5-ba25f296c28d",
                  "parentUUID": "beeea559-085e-4886-83c4-dc954040ba9a",
                  "isHook": false,
                  "skipped": false
                },
                {
                  "title": "should parse order mails (2020)",
                  "fullTitle": "Parser parseMail should parse order mails (2020)",
                  "timedOut": false,
                  "duration": 7,
                  "state": "passed",
                  "speed": "fast",
                  "pass": true,
                  "fail": false,
                  "pending": false,
                  "context": null,
                  "code": "const mail=await readFile(fixtures+\"/order/de_2020.eml\",\"utf-8\");const result=await Parser.parseMail(mail);assert.ok(result);assert.strictEqual(result.type,\"order\");assert.strictEqual(result.orderId,\"too38e9h7io\");assert.deepStrictEqual(result.location,{name:\"Rice On! - Berlin\",address:\"Europaplatz 1, 10557 Berlin, Deutschland\"});assert.ok(result.time.from.isSame(moment.tz(\"2020-07-29T18:30:00.000\",\"Europe/Berlin\")));assert.ok(result.time.to.isSame(moment.tz(\"2020-07-29T19:00:00.000\",\"Europe/Berlin\")));assert.strictEqual(result.amount,1);assert.strictEqual(result.price,400)",
                  "err": {},
                  "uuid": "5c6562aa-dc62-442a-88d4-0b9662d5c97b",
                  "parentUUID": "beeea559-085e-4886-83c4-dc954040ba9a",
                  "isHook": false,
                  "skipped": false
                },
                {
                  "title": "should parse time changes (2023)",
                  "fullTitle": "Parser parseMail should parse time changes (2023)",
                  "timedOut": false,
                  "duration": 8,
                  "state": "passed",
                  "speed": "fast",
                  "pass": true,
                  "fail": false,
                  "pending": false,
                  "context": null,
                  "code": "const mail=await readFile(fixtures+\"/time-changed/de_2023.eml\",\"utf-8\");const result=await Parser.parseMail(mail);assert.ok(result);assert.strictEqual(result.type,\"change\");assert.strictEqual(result.orderId,\"ecqpn6ux8sd\");assert.ok(result.time.from.isSame(moment.tz(\"2023-06-28T18:20:00.000\",\"Europe/Berlin\")),`${result.time.from.toJSON()} === 2023-06-28T18:20:00.000`);assert.ok(result.time.to.isSame(moment.tz(\"2023-06-28T19:30:00.000\",\"Europe/Berlin\")),`${result.time.to.toJSON()} === 2023-06-28T19:30:00.000`)",
                  "err": {},
                  "uuid": "28e85907-e953-4b56-94ba-ca05dc722031",
                  "parentUUID": "beeea559-085e-4886-83c4-dc954040ba9a",
                  "isHook": false,
                  "skipped": false
                },
                {
                  "title": "should parse time changes (2024)",
                  "fullTitle": "Parser parseMail should parse time changes (2024)",
                  "timedOut": false,
                  "duration": 8,
                  "state": "passed",
                  "speed": "fast",
                  "pass": true,
                  "fail": false,
                  "pending": false,
                  "context": null,
                  "code": "const mail=await readFile(fixtures+\"/time-changed/de_2024.eml\",\"utf-8\");const result=await Parser.parseMail(mail);assert.ok(result);assert.strictEqual(result.type,\"change\");assert.strictEqual(result.orderId,\"8grepd07bgz\");assert.ok(result.time.from.isSame(moment.tz(\"2024-01-10T15:30:00.000\",\"Europe/Berlin\")),`${result.time.from.toJSON()} === 2024-01-10T15:30:00.000`);assert.ok(result.time.to.isSame(moment.tz(\"2024-01-10T15:45:00.000\",\"Europe/Berlin\")),`${result.time.to.toJSON()} === 2024-01-10T15:45:00.000`)",
                  "err": {},
                  "uuid": "8ffd0c25-f959-4099-b41b-191074f935fa",
                  "parentUUID": "beeea559-085e-4886-83c4-dc954040ba9a",
                  "isHook": false,
                  "skipped": false
                },
                {
                  "title": "should detect invoice mails (2020)",
                  "fullTitle": "Parser parseMail should detect invoice mails (2020)",
                  "timedOut": false,
                  "duration": 7,
                  "state": "passed",
                  "speed": "fast",
                  "pass": true,
                  "fail": false,
                  "pending": false,
                  "context": null,
                  "code": "const mail=await readFile(fixtures+\"/invoice/de_2020.eml\",\"utf-8\");const result=await Parser.parseMail(mail);assert.ok(result);assert.strictEqual(result.type,\"invoice\");assert.strictEqual(result.to,\"**********@tgtg-ical.sebbo.net\");assert.strictEqual(result.orderId,\"too38e9h7io\");assert.ok(result.invoicedAt.isSame(moment(\"2020-07-29T18:17:44.000Z\")))",
                  "err": {},
                  "uuid": "e3775c9c-219b-4652-94f0-27ecd6540175",
                  "parentUUID": "beeea559-085e-4886-83c4-dc954040ba9a",
                  "isHook": false,
                  "skipped": false
                },
                {
                  "title": "should detect invoice mails (2021)",
                  "fullTitle": "Parser parseMail should detect invoice mails (2021)",
                  "timedOut": false,
                  "duration": 7,
                  "state": "passed",
                  "speed": "fast",
                  "pass": true,
                  "fail": false,
                  "pending": false,
                  "context": null,
                  "code": "const mail=await readFile(fixtures+\"/invoice/de_2021.eml\",\"utf-8\");const result=await Parser.parseMail(mail);assert.ok(result);assert.strictEqual(result.type,\"invoice\");assert.strictEqual(result.to,\"**********@tgtg-ical.sebbo.net\");assert.strictEqual(result.orderId,\"dfaxqeu6f8d\");assert.ok(result.invoicedAt.isSame(moment(\"2021-04-30T15:22:55.000Z\")))",
                  "err": {},
                  "uuid": "ce24d730-907a-4df0-86c7-24772a73f8ed",
                  "parentUUID": "beeea559-085e-4886-83c4-dc954040ba9a",
                  "isHook": false,
                  "skipped": false
                },
                {
                  "title": "should detect invoice mails (2023)",
                  "fullTitle": "Parser parseMail should detect invoice mails (2023)",
                  "timedOut": false,
                  "duration": 10,
                  "state": "passed",
                  "speed": "fast",
                  "pass": true,
                  "fail": false,
                  "pending": false,
                  "context": null,
                  "code": "const mail=await readFile(fixtures+\"/invoice/de_2023.eml\",\"utf-8\");const result=await Parser.parseMail(mail);assert.ok(result);assert.strictEqual(result.type,\"invoice\");assert.strictEqual(result.to,\"**********@tgtg-ical.sebbo.net\");assert.strictEqual(result.orderId,\"rio3sec8wgb\");assert.ok(result.invoicedAt.isSame(moment(\"2023-07-24T17:29:16.000Z\")))",
                  "err": {},
                  "uuid": "b079b130-0a92-47e2-8bde-ff44057724ab",
                  "parentUUID": "beeea559-085e-4886-83c4-dc954040ba9a",
                  "isHook": false,
                  "skipped": false
                },
                {
                  "title": "should detect cancellation mails (1)",
                  "fullTitle": "Parser parseMail should detect cancellation mails (1)",
                  "timedOut": false,
                  "duration": 5,
                  "state": "passed",
                  "speed": "fast",
                  "pass": true,
                  "fail": false,
                  "pending": false,
                  "context": null,
                  "code": "const mail=await readFile(fixtures+\"/cancellation/de_1.eml\",\"utf-8\");const result=await Parser.parseMail(mail);assert.ok(result);assert.strictEqual(result.type,\"cancel\");assert.strictEqual(result.to,\"**********@tgtg-ical.sebbo.net\");assert.strictEqual(result.orderId,\"gd3sypjntuz\");assert.ok(result.cancelledAt.isSame(moment(\"2023-07-05T17:23:43.000Z\")))",
                  "err": {},
                  "uuid": "0099f6b1-aa94-4ff2-94de-f97197955c85",
                  "parentUUID": "beeea559-085e-4886-83c4-dc954040ba9a",
                  "isHook": false,
                  "skipped": false
                },
                {
                  "title": "should detect cancellation mails (2)",
                  "fullTitle": "Parser parseMail should detect cancellation mails (2)",
                  "timedOut": false,
                  "duration": 4,
                  "state": "passed",
                  "speed": "fast",
                  "pass": true,
                  "fail": false,
                  "pending": false,
                  "context": null,
                  "code": "const mail=await readFile(fixtures+\"/cancellation/de_2.eml\",\"utf-8\");const result=await Parser.parseMail(mail);assert.ok(result);assert.strictEqual(result.type,\"cancel\");assert.strictEqual(result.to,\"**********@tgtg-ical.sebbo.net\");assert.strictEqual(result.orderId,\"q3uxig9diky\");assert.ok(result.cancelledAt.isSame(moment(\"2023-03-09T12:08:29.000Z\")))",
                  "err": {},
                  "uuid": "5c65eb37-a539-40ca-94b2-befd4c69da9e",
                  "parentUUID": "beeea559-085e-4886-83c4-dc954040ba9a",
                  "isHook": false,
                  "skipped": false
                }
              ],
              "suites": [],
              "passes": [
                "c9f58a59-4d38-4a14-b796-8c9e13fca378",
                "1da8fb39-cd60-4cd4-98e0-acd734a8b0ef",
                "5c1c61bd-c7e3-488f-b9f0-b13ab0588e0a",
                "88680a26-2484-4a97-80a5-ba25f296c28d",
                "5c6562aa-dc62-442a-88d4-0b9662d5c97b",
                "28e85907-e953-4b56-94ba-ca05dc722031",
                "8ffd0c25-f959-4099-b41b-191074f935fa",
                "e3775c9c-219b-4652-94f0-27ecd6540175",
                "ce24d730-907a-4df0-86c7-24772a73f8ed",
                "b079b130-0a92-47e2-8bde-ff44057724ab",
                "0099f6b1-aa94-4ff2-94de-f97197955c85",
                "5c65eb37-a539-40ca-94b2-befd4c69da9e"
              ],
              "failures": [],
              "pending": [],
              "skipped": [],
              "duration": 278,
              "root": false,
              "rootEmpty": false,
              "_timeout": 2000
            }
          ],
          "passes": [],
          "failures": [],
          "pending": [],
          "skipped": [],
          "duration": 0,
          "root": false,
          "rootEmpty": false,
          "_timeout": 2000
        }
      ],
      "passes": [],
      "failures": [],
      "pending": [],
      "skipped": [],
      "duration": 0,
      "root": true,
      "rootEmpty": true,
      "_timeout": 2000
    }
  ],
  "meta": {
    "mocha": {
      "version": "10.8.2"
    },
    "mochawesome": {
      "options": {
        "quiet": false,
        "reportFilename": "mochawesome",
        "saveHtml": true,
        "saveJson": true,
        "consoleReporter": "spec",
        "useInlineDiffs": false,
        "code": true
      },
      "version": "7.1.3"
    },
    "marge": {
      "options": null,
      "version": "6.2.0"
    }
  }
}