{
  "stats": {
    "suites": 2,
    "tests": 11,
    "passes": 11,
    "pending": 0,
    "failures": 0,
    "start": "2024-08-11T09:57:41.722Z",
    "end": "2024-08-11T09:57:41.921Z",
    "duration": 199,
    "testsRegistered": 11,
    "passPercent": 100,
    "pendingPercent": 0,
    "other": 0,
    "hasOther": false,
    "skipped": 0,
    "hasSkipped": false
  },
  "results": [
    {
      "uuid": "ec279f74-8355-49ef-b1a0-c906007701a5",
      "title": "",
      "fullFile": "/home/runner/work/tgtg-ical/tgtg-ical/test/lib/parser.spec.ts",
      "file": "/test/lib/parser.spec.ts",
      "beforeHooks": [],
      "afterHooks": [],
      "tests": [],
      "suites": [
        {
          "uuid": "356abe35-3d7e-46e6-85ec-eb0af1257217",
          "title": "Parser",
          "fullFile": "/home/runner/work/tgtg-ical/tgtg-ical/test/lib/parser.spec.ts",
          "file": "/test/lib/parser.spec.ts",
          "beforeHooks": [],
          "afterHooks": [],
          "tests": [],
          "suites": [
            {
              "uuid": "3cb950b4-b470-47a7-86ca-d52f7bc27d65",
              "title": "parseMail",
              "fullFile": "/home/runner/work/tgtg-ical/tgtg-ical/test/lib/parser.spec.ts",
              "file": "/test/lib/parser.spec.ts",
              "beforeHooks": [],
              "afterHooks": [],
              "tests": [
                {
                  "title": "should parse order mails (2023)",
                  "fullTitle": "Parser parseMail should parse order mails (2023)",
                  "timedOut": false,
                  "duration": 129,
                  "state": "passed",
                  "speed": "slow",
                  "pass": true,
                  "fail": false,
                  "pending": false,
                  "context": null,
                  "code": "const mail = await readFile(fixtures + '/order/de_2023.eml', 'utf-8');\nconst result = await Parser.parseMail(mail);\nassert.ok(result);\nassert.strictEqual(result.type, 'order');\nassert.strictEqual(result.orderId, 'rio3sec8wgb');\nassert.deepStrictEqual(result.location, {\n    name: 'Nordsee - Spandauer Straße',\n    address: 'Spandauer Str. 4, 10178 Berlin, Deutschland'\n});\nassert.ok(result.time.from.isSame(moment.tz('2023-07-24T18:30:00.000', 'Europe/Berlin')));\nassert.ok(result.time.to.isSame(moment.tz('2023-07-24T19:00:00.000', 'Europe/Berlin')));\nassert.strictEqual(result.amount, 2);\nassert.strictEqual(result.price, 700);",
                  "err": {},
                  "uuid": "f3c804a4-bded-4e58-9727-b46ad6ffb1f8",
                  "parentUUID": "3cb950b4-b470-47a7-86ca-d52f7bc27d65",
                  "isHook": false,
                  "skipped": false
                },
                {
                  "title": "should parse order mails (2023 + HTML encoding)",
                  "fullTitle": "Parser parseMail should parse order mails (2023 + HTML encoding)",
                  "timedOut": false,
                  "duration": 11,
                  "state": "passed",
                  "speed": "fast",
                  "pass": true,
                  "fail": false,
                  "pending": false,
                  "context": null,
                  "code": "const mail = await readFile(fixtures + '/order/de_2023_encoding.eml', 'utf-8');\nconst result = await Parser.parseMail(mail);\nassert.ok(result);\nassert.strictEqual(result.type, 'order');\nassert.strictEqual(result.orderId, 'kknd37xqvo3');\nassert.deepStrictEqual(result.location, {\n    name: 'Crunchy & Soft Bakery',\n    address: 'Alte Jakobstraße 77, 10179 Berlin, Deutschland'\n});\nassert.ok(result.time.from.isSame(moment.tz('2023-10-27T10:00:00.000', 'Europe/Berlin')));\nassert.ok(result.time.to.isSame(moment.tz('2023-10-27T11:00:00.000', 'Europe/Berlin')));\nassert.strictEqual(result.amount, 1);\nassert.strictEqual(result.price, 300);",
                  "err": {},
                  "uuid": "907c354a-c875-41bc-8ab8-5cf5c7915193",
                  "parentUUID": "3cb950b4-b470-47a7-86ca-d52f7bc27d65",
                  "isHook": false,
                  "skipped": false
                },
                {
                  "title": "should parse order mails (2021)",
                  "fullTitle": "Parser parseMail should parse order mails (2021)",
                  "timedOut": false,
                  "duration": 6,
                  "state": "passed",
                  "speed": "fast",
                  "pass": true,
                  "fail": false,
                  "pending": false,
                  "context": null,
                  "code": "const mail = await readFile(fixtures + '/order/de_2021.eml', 'utf-8');\nconst result = await Parser.parseMail(mail);\nassert.ok(result);\nassert.strictEqual(result.type, 'order');\nassert.strictEqual(result.orderId, 'dfaxqeu6f8d');\nassert.deepStrictEqual(result.location, {\n    name: 'Kamps Backstube - Checkpoint Charlie',\n    address: 'Friedrichstraße 41, 10969 Berlin, Deutschland'\n});\nconst year = moment(result.time.order).year();\nassert.ok(result.time.from.isSame(moment.tz(year + '-04-30T16:30:00.000', 'Europe/Berlin')));\nassert.ok(result.time.to.isSame(moment.tz(year + '-04-30T17:00:00.000', 'Europe/Berlin')));\nassert.strictEqual(result.amount, 1);\nassert.strictEqual(result.price, 430);",
                  "err": {},
                  "uuid": "9a39e083-9f29-40b0-9264-99ed840b045e",
                  "parentUUID": "3cb950b4-b470-47a7-86ca-d52f7bc27d65",
                  "isHook": false,
                  "skipped": false
                },
                {
                  "title": "should parse order mails (2020)",
                  "fullTitle": "Parser parseMail should parse order mails (2020)",
                  "timedOut": false,
                  "duration": 8,
                  "state": "passed",
                  "speed": "fast",
                  "pass": true,
                  "fail": false,
                  "pending": false,
                  "context": null,
                  "code": "const mail = await readFile(fixtures + '/order/de_2020.eml', 'utf-8');\nconst result = await Parser.parseMail(mail);\nassert.ok(result);\nassert.strictEqual(result.type, 'order');\nassert.strictEqual(result.orderId, 'too38e9h7io');\nassert.deepStrictEqual(result.location, {\n    name: 'Rice On! - Berlin',\n    address: 'Europaplatz 1, 10557 Berlin, Deutschland'\n});\nassert.ok(result.time.from.isSame(moment.tz('2020-07-29T18:30:00.000', 'Europe/Berlin')));\nassert.ok(result.time.to.isSame(moment.tz('2020-07-29T19:00:00.000', 'Europe/Berlin')));\nassert.strictEqual(result.amount, 1);\nassert.strictEqual(result.price, 400);",
                  "err": {},
                  "uuid": "84dd6e97-9477-4398-8701-166f7af895c9",
                  "parentUUID": "3cb950b4-b470-47a7-86ca-d52f7bc27d65",
                  "isHook": false,
                  "skipped": false
                },
                {
                  "title": "should parse time changes (2023)",
                  "fullTitle": "Parser parseMail should parse time changes (2023)",
                  "timedOut": false,
                  "duration": 6,
                  "state": "passed",
                  "speed": "fast",
                  "pass": true,
                  "fail": false,
                  "pending": false,
                  "context": null,
                  "code": "const mail = await readFile(fixtures + '/time-changed/de_2023.eml', 'utf-8');\nconst result = await Parser.parseMail(mail);\nassert.ok(result);\nassert.strictEqual(result.type, 'change');\nassert.strictEqual(result.orderId, 'ecqpn6ux8sd');\nassert.ok(result.time.from.isSame(moment.tz('2023-06-28T18:20:00.000', 'Europe/Berlin')), `${result.time.from.toJSON()} === 2023-06-28T18:20:00.000`);\nassert.ok(result.time.to.isSame(moment.tz('2023-06-28T19:30:00.000', 'Europe/Berlin')), `${result.time.to.toJSON()} === 2023-06-28T19:30:00.000`);",
                  "err": {},
                  "uuid": "6b711799-a340-4b3a-8b25-33c034d5fd6b",
                  "parentUUID": "3cb950b4-b470-47a7-86ca-d52f7bc27d65",
                  "isHook": false,
                  "skipped": false
                },
                {
                  "title": "should parse time changes (2024)",
                  "fullTitle": "Parser parseMail should parse time changes (2024)",
                  "timedOut": false,
                  "duration": 6,
                  "state": "passed",
                  "speed": "fast",
                  "pass": true,
                  "fail": false,
                  "pending": false,
                  "context": null,
                  "code": "const mail = await readFile(fixtures + '/time-changed/de_2024.eml', 'utf-8');\nconst result = await Parser.parseMail(mail);\nassert.ok(result);\nassert.strictEqual(result.type, 'change');\nassert.strictEqual(result.orderId, '8grepd07bgz');\nassert.ok(result.time.from.isSame(moment.tz('2024-01-10T15:30:00.000', 'Europe/Berlin')), `${result.time.from.toJSON()} === 2024-01-10T15:30:00.000`);\nassert.ok(result.time.to.isSame(moment.tz('2024-01-10T15:45:00.000', 'Europe/Berlin')), `${result.time.to.toJSON()} === 2024-01-10T15:45:00.000`);",
                  "err": {},
                  "uuid": "e88875ab-f320-4131-a380-8e38c6674a38",
                  "parentUUID": "3cb950b4-b470-47a7-86ca-d52f7bc27d65",
                  "isHook": false,
                  "skipped": false
                },
                {
                  "title": "should detect invoice mails (2020)",
                  "fullTitle": "Parser parseMail should detect invoice mails (2020)",
                  "timedOut": false,
                  "duration": 5,
                  "state": "passed",
                  "speed": "fast",
                  "pass": true,
                  "fail": false,
                  "pending": false,
                  "context": null,
                  "code": "const mail = await readFile(fixtures + '/invoice/de_2020.eml', 'utf-8');\nconst result = await Parser.parseMail(mail);\nassert.ok(result);\nassert.strictEqual(result.type, 'invoice');\nassert.strictEqual(result.to, '**********@tgtg-ical.sebbo.net');\nassert.strictEqual(result.orderId, 'too38e9h7io');\nassert.ok(result.invoicedAt.isSame(moment('2020-07-29T18:17:44.000Z')));",
                  "err": {},
                  "uuid": "69cdcbcc-ecec-4b01-9934-6ce3d23201b9",
                  "parentUUID": "3cb950b4-b470-47a7-86ca-d52f7bc27d65",
                  "isHook": false,
                  "skipped": false
                },
                {
                  "title": "should detect invoice mails (2021)",
                  "fullTitle": "Parser parseMail should detect invoice mails (2021)",
                  "timedOut": false,
                  "duration": 5,
                  "state": "passed",
                  "speed": "fast",
                  "pass": true,
                  "fail": false,
                  "pending": false,
                  "context": null,
                  "code": "const mail = await readFile(fixtures + '/invoice/de_2021.eml', 'utf-8');\nconst result = await Parser.parseMail(mail);\nassert.ok(result);\nassert.strictEqual(result.type, 'invoice');\nassert.strictEqual(result.to, '**********@tgtg-ical.sebbo.net');\nassert.strictEqual(result.orderId, 'dfaxqeu6f8d');\nassert.ok(result.invoicedAt.isSame(moment('2021-04-30T15:22:55.000Z')));",
                  "err": {},
                  "uuid": "6e22e997-0720-41cf-958b-5aa4dc1e7228",
                  "parentUUID": "3cb950b4-b470-47a7-86ca-d52f7bc27d65",
                  "isHook": false,
                  "skipped": false
                },
                {
                  "title": "should detect invoice mails (2023)",
                  "fullTitle": "Parser parseMail should detect invoice mails (2023)",
                  "timedOut": false,
                  "duration": 9,
                  "state": "passed",
                  "speed": "fast",
                  "pass": true,
                  "fail": false,
                  "pending": false,
                  "context": null,
                  "code": "const mail = await readFile(fixtures + '/invoice/de_2023.eml', 'utf-8');\nconst result = await Parser.parseMail(mail);\nassert.ok(result);\nassert.strictEqual(result.type, 'invoice');\nassert.strictEqual(result.to, '**********@tgtg-ical.sebbo.net');\nassert.strictEqual(result.orderId, 'rio3sec8wgb');\nassert.ok(result.invoicedAt.isSame(moment('2023-07-24T17:29:16.000Z')));",
                  "err": {},
                  "uuid": "b84f1ab9-7643-455d-819d-7320b3bd5f5c",
                  "parentUUID": "3cb950b4-b470-47a7-86ca-d52f7bc27d65",
                  "isHook": false,
                  "skipped": false
                },
                {
                  "title": "should detect cancellation mails (1)",
                  "fullTitle": "Parser parseMail should detect cancellation mails (1)",
                  "timedOut": false,
                  "duration": 4,
                  "state": "passed",
                  "speed": "fast",
                  "pass": true,
                  "fail": false,
                  "pending": false,
                  "context": null,
                  "code": "const mail = await readFile(fixtures + '/cancellation/de_1.eml', 'utf-8');\nconst result = await Parser.parseMail(mail);\nassert.ok(result);\nassert.strictEqual(result.type, 'cancel');\nassert.strictEqual(result.to, '**********@tgtg-ical.sebbo.net');\nassert.strictEqual(result.orderId, 'gd3sypjntuz');\nassert.ok(result.cancelledAt.isSame(moment('2023-07-05T17:23:43.000Z')));",
                  "err": {},
                  "uuid": "66d6d443-b9b2-4aaa-a9c0-e2feeb794635",
                  "parentUUID": "3cb950b4-b470-47a7-86ca-d52f7bc27d65",
                  "isHook": false,
                  "skipped": false
                },
                {
                  "title": "should detect cancellation mails (2)",
                  "fullTitle": "Parser parseMail should detect cancellation mails (2)",
                  "timedOut": false,
                  "duration": 4,
                  "state": "passed",
                  "speed": "fast",
                  "pass": true,
                  "fail": false,
                  "pending": false,
                  "context": null,
                  "code": "const mail = await readFile(fixtures + '/cancellation/de_2.eml', 'utf-8');\nconst result = await Parser.parseMail(mail);\nassert.ok(result);\nassert.strictEqual(result.type, 'cancel');\nassert.strictEqual(result.to, '**********@tgtg-ical.sebbo.net');\nassert.strictEqual(result.orderId, 'q3uxig9diky');\nassert.ok(result.cancelledAt.isSame(moment('2023-03-09T12:08:29.000Z')));",
                  "err": {},
                  "uuid": "c4104494-0be5-469b-af5f-16f663777179",
                  "parentUUID": "3cb950b4-b470-47a7-86ca-d52f7bc27d65",
                  "isHook": false,
                  "skipped": false
                }
              ],
              "suites": [],
              "passes": [
                "f3c804a4-bded-4e58-9727-b46ad6ffb1f8",
                "907c354a-c875-41bc-8ab8-5cf5c7915193",
                "9a39e083-9f29-40b0-9264-99ed840b045e",
                "84dd6e97-9477-4398-8701-166f7af895c9",
                "6b711799-a340-4b3a-8b25-33c034d5fd6b",
                "e88875ab-f320-4131-a380-8e38c6674a38",
                "69cdcbcc-ecec-4b01-9934-6ce3d23201b9",
                "6e22e997-0720-41cf-958b-5aa4dc1e7228",
                "b84f1ab9-7643-455d-819d-7320b3bd5f5c",
                "66d6d443-b9b2-4aaa-a9c0-e2feeb794635",
                "c4104494-0be5-469b-af5f-16f663777179"
              ],
              "failures": [],
              "pending": [],
              "skipped": [],
              "duration": 193,
              "root": false,
              "rootEmpty": false,
              "_timeout": 2000
            }
          ],
          "passes": [],
          "failures": [],
          "pending": [],
          "skipped": [],
          "duration": 0,
          "root": false,
          "rootEmpty": false,
          "_timeout": 2000
        }
      ],
      "passes": [],
      "failures": [],
      "pending": [],
      "skipped": [],
      "duration": 0,
      "root": true,
      "rootEmpty": true,
      "_timeout": 2000
    }
  ],
  "meta": {
    "mocha": {
      "version": "10.7.0"
    },
    "mochawesome": {
      "options": {
        "quiet": false,
        "reportFilename": "mochawesome",
        "saveHtml": true,
        "saveJson": true,
        "consoleReporter": "spec",
        "useInlineDiffs": false,
        "code": true
      },
      "version": "7.1.3"
    },
    "marge": {
      "options": null,
      "version": "6.2.0"
    }
  }
}